<?xml version="1.0" encoding="UTF-8"?>
  <testsuites tests="95" disabled="4" errors="0" failures="0" time="388.248818345">
      <testsuite name="HyperConverged cluster E2E Test suite" package="/test" tests="95" disabled="0" skipped="4" errors="0" failures="0" time="388.248818345" timestamp="2025-04-23T16:44:37">
          <properties>
              <property name="SuiteSucceeded" value="true"></property>
              <property name="SuiteHasProgrammaticFocus" value="false"></property>
              <property name="SpecialSuiteFailureReason" value=""></property>
              <property name="SuiteLabels" value="[]"></property>
              <property name="RandomSeed" value="1745426677"></property>
              <property name="RandomizeAllSpecs" value="false"></property>
              <property name="LabelFilter" value="!HIGHLY_AVAILABLE_CLUSTER"></property>
              <property name="FocusStrings" value=""></property>
              <property name="SkipStrings" value=""></property>
              <property name="FocusFiles" value=""></property>
              <property name="SkipFiles" value=""></property>
              <property name="FailOnPending" value="false"></property>
              <property name="FailOnEmpty" value="false"></property>
              <property name="FailFast" value="false"></property>
              <property name="FlakeAttempts" value="0"></property>
              <property name="DryRun" value="false"></property>
              <property name="ParallelTotal" value="1"></property>
              <property name="OutputInterceptorMode" value=""></property>
          </properties>
          <testcase name="[BeforeSuite]" classname="HyperConverged cluster E2E Test suite" status="passed" time="0.099875943">
              <system-err>&gt; Enter [BeforeSuite] TOP-LEVEL - /go/src/github.com/kubevirt/hyperconverged-cluster-operator/tests/func-tests/main_test.go:24 @ 04/23/25 16:44:37.586&#xA;STEP: adding temporary route - /go/src/github.com/kubevirt/hyperconverged-cluster-operator/tests/func-tests/main_test.go:48 @ 04/23/25 16:44:37.646&#xA;&lt; Exit [BeforeSuite] TOP-LEVEL - /go/src/github.com/kubevirt/hyperconverged-cluster-operator/tests/func-tests/main_test.go:24 @ 04/23/25 16:44:37.686 (100ms)&#xA;</system-err>
          </testcase>
          <testcase name="[It] [rfe_id:4356][crit:medium][vendor:cnv-qe@redhat.com][level:system]Node Placement validate node placement in workloads nodes [test_id:5677] all expected &#39;workloads&#39; pod must be on workloads node [Serial, HIGHLY_AVAILABLE_CLUSTER, nodePlacement, test_id:5677]" classname="HyperConverged cluster E2E Test suite" status="skipped" time="0">
              <skipped message="skipped"></skipped>
          </testcase>
          <testcase name="[It] [rfe_id:4356][crit:medium][vendor:cnv-qe@redhat.com][level:system]Node Placement validate node placement on infra nodes [test_id:5678] all expected &#39;infra&#39; pod must be on infra node [Serial, HIGHLY_AVAILABLE_CLUSTER, nodePlacement, test_id:5678]" classname="HyperConverged cluster E2E Test suite" status="skipped" time="0">
              <skipped message="skipped"></skipped>
          </testcase>
          <testcase name="[It] Check that the TuningPolicy annotation is configuring the KV object as expected should update KV with the tuningPolicy annotation [Serial, TuningPolicy]" classname="HyperConverged cluster E2E Test suite" status="passed" time="1.440995142">
              <system-err>&gt; Enter [BeforeEach] Check that the TuningPolicy annotation is configuring the KV object as expected - /go/src/github.com/kubevirt/hyperconverged-cluster-operator/tests/func-tests/tuningpolicy_test.go:26 @ 04/23/25 16:44:37.718&#xA;&lt; Exit [BeforeEach] Check that the TuningPolicy annotation is configuring the KV object as expected - /go/src/github.com/kubevirt/hyperconverged-cluster-operator/tests/func-tests/tuningpolicy_test.go:26 @ 04/23/25 16:44:37.728 (11ms)&#xA;&gt; Enter [It] should update KV with the tuningPolicy annotation - /go/src/github.com/kubevirt/hyperconverged-cluster-operator/tests/func-tests/tuningpolicy_test.go:39 @ 04/23/25 16:44:37.728&#xA;&lt; Exit [It] should update KV with the tuningPolicy annotation - /go/src/github.com/kubevirt/hyperconverged-cluster-operator/tests/func-tests/tuningpolicy_test.go:39 @ 04/23/25 16:44:39.108 (1.38s)&#xA;&gt; Enter [AfterEach] Check that the TuningPolicy annotation is configuring the KV object as expected - /go/src/github.com/kubevirt/hyperconverged-cluster-operator/tests/func-tests/tuningpolicy_test.go:30 @ 04/23/25 16:44:39.108&#xA;&lt; Exit [AfterEach] Check that the TuningPolicy annotation is configuring the KV object as expected - /go/src/github.com/kubevirt/hyperconverged-cluster-operator/tests/func-tests/tuningpolicy_test.go:30 @ 04/23/25 16:44:39.159 (51ms)&#xA;</system-err>
          </testcase>
          <testcase name="[It] Check that the TuningPolicy annotation is configuring the KV object as expected should update KV with the highBurst tuningPolicy [Serial, TuningPolicy]" classname="HyperConverged cluster E2E Test suite" status="passed" time="2.205673422">
              <system-err>&gt; Enter [BeforeEach] Check that the TuningPolicy annotation is configuring the KV object as expected - /go/src/github.com/kubevirt/hyperconverged-cluster-operator/tests/func-tests/tuningpolicy_test.go:26 @ 04/23/25 16:44:39.159&#xA;&lt; Exit [BeforeEach] Check that the TuningPolicy annotation is configuring the KV object as expected - /go/src/github.com/kubevirt/hyperconverged-cluster-operator/tests/func-tests/tuningpolicy_test.go:26 @ 04/23/25 16:44:39.16 (1ms)&#xA;&gt; Enter [It] should update KV with the highBurst tuningPolicy - /go/src/github.com/kubevirt/hyperconverged-cluster-operator/tests/func-tests/tuningpolicy_test.go:58 @ 04/23/25 16:44:39.16&#xA;&lt; Exit [It] should update KV with the highBurst tuningPolicy - /go/src/github.com/kubevirt/hyperconverged-cluster-operator/tests/func-tests/tuningpolicy_test.go:58 @ 04/23/25 16:44:41.299 (2.139s)&#xA;&gt; Enter [AfterEach] Check that the TuningPolicy annotation is configuring the KV object as expected - /go/src/github.com/kubevirt/hyperconverged-cluster-operator/tests/func-tests/tuningpolicy_test.go:30 @ 04/23/25 16:44:41.299&#xA;&lt; Exit [AfterEach] Check that the TuningPolicy annotation is configuring the KV object as expected - /go/src/github.com/kubevirt/hyperconverged-cluster-operator/tests/func-tests/tuningpolicy_test.go:30 @ 04/23/25 16:44:41.364 (66ms)&#xA;</system-err>
          </testcase>
          <testcase name="[It] [rfe_id:5672][crit:medium][vendor:cnv-qe@redhat.com][level:system]Dependency objects [test_id:5674]should get the created priority class for critical workloads [PriorityClass, test_id:5674]" classname="HyperConverged cluster E2E Test suite" status="passed" time="0.00507621">
              <system-err>&gt; Enter [BeforeEach] [rfe_id:5672][crit:medium][vendor:cnv-qe@redhat.com][level:system]Dependency objects - /go/src/github.com/kubevirt/hyperconverged-cluster-operator/tests/func-tests/dependency_objects_test.go:21 @ 04/23/25 16:44:41.365&#xA;&lt; Exit [BeforeEach] [rfe_id:5672][crit:medium][vendor:cnv-qe@redhat.com][level:system]Dependency objects - /go/src/github.com/kubevirt/hyperconverged-cluster-operator/tests/func-tests/dependency_objects_test.go:21 @ 04/23/25 16:44:41.368 (3ms)&#xA;&gt; Enter [It] [test_id:5674]should get the created priority class for critical workloads - /go/src/github.com/kubevirt/hyperconverged-cluster-operator/tests/func-tests/dependency_objects_test.go:30 @ 04/23/25 16:44:41.368&#xA;&lt; Exit [It] [test_id:5674]should get the created priority class for critical workloads - /go/src/github.com/kubevirt/hyperconverged-cluster-operator/tests/func-tests/dependency_objects_test.go:30 @ 04/23/25 16:44:41.37 (2ms)&#xA;&gt; Enter [AfterEach] [rfe_id:5672][crit:medium][vendor:cnv-qe@redhat.com][level:system]Dependency objects - /go/src/github.com/kubevirt/hyperconverged-cluster-operator/tests/func-tests/dependency_objects_test.go:26 @ 04/23/25 16:44:41.37&#xA;&lt; Exit [AfterEach] [rfe_id:5672][crit:medium][vendor:cnv-qe@redhat.com][level:system]Dependency objects - /go/src/github.com/kubevirt/hyperconverged-cluster-operator/tests/func-tests/dependency_objects_test.go:26 @ 04/23/25 16:44:41.37 (0s)&#xA;</system-err>
          </testcase>
          <testcase name="[It] Cluster level evictionStrategy default value test spec.evictionStrategy Should set spec.evictionStrategy = None by default on single worker clusters [evictionStrategy, SINGLE_NODE_ONLY]" classname="HyperConverged cluster E2E Test suite" status="passed" time="0.117821307">
              <system-err>&gt; Enter [BeforeEach] Cluster level evictionStrategy default value - /go/src/github.com/kubevirt/hyperconverged-cluster-operator/tests/func-tests/cluster_eviction_strategy_test.go:30 @ 04/23/25 16:44:41.37&#xA;&lt; Exit [BeforeEach] Cluster level evictionStrategy default value - /go/src/github.com/kubevirt/hyperconverged-cluster-operator/tests/func-tests/cluster_eviction_strategy_test.go:30 @ 04/23/25 16:44:41.402 (32ms)&#xA;&gt; Enter [It] Should set spec.evictionStrategy = None by default on single worker clusters - /go/src/github.com/kubevirt/hyperconverged-cluster-operator/tests/func-tests/cluster_eviction_strategy_test.go:59 @ 04/23/25 16:44:41.402&#xA;&lt; Exit [It] Should set spec.evictionStrategy = None by default on single worker clusters - /go/src/github.com/kubevirt/hyperconverged-cluster-operator/tests/func-tests/cluster_eviction_strategy_test.go:59 @ 04/23/25 16:44:41.451 (50ms)&#xA;&gt; Enter [AfterEach] Cluster level evictionStrategy default value - /go/src/github.com/kubevirt/hyperconverged-cluster-operator/tests/func-tests/cluster_eviction_strategy_test.go:42 @ 04/23/25 16:44:41.451&#xA;&lt; Exit [AfterEach] Cluster level evictionStrategy default value - /go/src/github.com/kubevirt/hyperconverged-cluster-operator/tests/func-tests/cluster_eviction_strategy_test.go:42 @ 04/23/25 16:44:41.488 (36ms)&#xA;</system-err>
          </testcase>
          <testcase name="[It] Cluster level evictionStrategy default value test spec.evictionStrategy Should set spec.evictionStrategy = LiveMigrate by default with multiple worker node [evictionStrategy, HIGHLY_AVAILABLE_CLUSTER]" classname="HyperConverged cluster E2E Test suite" status="skipped" time="0">
              <skipped message="skipped"></skipped>
          </testcase>
          <testcase name="[It] Test AAQ when set the applicationAwareConfig exists should create the AAQ CR and all the pods [AAQ, Serial]" classname="HyperConverged cluster E2E Test suite" status="passed" time="32.652636962">
              <system-err>&gt; Enter [BeforeEach] Test AAQ - /go/src/github.com/kubevirt/hyperconverged-cluster-operator/tests/func-tests/aaq_test.go:34 @ 04/23/25 16:44:41.488&#xA;STEP: disable the AAQ FG - /go/src/github.com/kubevirt/hyperconverged-cluster-operator/tests/func-tests/aaq_test.go:102 @ 04/23/25 16:44:41.489&#xA;STEP: make sure the AAQ CR was removed - /go/src/github.com/kubevirt/hyperconverged-cluster-operator/tests/func-tests/aaq_test.go:105 @ 04/23/25 16:44:41.525&#xA;&lt; Exit [BeforeEach] Test AAQ - /go/src/github.com/kubevirt/hyperconverged-cluster-operator/tests/func-tests/aaq_test.go:34 @ 04/23/25 16:44:41.527 (39ms)&#xA;&gt; Enter [It] should create the AAQ CR and all the pods - /go/src/github.com/kubevirt/hyperconverged-cluster-operator/tests/func-tests/aaq_test.go:45 @ 04/23/25 16:44:41.527&#xA;STEP: enable the AAQ FG - /go/src/github.com/kubevirt/hyperconverged-cluster-operator/tests/func-tests/aaq_test.go:97 @ 04/23/25 16:44:41.527&#xA;STEP: check the AAQ CR - /go/src/github.com/kubevirt/hyperconverged-cluster-operator/tests/func-tests/aaq_test.go:49 @ 04/23/25 16:44:41.566&#xA;STEP: check AAQ pods - /go/src/github.com/kubevirt/hyperconverged-cluster-operator/tests/func-tests/aaq_test.go:57 @ 04/23/25 16:44:42.572&#xA;&lt; Exit [It] should create the AAQ CR and all the pods - /go/src/github.com/kubevirt/hyperconverged-cluster-operator/tests/func-tests/aaq_test.go:45 @ 04/23/25 16:45:13.924 (32.397s)&#xA;&gt; Enter [AfterAll] Test AAQ - /go/src/github.com/kubevirt/hyperconverged-cluster-operator/tests/func-tests/aaq_test.go:40 @ 04/23/25 16:45:13.924&#xA;STEP: disable the AAQ FG - /go/src/github.com/kubevirt/hyperconverged-cluster-operator/tests/func-tests/aaq_test.go:102 @ 04/23/25 16:45:13.924&#xA;STEP: make sure the AAQ CR was removed - /go/src/github.com/kubevirt/hyperconverged-cluster-operator/tests/func-tests/aaq_test.go:105 @ 04/23/25 16:45:13.969&#xA;&lt; Exit [AfterAll] Test AAQ - /go/src/github.com/kubevirt/hyperconverged-cluster-operator/tests/func-tests/aaq_test.go:40 @ 04/23/25 16:45:14.14 (216ms)&#xA;</system-err>
          </testcase>
          <testcase name="[It] MediatedDevicesTypes -&gt; MediatedDeviceTypes should correctly handle MediatedDevicesTypes -&gt; MediatedDeviceTypes transition should do nothing when mediatedDevicesConfiguration is not present [MediatedDevices]" classname="HyperConverged cluster E2E Test suite" status="passed" time="0.299421184">
              <system-err>&gt; Enter [BeforeEach] MediatedDevicesTypes -&gt; MediatedDeviceTypes - /go/src/github.com/kubevirt/hyperconverged-cluster-operator/tests/func-tests/mediateddevices_mediateddevice_test.go:38 @ 04/23/25 16:45:14.14&#xA;&lt; Exit [BeforeEach] MediatedDevicesTypes -&gt; MediatedDeviceTypes - /go/src/github.com/kubevirt/hyperconverged-cluster-operator/tests/func-tests/mediateddevices_mediateddevice_test.go:38 @ 04/23/25 16:45:14.31 (170ms)&#xA;&gt; Enter [It] should do nothing when mediatedDevicesConfiguration is not present - /go/src/github.com/kubevirt/hyperconverged-cluster-operator/tests/func-tests/mediateddevices_mediateddevice_test.go:89 @ 04/23/25 16:45:14.31&#xA;&lt; Exit [It] should do nothing when mediatedDevicesConfiguration is not present - /go/src/github.com/kubevirt/hyperconverged-cluster-operator/tests/func-tests/mediateddevices_mediateddevice_test.go:89 @ 04/23/25 16:45:14.368 (58ms)&#xA;&gt; Enter [AfterEach] MediatedDevicesTypes -&gt; MediatedDeviceTypes - /go/src/github.com/kubevirt/hyperconverged-cluster-operator/tests/func-tests/mediateddevices_mediateddevice_test.go:49 @ 04/23/25 16:45:14.368&#xA;&lt; Exit [AfterEach] MediatedDevicesTypes -&gt; MediatedDeviceTypes - /go/src/github.com/kubevirt/hyperconverged-cluster-operator/tests/func-tests/mediateddevices_mediateddevice_test.go:49 @ 04/23/25 16:45:14.44 (72ms)&#xA;</system-err>
          </testcase>
          <testcase name="[It] MediatedDevicesTypes -&gt; MediatedDeviceTypes should correctly handle MediatedDevicesTypes -&gt; MediatedDeviceTypes transition should migrate to mediatedDeviceTypes when deprecated are used [MediatedDevices]" classname="HyperConverged cluster E2E Test suite" status="passed" time="1.261902844">
              <system-err>&gt; Enter [BeforeEach] MediatedDevicesTypes -&gt; MediatedDeviceTypes - /go/src/github.com/kubevirt/hyperconverged-cluster-operator/tests/func-tests/mediateddevices_mediateddevice_test.go:38 @ 04/23/25 16:45:14.44&#xA;&lt; Exit [BeforeEach] MediatedDevicesTypes -&gt; MediatedDeviceTypes - /go/src/github.com/kubevirt/hyperconverged-cluster-operator/tests/func-tests/mediateddevices_mediateddevice_test.go:38 @ 04/23/25 16:45:14.478 (38ms)&#xA;&gt; Enter [It] should migrate to mediatedDeviceTypes when deprecated are used - /go/src/github.com/kubevirt/hyperconverged-cluster-operator/tests/func-tests/mediateddevices_mediateddevice_test.go:95 @ 04/23/25 16:45:14.478&#xA;&lt; Exit [It] should migrate to mediatedDeviceTypes when deprecated are used - /go/src/github.com/kubevirt/hyperconverged-cluster-operator/tests/func-tests/mediateddevices_mediateddevice_test.go:95 @ 04/23/25 16:45:15.646 (1.168s)&#xA;&gt; Enter [AfterEach] MediatedDevicesTypes -&gt; MediatedDeviceTypes - /go/src/github.com/kubevirt/hyperconverged-cluster-operator/tests/func-tests/mediateddevices_mediateddevice_test.go:49 @ 04/23/25 16:45:15.646&#xA;&lt; Exit [AfterEach] MediatedDevicesTypes -&gt; MediatedDeviceTypes - /go/src/github.com/kubevirt/hyperconverged-cluster-operator/tests/func-tests/mediateddevices_mediateddevice_test.go:49 @ 04/23/25 16:45:15.702 (56ms)&#xA;</system-err>
          </testcase>
          <testcase name="[It] MediatedDevicesTypes -&gt; MediatedDeviceTypes should correctly handle MediatedDevicesTypes -&gt; MediatedDeviceTypes transition should do nothing when mediatedDeviceTypes and deprecated APIs are used consistently [MediatedDevices]" classname="HyperConverged cluster E2E Test suite" status="passed" time="1.545710554">
              <system-err>&gt; Enter [BeforeEach] MediatedDevicesTypes -&gt; MediatedDeviceTypes - /go/src/github.com/kubevirt/hyperconverged-cluster-operator/tests/func-tests/mediateddevices_mediateddevice_test.go:38 @ 04/23/25 16:45:15.702&#xA;&lt; Exit [BeforeEach] MediatedDevicesTypes -&gt; MediatedDeviceTypes - /go/src/github.com/kubevirt/hyperconverged-cluster-operator/tests/func-tests/mediateddevices_mediateddevice_test.go:38 @ 04/23/25 16:45:15.72 (18ms)&#xA;&gt; Enter [It] should do nothing when mediatedDeviceTypes and deprecated APIs are used consistently - /go/src/github.com/kubevirt/hyperconverged-cluster-operator/tests/func-tests/mediateddevices_mediateddevice_test.go:172 @ 04/23/25 16:45:15.72&#xA;&lt; Exit [It] should do nothing when mediatedDeviceTypes and deprecated APIs are used consistently - /go/src/github.com/kubevirt/hyperconverged-cluster-operator/tests/func-tests/mediateddevices_mediateddevice_test.go:172 @ 04/23/25 16:45:17.058 (1.337s)&#xA;&gt; Enter [AfterEach] MediatedDevicesTypes -&gt; MediatedDeviceTypes - /go/src/github.com/kubevirt/hyperconverged-cluster-operator/tests/func-tests/mediateddevices_mediateddevice_test.go:49 @ 04/23/25 16:45:17.058&#xA;&lt; Exit [AfterEach] MediatedDevicesTypes -&gt; MediatedDeviceTypes - /go/src/github.com/kubevirt/hyperconverged-cluster-operator/tests/func-tests/mediateddevices_mediateddevice_test.go:49 @ 04/23/25 16:45:17.248 (190ms)&#xA;</system-err>
          </testcase>
          <testcase name="[It] MediatedDevicesTypes -&gt; MediatedDeviceTypes should correctly handle MediatedDevicesTypes -&gt; MediatedDeviceTypes transition should do nothing when only mediatedDeviceTypes is used [MediatedDevices]" classname="HyperConverged cluster E2E Test suite" status="passed" time="1.209453818">
              <system-err>&gt; Enter [BeforeEach] MediatedDevicesTypes -&gt; MediatedDeviceTypes - /go/src/github.com/kubevirt/hyperconverged-cluster-operator/tests/func-tests/mediateddevices_mediateddevice_test.go:38 @ 04/23/25 16:45:17.248&#xA;&lt; Exit [BeforeEach] MediatedDevicesTypes -&gt; MediatedDeviceTypes - /go/src/github.com/kubevirt/hyperconverged-cluster-operator/tests/func-tests/mediateddevices_mediateddevice_test.go:38 @ 04/23/25 16:45:17.288 (40ms)&#xA;&gt; Enter [It] should do nothing when only mediatedDeviceTypes is used - /go/src/github.com/kubevirt/hyperconverged-cluster-operator/tests/func-tests/mediateddevices_mediateddevice_test.go:257 @ 04/23/25 16:45:17.288&#xA;&lt; Exit [It] should do nothing when only mediatedDeviceTypes is used - /go/src/github.com/kubevirt/hyperconverged-cluster-operator/tests/func-tests/mediateddevices_mediateddevice_test.go:257 @ 04/23/25 16:45:18.407 (1.119s)&#xA;&gt; Enter [AfterEach] MediatedDevicesTypes -&gt; MediatedDeviceTypes - /go/src/github.com/kubevirt/hyperconverged-cluster-operator/tests/func-tests/mediateddevices_mediateddevice_test.go:49 @ 04/23/25 16:45:18.407&#xA;&lt; Exit [AfterEach] MediatedDevicesTypes -&gt; MediatedDeviceTypes - /go/src/github.com/kubevirt/hyperconverged-cluster-operator/tests/func-tests/mediateddevices_mediateddevice_test.go:49 @ 04/23/25 16:45:18.457 (50ms)&#xA;</system-err>
          </testcase>
          <testcase name="[It] MediatedDevicesTypes -&gt; MediatedDeviceTypes should correctly handle MediatedDevicesTypes -&gt; MediatedDeviceTypes transition should refuse inconsistent values between mediatedDeviceTypes and deprecated APIs - spec.mediatedDevicesConfiguration.mediatedDeviceTypes [MediatedDevices]" classname="HyperConverged cluster E2E Test suite" status="passed" time="1.121148088">
              <system-err>&gt; Enter [BeforeEach] MediatedDevicesTypes -&gt; MediatedDeviceTypes - /go/src/github.com/kubevirt/hyperconverged-cluster-operator/tests/func-tests/mediateddevices_mediateddevice_test.go:38 @ 04/23/25 16:45:18.458&#xA;&lt; Exit [BeforeEach] MediatedDevicesTypes -&gt; MediatedDeviceTypes - /go/src/github.com/kubevirt/hyperconverged-cluster-operator/tests/func-tests/mediateddevices_mediateddevice_test.go:38 @ 04/23/25 16:45:18.485 (28ms)&#xA;&gt; Enter [It] should refuse inconsistent values between mediatedDeviceTypes and deprecated APIs - spec.mediatedDevicesConfiguration.mediatedDeviceTypes - /go/src/github.com/kubevirt/hyperconverged-cluster-operator/tests/func-tests/mediateddevices_mediateddevice_test.go:326 @ 04/23/25 16:45:18.485&#xA;&lt; Exit [It] should refuse inconsistent values between mediatedDeviceTypes and deprecated APIs - spec.mediatedDevicesConfiguration.mediatedDeviceTypes - /go/src/github.com/kubevirt/hyperconverged-cluster-operator/tests/func-tests/mediateddevices_mediateddevice_test.go:326 @ 04/23/25 16:45:19.546 (1.061s)&#xA;&gt; Enter [AfterEach] MediatedDevicesTypes -&gt; MediatedDeviceTypes - /go/src/github.com/kubevirt/hyperconverged-cluster-operator/tests/func-tests/mediateddevices_mediateddevice_test.go:49 @ 04/23/25 16:45:19.546&#xA;&lt; Exit [AfterEach] MediatedDevicesTypes -&gt; MediatedDeviceTypes - /go/src/github.com/kubevirt/hyperconverged-cluster-operator/tests/func-tests/mediateddevices_mediateddevice_test.go:49 @ 04/23/25 16:45:19.579 (32ms)&#xA;</system-err>
          </testcase>
          <testcase name="[It] MediatedDevicesTypes -&gt; MediatedDeviceTypes should correctly handle MediatedDevicesTypes -&gt; MediatedDeviceTypes transition should refuse inconsistent values between mediatedDeviceTypes and deprecated APIs - spec.mediatedDevicesConfiguration.nodeMediatedDeviceTypes[1].mediatedDeviceTypes [MediatedDevices]" classname="HyperConverged cluster E2E Test suite" status="passed" time="0.076352502">
              <system-err>&gt; Enter [BeforeEach] MediatedDevicesTypes -&gt; MediatedDeviceTypes - /go/src/github.com/kubevirt/hyperconverged-cluster-operator/tests/func-tests/mediateddevices_mediateddevice_test.go:38 @ 04/23/25 16:45:19.579&#xA;&lt; Exit [BeforeEach] MediatedDevicesTypes -&gt; MediatedDeviceTypes - /go/src/github.com/kubevirt/hyperconverged-cluster-operator/tests/func-tests/mediateddevices_mediateddevice_test.go:38 @ 04/23/25 16:45:19.594 (15ms)&#xA;&gt; Enter [It] should refuse inconsistent values between mediatedDeviceTypes and deprecated APIs - spec.mediatedDevicesConfiguration.nodeMediatedDeviceTypes[1].mediatedDeviceTypes - /go/src/github.com/kubevirt/hyperconverged-cluster-operator/tests/func-tests/mediateddevices_mediateddevice_test.go:361 @ 04/23/25 16:45:19.594&#xA;&lt; Exit [It] should refuse inconsistent values between mediatedDeviceTypes and deprecated APIs - spec.mediatedDevicesConfiguration.nodeMediatedDeviceTypes[1].mediatedDeviceTypes - /go/src/github.com/kubevirt/hyperconverged-cluster-operator/tests/func-tests/mediateddevices_mediateddevice_test.go:361 @ 04/23/25 16:45:19.618 (24ms)&#xA;&gt; Enter [AfterEach] MediatedDevicesTypes -&gt; MediatedDeviceTypes - /go/src/github.com/kubevirt/hyperconverged-cluster-operator/tests/func-tests/mediateddevices_mediateddevice_test.go:49 @ 04/23/25 16:45:19.618&#xA;&lt; Exit [AfterEach] MediatedDevicesTypes -&gt; MediatedDeviceTypes - /go/src/github.com/kubevirt/hyperconverged-cluster-operator/tests/func-tests/mediateddevices_mediateddevice_test.go:49 @ 04/23/25 16:45:19.655 (37ms)&#xA;</system-err>
          </testcase>
          <testcase name="[It] Check that all the sub-resources have the required labels should restore managed labels [labels]" classname="HyperConverged cluster E2E Test suite" status="passed" time="0.125247777">
              <system-err>&gt; Enter [BeforeEach] Check that all the sub-resources have the required labels - /go/src/github.com/kubevirt/hyperconverged-cluster-operator/tests/func-tests/labels_test.go:32 @ 04/23/25 16:45:19.655&#xA;&lt; Exit [BeforeEach] Check that all the sub-resources have the required labels - /go/src/github.com/kubevirt/hyperconverged-cluster-operator/tests/func-tests/labels_test.go:32 @ 04/23/25 16:45:19.656 (1ms)&#xA;&gt; Enter [It] should restore managed labels - /go/src/github.com/kubevirt/hyperconverged-cluster-operator/tests/func-tests/labels_test.go:37 @ 04/23/25 16:45:19.656&#xA;STEP: removing one of the managed labels and wait for it to be added back - /go/src/github.com/kubevirt/hyperconverged-cluster-operator/tests/func-tests/labels_test.go:40 @ 04/23/25 16:45:19.656&#xA;&lt; Exit [It] should restore managed labels - /go/src/github.com/kubevirt/hyperconverged-cluster-operator/tests/func-tests/labels_test.go:37 @ 04/23/25 16:45:19.78 (124ms)&#xA;</system-err>
          </testcase>
          <testcase name="[It] Check that all the sub-resources have the required labels should have all the required labels in all the controlled resources [labels]" classname="HyperConverged cluster E2E Test suite" status="passed" time="0.081516108">
              <system-err>&gt; Enter [BeforeEach] Check that all the sub-resources have the required labels - /go/src/github.com/kubevirt/hyperconverged-cluster-operator/tests/func-tests/labels_test.go:32 @ 04/23/25 16:45:19.781&#xA;&lt; Exit [BeforeEach] Check that all the sub-resources have the required labels - /go/src/github.com/kubevirt/hyperconverged-cluster-operator/tests/func-tests/labels_test.go:32 @ 04/23/25 16:45:19.783 (2ms)&#xA;&gt; Enter [It] should have all the required labels in all the controlled resources - /go/src/github.com/kubevirt/hyperconverged-cluster-operator/tests/func-tests/labels_test.go:63 @ 04/23/25 16:45:19.783&#xA;STEP: checking all the labels - /go/src/github.com/kubevirt/hyperconverged-cluster-operator/tests/func-tests/labels_test.go:64 @ 04/23/25 16:45:19.783&#xA;STEP: checking labels for PrometheusRule/kubevirt-hyperconverged-prometheus-rule - /go/src/github.com/kubevirt/hyperconverged-cluster-operator/tests/func-tests/labels_test.go:68 @ 04/23/25 16:45:19.798&#xA;STEP: checking labels for Role/hyperconverged-cluster-operator-metrics - /go/src/github.com/kubevirt/hyperconverged-cluster-operator/tests/func-tests/labels_test.go:68 @ 04/23/25 16:45:19.801&#xA;STEP: checking labels for RoleBinding/hyperconverged-cluster-operator-metrics - /go/src/github.com/kubevirt/hyperconverged-cluster-operator/tests/func-tests/labels_test.go:68 @ 04/23/25 16:45:19.802&#xA;STEP: checking labels for Service/kubevirt-hyperconverged-operator-metrics - /go/src/github.com/kubevirt/hyperconverged-cluster-operator/tests/func-tests/labels_test.go:68 @ 04/23/25 16:45:19.804&#xA;STEP: checking labels for Secret/hco-bearer-auth - /go/src/github.com/kubevirt/hyperconverged-cluster-operator/tests/func-tests/labels_test.go:68 @ 04/23/25 16:45:19.806&#xA;Missed corev1 resource to check the labels for; Secret/hco-bearer-auth&#xA;STEP: checking labels for ServiceMonitor/kubevirt-hyperconverged-operator-metrics - /go/src/github.com/kubevirt/hyperconverged-cluster-operator/tests/func-tests/labels_test.go:68 @ 04/23/25 16:45:19.806&#xA;STEP: checking labels for PriorityClass/kubevirt-cluster-critical - /go/src/github.com/kubevirt/hyperconverged-cluster-operator/tests/func-tests/labels_test.go:68 @ 04/23/25 16:45:19.808&#xA;STEP: checking labels for KubeVirt/kubevirt-kubevirt-hyperconverged - /go/src/github.com/kubevirt/hyperconverged-cluster-operator/tests/func-tests/labels_test.go:68 @ 04/23/25 16:45:19.81&#xA;STEP: checking labels for CDI/cdi-kubevirt-hyperconverged - /go/src/github.com/kubevirt/hyperconverged-cluster-operator/tests/func-tests/labels_test.go:68 @ 04/23/25 16:45:19.814&#xA;STEP: checking labels for NetworkAddonsConfig/cluster - /go/src/github.com/kubevirt/hyperconverged-cluster-operator/tests/func-tests/labels_test.go:68 @ 04/23/25 16:45:19.816&#xA;STEP: checking labels for SSP/ssp-kubevirt-hyperconverged - /go/src/github.com/kubevirt/hyperconverged-cluster-operator/tests/func-tests/labels_test.go:68 @ 04/23/25 16:45:19.818&#xA;STEP: checking labels for ConsoleCLIDownload/virtctl-clidownloads-kubevirt-hyperconverged - /go/src/github.com/kubevirt/hyperconverged-cluster-operator/tests/func-tests/labels_test.go:68 @ 04/23/25 16:45:19.821&#xA;STEP: checking labels for Route/hyperconverged-cluster-cli-download - /go/src/github.com/kubevirt/hyperconverged-cluster-operator/tests/func-tests/labels_test.go:68 @ 04/23/25 16:45:19.824&#xA;STEP: checking labels for Service/hyperconverged-cluster-cli-download - /go/src/github.com/kubevirt/hyperconverged-cluster-operator/tests/func-tests/labels_test.go:68 @ 04/23/25 16:45:19.828&#xA;STEP: checking labels for Service/kubevirt-console-plugin-service - /go/src/github.com/kubevirt/hyperconverged-cluster-operator/tests/func-tests/labels_test.go:68 @ 04/23/25 16:45:19.83&#xA;STEP: checking labels for Service/kubevirt-apiserver-proxy-service - /go/src/github.com/kubevirt/hyperconverged-cluster-operator/tests/func-tests/labels_test.go:68 @ 04/23/25 16:45:19.831&#xA;STEP: checking labels for ConfigMap/virtio-win - /go/src/github.com/kubevirt/hyperconverged-cluster-operator/tests/func-tests/labels_test.go:68 @ 04/23/25 16:45:19.833&#xA;STEP: checking labels for Role/virtio-win - /go/src/github.com/kubevirt/hyperconverged-cluster-operator/tests/func-tests/labels_test.go:68 @ 04/23/25 16:45:19.834&#xA;STEP: checking labels for RoleBinding/virtio-win - /go/src/github.com/kubevirt/hyperconverged-cluster-operator/tests/func-tests/labels_test.go:68 @ 04/23/25 16:45:19.837&#xA;STEP: checking labels for Deployment/kubevirt-console-plugin - /go/src/github.com/kubevirt/hyperconverged-cluster-operator/tests/func-tests/labels_test.go:68 @ 04/23/25 16:45:19.838&#xA;STEP: checking labels for Deployment/kubevirt-apiserver-proxy - /go/src/github.com/kubevirt/hyperconverged-cluster-operator/tests/func-tests/labels_test.go:68 @ 04/23/25 16:45:19.841&#xA;STEP: checking labels for ConfigMap/nginx-conf - /go/src/github.com/kubevirt/hyperconverged-cluster-operator/tests/func-tests/labels_test.go:68 @ 04/23/25 16:45:19.843&#xA;STEP: checking labels for ConsolePlugin/kubevirt-plugin - /go/src/github.com/kubevirt/hyperconverged-cluster-operator/tests/func-tests/labels_test.go:68 @ 04/23/25 16:45:19.844&#xA;STEP: checking labels for ConfigMap/kubevirt-user-settings - /go/src/github.com/kubevirt/hyperconverged-cluster-operator/tests/func-tests/labels_test.go:68 @ 04/23/25 16:45:19.847&#xA;STEP: checking labels for ConfigMap/kubevirt-ui-features - /go/src/github.com/kubevirt/hyperconverged-cluster-operator/tests/func-tests/labels_test.go:68 @ 04/23/25 16:45:19.848&#xA;STEP: checking labels for Role/kubevirt-ui-config-reader - /go/src/github.com/kubevirt/hyperconverged-cluster-operator/tests/func-tests/labels_test.go:68 @ 04/23/25 16:45:19.849&#xA;STEP: checking labels for RoleBinding/kubevirt-ui-config-reader-rolebinding - /go/src/github.com/kubevirt/hyperconverged-cluster-operator/tests/func-tests/labels_test.go:68 @ 04/23/25 16:45:19.851&#xA;STEP: checking labels for ConsoleQuickStart/test-quick-start - /go/src/github.com/kubevirt/hyperconverged-cluster-operator/tests/func-tests/labels_test.go:68 @ 04/23/25 16:45:19.853&#xA;STEP: checking labels for ConfigMap/grafana-dashboard-kubevirt-top-consumers - /go/src/github.com/kubevirt/hyperconverged-cluster-operator/tests/func-tests/labels_test.go:68 @ 04/23/25 16:45:19.855&#xA;STEP: checking labels for ImageStream/centos-stream9 - /go/src/github.com/kubevirt/hyperconverged-cluster-operator/tests/func-tests/labels_test.go:68 @ 04/23/25 16:45:19.857&#xA;&lt; Exit [It] should have all the required labels in all the controlled resources - /go/src/github.com/kubevirt/hyperconverged-cluster-operator/tests/func-tests/labels_test.go:63 @ 04/23/25 16:45:19.862 (79ms)&#xA;</system-err>
          </testcase>
          <testcase name="[It] Check CR validation for AutoCPULimitNamespaceLabelSelector should succeed when VMI CPU allocation is nil [validation, Serial]" classname="HyperConverged cluster E2E Test suite" status="passed" time="0.644399374">
              <system-err>&gt; Enter [BeforeEach] Check CR validation - /go/src/github.com/kubevirt/hyperconverged-cluster-operator/tests/func-tests/validation_test.go:24 @ 04/23/25 16:45:19.862&#xA;&lt; Exit [BeforeEach] Check CR validation - /go/src/github.com/kubevirt/hyperconverged-cluster-operator/tests/func-tests/validation_test.go:24 @ 04/23/25 16:45:19.901 (39ms)&#xA;&gt; Enter [It] succeed when VMI CPU allocation is nil - /go/src/github.com/kubevirt/hyperconverged-cluster-operator/tests/func-tests/validation_test.go:46 @ 04/23/25 16:45:19.901&#xA;&lt; Exit [It] succeed when VMI CPU allocation is nil - /go/src/github.com/kubevirt/hyperconverged-cluster-operator/tests/func-tests/validation_test.go:46 @ 04/23/25 16:45:20.507 (606ms)&#xA;</system-err>
          </testcase>
          <testcase name="[It] Check CR validation for AutoCPULimitNamespaceLabelSelector should fail when VMI CPU allocation is 0 [validation, Serial]" classname="HyperConverged cluster E2E Test suite" status="passed" time="0.192674209">
              <system-err>&gt; Enter [BeforeEach] Check CR validation - /go/src/github.com/kubevirt/hyperconverged-cluster-operator/tests/func-tests/validation_test.go:24 @ 04/23/25 16:45:20.507&#xA;&lt; Exit [BeforeEach] Check CR validation - /go/src/github.com/kubevirt/hyperconverged-cluster-operator/tests/func-tests/validation_test.go:24 @ 04/23/25 16:45:20.667 (160ms)&#xA;&gt; Enter [It] fail when VMI CPU allocation is 0 - /go/src/github.com/kubevirt/hyperconverged-cluster-operator/tests/func-tests/validation_test.go:47 @ 04/23/25 16:45:20.667&#xA;&lt; Exit [It] fail when VMI CPU allocation is 0 - /go/src/github.com/kubevirt/hyperconverged-cluster-operator/tests/func-tests/validation_test.go:47 @ 04/23/25 16:45:20.699 (33ms)&#xA;</system-err>
          </testcase>
          <testcase name="[It] Check CR validation for AutoCPULimitNamespaceLabelSelector should succeed when VMI CPU allocation is 2 [validation, Serial]" classname="HyperConverged cluster E2E Test suite" status="passed" time="0.101754194">
              <system-err>&gt; Enter [BeforeEach] Check CR validation - /go/src/github.com/kubevirt/hyperconverged-cluster-operator/tests/func-tests/validation_test.go:24 @ 04/23/25 16:45:20.699&#xA;&lt; Exit [BeforeEach] Check CR validation - /go/src/github.com/kubevirt/hyperconverged-cluster-operator/tests/func-tests/validation_test.go:24 @ 04/23/25 16:45:20.751 (52ms)&#xA;&gt; Enter [It] succeed when VMI CPU allocation is 2 - /go/src/github.com/kubevirt/hyperconverged-cluster-operator/tests/func-tests/validation_test.go:48 @ 04/23/25 16:45:20.751&#xA;&lt; Exit [It] succeed when VMI CPU allocation is 2 - /go/src/github.com/kubevirt/hyperconverged-cluster-operator/tests/func-tests/validation_test.go:48 @ 04/23/25 16:45:20.801 (50ms)&#xA;</system-err>
          </testcase>
          <testcase name="[It] [rfe_id:273][crit:critical][vendor:cnv-qe@redhat.com][level:system]Virtual Machine [test_id:5696] should create, verify and delete VMIs [Serial, vm, test_id:5696]" classname="HyperConverged cluster E2E Test suite" status="passed" time="10.055683886">
              <system-err>&gt; Enter [BeforeEach] [rfe_id:273][crit:critical][vendor:cnv-qe@redhat.com][level:system]Virtual Machine - /go/src/github.com/kubevirt/hyperconverged-cluster-operator/tests/func-tests/virtual_machines_test.go:34 @ 04/23/25 16:45:20.801&#xA;&lt; Exit [BeforeEach] [rfe_id:273][crit:critical][vendor:cnv-qe@redhat.com][level:system]Virtual Machine - /go/src/github.com/kubevirt/hyperconverged-cluster-operator/tests/func-tests/virtual_machines_test.go:34 @ 04/23/25 16:45:20.805 (3ms)&#xA;&gt; Enter [It] [test_id:5696] should create, verify and delete VMIs - /go/src/github.com/kubevirt/hyperconverged-cluster-operator/tests/func-tests/virtual_machines_test.go:39 @ 04/23/25 16:45:20.805&#xA;STEP: Creating VMI... - /go/src/github.com/kubevirt/hyperconverged-cluster-operator/tests/func-tests/virtual_machines_test.go:47 @ 04/23/25 16:45:20.805&#xA;KubeAPIWarningLogger &#34;level&#34;=0 &#34;msg&#34;=&#34;metadata.finalizers: \&#34;foregroundDeleteVirtualMachine\&#34;: prefer a domain-qualified finalizer name to avoid accidental conflicts with other finalizer writers&#34;&#xA;STEP: Verifying VMI is running - /go/src/github.com/kubevirt/hyperconverged-cluster-operator/tests/func-tests/virtual_machines_test.go:67 @ 04/23/25 16:45:20.833&#xA;STEP: Verifying node placement of VMI - /go/src/github.com/kubevirt/hyperconverged-cluster-operator/tests/func-tests/virtual_machines_test.go:82 @ 04/23/25 16:45:30.848&#xA;&lt; Exit [It] [test_id:5696] should create, verify and delete VMIs - /go/src/github.com/kubevirt/hyperconverged-cluster-operator/tests/func-tests/virtual_machines_test.go:39 @ 04/23/25 16:45:30.857 (10.052s)&#xA;</system-err>
          </testcase>
          <testcase name="[It] Check Default values certConfig defaults Check that certConfig defaults are behaving as expected when removing /spec/certConfig/ca/duration [defaults, Serial]" classname="HyperConverged cluster E2E Test suite" status="passed" time="0.097086443">
              <system-err>&gt; Enter [BeforeEach] Check Default values - /go/src/github.com/kubevirt/hyperconverged-cluster-operator/tests/func-tests/defaults_test.go:27 @ 04/23/25 16:45:30.857&#xA;&lt; Exit [BeforeEach] Check Default values - /go/src/github.com/kubevirt/hyperconverged-cluster-operator/tests/func-tests/defaults_test.go:27 @ 04/23/25 16:45:30.925 (68ms)&#xA;&gt; Enter [It] when removing /spec/certConfig/ca/duration - /go/src/github.com/kubevirt/hyperconverged-cluster-operator/tests/func-tests/defaults_test.go:56 @ 04/23/25 16:45:30.925&#xA;&lt; Exit [It] when removing /spec/certConfig/ca/duration - /go/src/github.com/kubevirt/hyperconverged-cluster-operator/tests/func-tests/defaults_test.go:56 @ 04/23/25 16:45:30.954 (29ms)&#xA;</system-err>
          </testcase>
          <testcase name="[It] Check Default values certConfig defaults Check that certConfig defaults are behaving as expected when removing /spec/certConfig/ca/renewBefore [defaults, Serial]" classname="HyperConverged cluster E2E Test suite" status="passed" time="0.102653936">
              <system-err>&gt; Enter [BeforeEach] Check Default values - /go/src/github.com/kubevirt/hyperconverged-cluster-operator/tests/func-tests/defaults_test.go:27 @ 04/23/25 16:45:30.954&#xA;&lt; Exit [BeforeEach] Check Default values - /go/src/github.com/kubevirt/hyperconverged-cluster-operator/tests/func-tests/defaults_test.go:27 @ 04/23/25 16:45:31.01 (55ms)&#xA;&gt; Enter [It] when removing /spec/certConfig/ca/renewBefore - /go/src/github.com/kubevirt/hyperconverged-cluster-operator/tests/func-tests/defaults_test.go:57 @ 04/23/25 16:45:31.01&#xA;&lt; Exit [It] when removing /spec/certConfig/ca/renewBefore - /go/src/github.com/kubevirt/hyperconverged-cluster-operator/tests/func-tests/defaults_test.go:57 @ 04/23/25 16:45:31.057 (47ms)&#xA;</system-err>
          </testcase>
          <testcase name="[It] Check Default values certConfig defaults Check that certConfig defaults are behaving as expected when removing /spec/certConfig/ca [defaults, Serial]" classname="HyperConverged cluster E2E Test suite" status="passed" time="0.053576597">
              <system-err>&gt; Enter [BeforeEach] Check Default values - /go/src/github.com/kubevirt/hyperconverged-cluster-operator/tests/func-tests/defaults_test.go:27 @ 04/23/25 16:45:31.057&#xA;&lt; Exit [BeforeEach] Check Default values - /go/src/github.com/kubevirt/hyperconverged-cluster-operator/tests/func-tests/defaults_test.go:27 @ 04/23/25 16:45:31.091 (34ms)&#xA;&gt; Enter [It] when removing /spec/certConfig/ca - /go/src/github.com/kubevirt/hyperconverged-cluster-operator/tests/func-tests/defaults_test.go:58 @ 04/23/25 16:45:31.091&#xA;&lt; Exit [It] when removing /spec/certConfig/ca - /go/src/github.com/kubevirt/hyperconverged-cluster-operator/tests/func-tests/defaults_test.go:58 @ 04/23/25 16:45:31.111 (20ms)&#xA;</system-err>
          </testcase>
          <testcase name="[It] Check Default values certConfig defaults Check that certConfig defaults are behaving as expected when removing /spec/certConfig/server/duration [defaults, Serial]" classname="HyperConverged cluster E2E Test suite" status="passed" time="0.051036225">
              <system-err>&gt; Enter [BeforeEach] Check Default values - /go/src/github.com/kubevirt/hyperconverged-cluster-operator/tests/func-tests/defaults_test.go:27 @ 04/23/25 16:45:31.111&#xA;&lt; Exit [BeforeEach] Check Default values - /go/src/github.com/kubevirt/hyperconverged-cluster-operator/tests/func-tests/defaults_test.go:27 @ 04/23/25 16:45:31.141 (30ms)&#xA;&gt; Enter [It] when removing /spec/certConfig/server/duration - /go/src/github.com/kubevirt/hyperconverged-cluster-operator/tests/func-tests/defaults_test.go:59 @ 04/23/25 16:45:31.141&#xA;&lt; Exit [It] when removing /spec/certConfig/server/duration - /go/src/github.com/kubevirt/hyperconverged-cluster-operator/tests/func-tests/defaults_test.go:59 @ 04/23/25 16:45:31.162 (21ms)&#xA;</system-err>
          </testcase>
          <testcase name="[It] Check Default values certConfig defaults Check that certConfig defaults are behaving as expected when removing /spec/certConfig/server/renewBefore [defaults, Serial]" classname="HyperConverged cluster E2E Test suite" status="passed" time="0.055582119">
              <system-err>&gt; Enter [BeforeEach] Check Default values - /go/src/github.com/kubevirt/hyperconverged-cluster-operator/tests/func-tests/defaults_test.go:27 @ 04/23/25 16:45:31.162&#xA;&lt; Exit [BeforeEach] Check Default values - /go/src/github.com/kubevirt/hyperconverged-cluster-operator/tests/func-tests/defaults_test.go:27 @ 04/23/25 16:45:31.194 (32ms)&#xA;&gt; Enter [It] when removing /spec/certConfig/server/renewBefore - /go/src/github.com/kubevirt/hyperconverged-cluster-operator/tests/func-tests/defaults_test.go:60 @ 04/23/25 16:45:31.194&#xA;&lt; Exit [It] when removing /spec/certConfig/server/renewBefore - /go/src/github.com/kubevirt/hyperconverged-cluster-operator/tests/func-tests/defaults_test.go:60 @ 04/23/25 16:45:31.217 (23ms)&#xA;</system-err>
          </testcase>
          <testcase name="[It] Check Default values certConfig defaults Check that certConfig defaults are behaving as expected when removing /spec/certConfig/server [defaults, Serial]" classname="HyperConverged cluster E2E Test suite" status="passed" time="0.056998496">
              <system-err>&gt; Enter [BeforeEach] Check Default values - /go/src/github.com/kubevirt/hyperconverged-cluster-operator/tests/func-tests/defaults_test.go:27 @ 04/23/25 16:45:31.218&#xA;&lt; Exit [BeforeEach] Check Default values - /go/src/github.com/kubevirt/hyperconverged-cluster-operator/tests/func-tests/defaults_test.go:27 @ 04/23/25 16:45:31.254 (36ms)&#xA;&gt; Enter [It] when removing /spec/certConfig/server - /go/src/github.com/kubevirt/hyperconverged-cluster-operator/tests/func-tests/defaults_test.go:61 @ 04/23/25 16:45:31.254&#xA;&lt; Exit [It] when removing /spec/certConfig/server - /go/src/github.com/kubevirt/hyperconverged-cluster-operator/tests/func-tests/defaults_test.go:61 @ 04/23/25 16:45:31.275 (21ms)&#xA;</system-err>
          </testcase>
          <testcase name="[It] Check Default values certConfig defaults Check that certConfig defaults are behaving as expected when removing /spec/certConfig [defaults, Serial]" classname="HyperConverged cluster E2E Test suite" status="passed" time="0.052276655">
              <system-err>&gt; Enter [BeforeEach] Check Default values - /go/src/github.com/kubevirt/hyperconverged-cluster-operator/tests/func-tests/defaults_test.go:27 @ 04/23/25 16:45:31.275&#xA;&lt; Exit [BeforeEach] Check Default values - /go/src/github.com/kubevirt/hyperconverged-cluster-operator/tests/func-tests/defaults_test.go:27 @ 04/23/25 16:45:31.302 (27ms)&#xA;&gt; Enter [It] when removing /spec/certConfig - /go/src/github.com/kubevirt/hyperconverged-cluster-operator/tests/func-tests/defaults_test.go:62 @ 04/23/25 16:45:31.302&#xA;&lt; Exit [It] when removing /spec/certConfig - /go/src/github.com/kubevirt/hyperconverged-cluster-operator/tests/func-tests/defaults_test.go:62 @ 04/23/25 16:45:31.327 (25ms)&#xA;</system-err>
          </testcase>
          <testcase name="[It] Check Default values certConfig defaults Check that certConfig defaults are behaving as expected when removing /spec [defaults, Serial]" classname="HyperConverged cluster E2E Test suite" status="passed" time="0.048912244">
              <system-err>&gt; Enter [BeforeEach] Check Default values - /go/src/github.com/kubevirt/hyperconverged-cluster-operator/tests/func-tests/defaults_test.go:27 @ 04/23/25 16:45:31.327&#xA;&lt; Exit [BeforeEach] Check Default values - /go/src/github.com/kubevirt/hyperconverged-cluster-operator/tests/func-tests/defaults_test.go:27 @ 04/23/25 16:45:31.353 (26ms)&#xA;&gt; Enter [It] when removing /spec - /go/src/github.com/kubevirt/hyperconverged-cluster-operator/tests/func-tests/defaults_test.go:63 @ 04/23/25 16:45:31.353&#xA;&lt; Exit [It] when removing /spec - /go/src/github.com/kubevirt/hyperconverged-cluster-operator/tests/func-tests/defaults_test.go:63 @ 04/23/25 16:45:31.376 (23ms)&#xA;</system-err>
          </testcase>
          <testcase name="[It] Check Default values feature gate defaults Check that featureGates defaults are behaving as expected when removing /spec/featureGates/downwardMetrics [defaults, Serial]" classname="HyperConverged cluster E2E Test suite" status="passed" time="0.051386438">
              <system-err>&gt; Enter [BeforeEach] Check Default values - /go/src/github.com/kubevirt/hyperconverged-cluster-operator/tests/func-tests/defaults_test.go:27 @ 04/23/25 16:45:31.376&#xA;&lt; Exit [BeforeEach] Check Default values - /go/src/github.com/kubevirt/hyperconverged-cluster-operator/tests/func-tests/defaults_test.go:27 @ 04/23/25 16:45:31.407 (31ms)&#xA;&gt; Enter [It] when removing /spec/featureGates/downwardMetrics - /go/src/github.com/kubevirt/hyperconverged-cluster-operator/tests/func-tests/defaults_test.go:87 @ 04/23/25 16:45:31.407&#xA;&lt; Exit [It] when removing /spec/featureGates/downwardMetrics - /go/src/github.com/kubevirt/hyperconverged-cluster-operator/tests/func-tests/defaults_test.go:87 @ 04/23/25 16:45:31.428 (20ms)&#xA;</system-err>
          </testcase>
          <testcase name="[It] Check Default values feature gate defaults Check that featureGates defaults are behaving as expected when removing /spec/featureGates/deployKubeSecondaryDNS [defaults, Serial]" classname="HyperConverged cluster E2E Test suite" status="passed" time="0.076147168">
              <system-err>&gt; Enter [BeforeEach] Check Default values - /go/src/github.com/kubevirt/hyperconverged-cluster-operator/tests/func-tests/defaults_test.go:27 @ 04/23/25 16:45:31.428&#xA;&lt; Exit [BeforeEach] Check Default values - /go/src/github.com/kubevirt/hyperconverged-cluster-operator/tests/func-tests/defaults_test.go:27 @ 04/23/25 16:45:31.461 (33ms)&#xA;&gt; Enter [It] when removing /spec/featureGates/deployKubeSecondaryDNS - /go/src/github.com/kubevirt/hyperconverged-cluster-operator/tests/func-tests/defaults_test.go:88 @ 04/23/25 16:45:31.461&#xA;&lt; Exit [It] when removing /spec/featureGates/deployKubeSecondaryDNS - /go/src/github.com/kubevirt/hyperconverged-cluster-operator/tests/func-tests/defaults_test.go:88 @ 04/23/25 16:45:31.504 (43ms)&#xA;</system-err>
          </testcase>
          <testcase name="[It] Check Default values feature gate defaults Check that featureGates defaults are behaving as expected when removing /spec/featureGates/persistentReservation [defaults, Serial]" classname="HyperConverged cluster E2E Test suite" status="passed" time="0.057430783">
              <system-err>&gt; Enter [BeforeEach] Check Default values - /go/src/github.com/kubevirt/hyperconverged-cluster-operator/tests/func-tests/defaults_test.go:27 @ 04/23/25 16:45:31.506&#xA;&lt; Exit [BeforeEach] Check Default values - /go/src/github.com/kubevirt/hyperconverged-cluster-operator/tests/func-tests/defaults_test.go:27 @ 04/23/25 16:45:31.543 (37ms)&#xA;&gt; Enter [It] when removing /spec/featureGates/persistentReservation - /go/src/github.com/kubevirt/hyperconverged-cluster-operator/tests/func-tests/defaults_test.go:89 @ 04/23/25 16:45:31.543&#xA;&lt; Exit [It] when removing /spec/featureGates/persistentReservation - /go/src/github.com/kubevirt/hyperconverged-cluster-operator/tests/func-tests/defaults_test.go:89 @ 04/23/25 16:45:31.563 (21ms)&#xA;</system-err>
          </testcase>
          <testcase name="[It] Check Default values feature gate defaults Check that featureGates defaults are behaving as expected when removing /spec/featureGates/alignCPUs [defaults, Serial]" classname="HyperConverged cluster E2E Test suite" status="passed" time="0.049617974">
              <system-err>&gt; Enter [BeforeEach] Check Default values - /go/src/github.com/kubevirt/hyperconverged-cluster-operator/tests/func-tests/defaults_test.go:27 @ 04/23/25 16:45:31.563&#xA;&lt; Exit [BeforeEach] Check Default values - /go/src/github.com/kubevirt/hyperconverged-cluster-operator/tests/func-tests/defaults_test.go:27 @ 04/23/25 16:45:31.591 (28ms)&#xA;&gt; Enter [It] when removing /spec/featureGates/alignCPUs - /go/src/github.com/kubevirt/hyperconverged-cluster-operator/tests/func-tests/defaults_test.go:90 @ 04/23/25 16:45:31.591&#xA;&lt; Exit [It] when removing /spec/featureGates/alignCPUs - /go/src/github.com/kubevirt/hyperconverged-cluster-operator/tests/func-tests/defaults_test.go:90 @ 04/23/25 16:45:31.613 (22ms)&#xA;</system-err>
          </testcase>
          <testcase name="[It] Check Default values feature gate defaults Check that featureGates defaults are behaving as expected when removing /spec/featureGates [defaults, Serial]" classname="HyperConverged cluster E2E Test suite" status="passed" time="0.05938953">
              <system-err>&gt; Enter [BeforeEach] Check Default values - /go/src/github.com/kubevirt/hyperconverged-cluster-operator/tests/func-tests/defaults_test.go:27 @ 04/23/25 16:45:31.613&#xA;&lt; Exit [BeforeEach] Check Default values - /go/src/github.com/kubevirt/hyperconverged-cluster-operator/tests/func-tests/defaults_test.go:27 @ 04/23/25 16:45:31.649 (36ms)&#xA;&gt; Enter [It] when removing /spec/featureGates - /go/src/github.com/kubevirt/hyperconverged-cluster-operator/tests/func-tests/defaults_test.go:91 @ 04/23/25 16:45:31.649&#xA;&lt; Exit [It] when removing /spec/featureGates - /go/src/github.com/kubevirt/hyperconverged-cluster-operator/tests/func-tests/defaults_test.go:91 @ 04/23/25 16:45:31.673 (23ms)&#xA;</system-err>
          </testcase>
          <testcase name="[It] Check Default values feature gate defaults Check that featureGates defaults are behaving as expected when removing /spec [defaults, Serial]" classname="HyperConverged cluster E2E Test suite" status="passed" time="0.053321611">
              <system-err>&gt; Enter [BeforeEach] Check Default values - /go/src/github.com/kubevirt/hyperconverged-cluster-operator/tests/func-tests/defaults_test.go:27 @ 04/23/25 16:45:31.673&#xA;&lt; Exit [BeforeEach] Check Default values - /go/src/github.com/kubevirt/hyperconverged-cluster-operator/tests/func-tests/defaults_test.go:27 @ 04/23/25 16:45:31.699 (27ms)&#xA;&gt; Enter [It] when removing /spec - /go/src/github.com/kubevirt/hyperconverged-cluster-operator/tests/func-tests/defaults_test.go:92 @ 04/23/25 16:45:31.699&#xA;&lt; Exit [It] when removing /spec - /go/src/github.com/kubevirt/hyperconverged-cluster-operator/tests/func-tests/defaults_test.go:92 @ 04/23/25 16:45:31.726 (26ms)&#xA;</system-err>
          </testcase>
          <testcase name="[It] Check Default values liveMigrationConfig defaults Check that liveMigrationConfig defaults are behaving as expected when removing /spec/liveMigrationConfig/allowAutoConverge [defaults, Serial]" classname="HyperConverged cluster E2E Test suite" status="passed" time="0.057003957">
              <system-err>&gt; Enter [BeforeEach] Check Default values - /go/src/github.com/kubevirt/hyperconverged-cluster-operator/tests/func-tests/defaults_test.go:27 @ 04/23/25 16:45:31.726&#xA;&lt; Exit [BeforeEach] Check Default values - /go/src/github.com/kubevirt/hyperconverged-cluster-operator/tests/func-tests/defaults_test.go:27 @ 04/23/25 16:45:31.76 (34ms)&#xA;&gt; Enter [It] when removing /spec/liveMigrationConfig/allowAutoConverge - /go/src/github.com/kubevirt/hyperconverged-cluster-operator/tests/func-tests/defaults_test.go:117 @ 04/23/25 16:45:31.76&#xA;&lt; Exit [It] when removing /spec/liveMigrationConfig/allowAutoConverge - /go/src/github.com/kubevirt/hyperconverged-cluster-operator/tests/func-tests/defaults_test.go:117 @ 04/23/25 16:45:31.783 (23ms)&#xA;</system-err>
          </testcase>
          <testcase name="[It] Check Default values liveMigrationConfig defaults Check that liveMigrationConfig defaults are behaving as expected when removing /spec/liveMigrationConfig/allowPostCopy [defaults, Serial]" classname="HyperConverged cluster E2E Test suite" status="passed" time="0.05176434">
              <system-err>&gt; Enter [BeforeEach] Check Default values - /go/src/github.com/kubevirt/hyperconverged-cluster-operator/tests/func-tests/defaults_test.go:27 @ 04/23/25 16:45:31.783&#xA;&lt; Exit [BeforeEach] Check Default values - /go/src/github.com/kubevirt/hyperconverged-cluster-operator/tests/func-tests/defaults_test.go:27 @ 04/23/25 16:45:31.814 (31ms)&#xA;&gt; Enter [It] when removing /spec/liveMigrationConfig/allowPostCopy - /go/src/github.com/kubevirt/hyperconverged-cluster-operator/tests/func-tests/defaults_test.go:118 @ 04/23/25 16:45:31.814&#xA;&lt; Exit [It] when removing /spec/liveMigrationConfig/allowPostCopy - /go/src/github.com/kubevirt/hyperconverged-cluster-operator/tests/func-tests/defaults_test.go:118 @ 04/23/25 16:45:31.835 (21ms)&#xA;</system-err>
          </testcase>
          <testcase name="[It] Check Default values liveMigrationConfig defaults Check that liveMigrationConfig defaults are behaving as expected when removing /spec/liveMigrationConfig/completionTimeoutPerGiB [defaults, Serial]" classname="HyperConverged cluster E2E Test suite" status="passed" time="0.057382629">
              <system-err>&gt; Enter [BeforeEach] Check Default values - /go/src/github.com/kubevirt/hyperconverged-cluster-operator/tests/func-tests/defaults_test.go:27 @ 04/23/25 16:45:31.835&#xA;&lt; Exit [BeforeEach] Check Default values - /go/src/github.com/kubevirt/hyperconverged-cluster-operator/tests/func-tests/defaults_test.go:27 @ 04/23/25 16:45:31.868 (33ms)&#xA;&gt; Enter [It] when removing /spec/liveMigrationConfig/completionTimeoutPerGiB - /go/src/github.com/kubevirt/hyperconverged-cluster-operator/tests/func-tests/defaults_test.go:119 @ 04/23/25 16:45:31.868&#xA;&lt; Exit [It] when removing /spec/liveMigrationConfig/completionTimeoutPerGiB - /go/src/github.com/kubevirt/hyperconverged-cluster-operator/tests/func-tests/defaults_test.go:119 @ 04/23/25 16:45:31.892 (24ms)&#xA;</system-err>
          </testcase>
          <testcase name="[It] Check Default values liveMigrationConfig defaults Check that liveMigrationConfig defaults are behaving as expected when removing /spec/liveMigrationConfig/parallelMigrationsPerCluster [defaults, Serial]" classname="HyperConverged cluster E2E Test suite" status="passed" time="0.057578023">
              <system-err>&gt; Enter [BeforeEach] Check Default values - /go/src/github.com/kubevirt/hyperconverged-cluster-operator/tests/func-tests/defaults_test.go:27 @ 04/23/25 16:45:31.892&#xA;&lt; Exit [BeforeEach] Check Default values - /go/src/github.com/kubevirt/hyperconverged-cluster-operator/tests/func-tests/defaults_test.go:27 @ 04/23/25 16:45:31.926 (33ms)&#xA;&gt; Enter [It] when removing /spec/liveMigrationConfig/parallelMigrationsPerCluster - /go/src/github.com/kubevirt/hyperconverged-cluster-operator/tests/func-tests/defaults_test.go:120 @ 04/23/25 16:45:31.926&#xA;&lt; Exit [It] when removing /spec/liveMigrationConfig/parallelMigrationsPerCluster - /go/src/github.com/kubevirt/hyperconverged-cluster-operator/tests/func-tests/defaults_test.go:120 @ 04/23/25 16:45:31.95 (24ms)&#xA;</system-err>
          </testcase>
          <testcase name="[It] Check Default values liveMigrationConfig defaults Check that liveMigrationConfig defaults are behaving as expected when removing /spec/liveMigrationConfig/parallelOutboundMigrationsPerNode [defaults, Serial]" classname="HyperConverged cluster E2E Test suite" status="passed" time="0.05508686">
              <system-err>&gt; Enter [BeforeEach] Check Default values - /go/src/github.com/kubevirt/hyperconverged-cluster-operator/tests/func-tests/defaults_test.go:27 @ 04/23/25 16:45:31.95&#xA;&lt; Exit [BeforeEach] Check Default values - /go/src/github.com/kubevirt/hyperconverged-cluster-operator/tests/func-tests/defaults_test.go:27 @ 04/23/25 16:45:31.984 (34ms)&#xA;&gt; Enter [It] when removing /spec/liveMigrationConfig/parallelOutboundMigrationsPerNode - /go/src/github.com/kubevirt/hyperconverged-cluster-operator/tests/func-tests/defaults_test.go:121 @ 04/23/25 16:45:31.984&#xA;&lt; Exit [It] when removing /spec/liveMigrationConfig/parallelOutboundMigrationsPerNode - /go/src/github.com/kubevirt/hyperconverged-cluster-operator/tests/func-tests/defaults_test.go:121 @ 04/23/25 16:45:32.005 (22ms)&#xA;</system-err>
          </testcase>
          <testcase name="[It] Check Default values liveMigrationConfig defaults Check that liveMigrationConfig defaults are behaving as expected when removing /spec/liveMigrationConfig/progressTimeout [defaults, Serial]" classname="HyperConverged cluster E2E Test suite" status="passed" time="0.058746004">
              <system-err>&gt; Enter [BeforeEach] Check Default values - /go/src/github.com/kubevirt/hyperconverged-cluster-operator/tests/func-tests/defaults_test.go:27 @ 04/23/25 16:45:32.005&#xA;&lt; Exit [BeforeEach] Check Default values - /go/src/github.com/kubevirt/hyperconverged-cluster-operator/tests/func-tests/defaults_test.go:27 @ 04/23/25 16:45:32.042 (36ms)&#xA;&gt; Enter [It] when removing /spec/liveMigrationConfig/progressTimeout - /go/src/github.com/kubevirt/hyperconverged-cluster-operator/tests/func-tests/defaults_test.go:122 @ 04/23/25 16:45:32.042&#xA;&lt; Exit [It] when removing /spec/liveMigrationConfig/progressTimeout - /go/src/github.com/kubevirt/hyperconverged-cluster-operator/tests/func-tests/defaults_test.go:122 @ 04/23/25 16:45:32.064 (22ms)&#xA;</system-err>
          </testcase>
          <testcase name="[It] Check Default values liveMigrationConfig defaults Check that liveMigrationConfig defaults are behaving as expected when removing /spec/liveMigrationConfig [defaults, Serial]" classname="HyperConverged cluster E2E Test suite" status="passed" time="0.057034726">
              <system-err>&gt; Enter [BeforeEach] Check Default values - /go/src/github.com/kubevirt/hyperconverged-cluster-operator/tests/func-tests/defaults_test.go:27 @ 04/23/25 16:45:32.064&#xA;&lt; Exit [BeforeEach] Check Default values - /go/src/github.com/kubevirt/hyperconverged-cluster-operator/tests/func-tests/defaults_test.go:27 @ 04/23/25 16:45:32.095 (31ms)&#xA;&gt; Enter [It] when removing /spec/liveMigrationConfig - /go/src/github.com/kubevirt/hyperconverged-cluster-operator/tests/func-tests/defaults_test.go:123 @ 04/23/25 16:45:32.095&#xA;&lt; Exit [It] when removing /spec/liveMigrationConfig - /go/src/github.com/kubevirt/hyperconverged-cluster-operator/tests/func-tests/defaults_test.go:123 @ 04/23/25 16:45:32.121 (26ms)&#xA;</system-err>
          </testcase>
          <testcase name="[It] Check Default values liveMigrationConfig defaults Check that liveMigrationConfig defaults are behaving as expected when removing /spec [defaults, Serial]" classname="HyperConverged cluster E2E Test suite" status="passed" time="0.053290887">
              <system-err>&gt; Enter [BeforeEach] Check Default values - /go/src/github.com/kubevirt/hyperconverged-cluster-operator/tests/func-tests/defaults_test.go:27 @ 04/23/25 16:45:32.121&#xA;&lt; Exit [BeforeEach] Check Default values - /go/src/github.com/kubevirt/hyperconverged-cluster-operator/tests/func-tests/defaults_test.go:27 @ 04/23/25 16:45:32.151 (30ms)&#xA;&gt; Enter [It] when removing /spec - /go/src/github.com/kubevirt/hyperconverged-cluster-operator/tests/func-tests/defaults_test.go:124 @ 04/23/25 16:45:32.151&#xA;&lt; Exit [It] when removing /spec - /go/src/github.com/kubevirt/hyperconverged-cluster-operator/tests/func-tests/defaults_test.go:124 @ 04/23/25 16:45:32.175 (23ms)&#xA;</system-err>
          </testcase>
          <testcase name="[It] Check Default values resourceRequirements defaults Check that resourceRequirements defaults are behaving as expected when removing /spec/resourceRequirements/vmiCPUAllocationRatio [defaults, Serial]" classname="HyperConverged cluster E2E Test suite" status="passed" time="0.077507794">
              <system-err>&gt; Enter [BeforeEach] Check Default values - /go/src/github.com/kubevirt/hyperconverged-cluster-operator/tests/func-tests/defaults_test.go:27 @ 04/23/25 16:45:32.175&#xA;&lt; Exit [BeforeEach] Check Default values - /go/src/github.com/kubevirt/hyperconverged-cluster-operator/tests/func-tests/defaults_test.go:27 @ 04/23/25 16:45:32.205 (30ms)&#xA;&gt; Enter [It] when removing /spec/resourceRequirements/vmiCPUAllocationRatio - /go/src/github.com/kubevirt/hyperconverged-cluster-operator/tests/func-tests/defaults_test.go:144 @ 04/23/25 16:45:32.205&#xA;&lt; Exit [It] when removing /spec/resourceRequirements/vmiCPUAllocationRatio - /go/src/github.com/kubevirt/hyperconverged-cluster-operator/tests/func-tests/defaults_test.go:144 @ 04/23/25 16:45:32.252 (47ms)&#xA;</system-err>
          </testcase>
          <testcase name="[It] Check Default values resourceRequirements defaults Check that resourceRequirements defaults are behaving as expected when removing /spec/resourceRequirements [defaults, Serial]" classname="HyperConverged cluster E2E Test suite" status="passed" time="0.338499457">
              <system-err>&gt; Enter [BeforeEach] Check Default values - /go/src/github.com/kubevirt/hyperconverged-cluster-operator/tests/func-tests/defaults_test.go:27 @ 04/23/25 16:45:32.252&#xA;&lt; Exit [BeforeEach] Check Default values - /go/src/github.com/kubevirt/hyperconverged-cluster-operator/tests/func-tests/defaults_test.go:27 @ 04/23/25 16:45:32.565 (313ms)&#xA;&gt; Enter [It] when removing /spec/resourceRequirements - /go/src/github.com/kubevirt/hyperconverged-cluster-operator/tests/func-tests/defaults_test.go:145 @ 04/23/25 16:45:32.565&#xA;&lt; Exit [It] when removing /spec/resourceRequirements - /go/src/github.com/kubevirt/hyperconverged-cluster-operator/tests/func-tests/defaults_test.go:145 @ 04/23/25 16:45:32.591 (26ms)&#xA;</system-err>
          </testcase>
          <testcase name="[It] Check Default values resourceRequirements defaults Check that resourceRequirements defaults are behaving as expected when removing /spec [defaults, Serial]" classname="HyperConverged cluster E2E Test suite" status="passed" time="0.056949836">
              <system-err>&gt; Enter [BeforeEach] Check Default values - /go/src/github.com/kubevirt/hyperconverged-cluster-operator/tests/func-tests/defaults_test.go:27 @ 04/23/25 16:45:32.591&#xA;&lt; Exit [BeforeEach] Check Default values - /go/src/github.com/kubevirt/hyperconverged-cluster-operator/tests/func-tests/defaults_test.go:27 @ 04/23/25 16:45:32.625 (34ms)&#xA;&gt; Enter [It] when removing /spec - /go/src/github.com/kubevirt/hyperconverged-cluster-operator/tests/func-tests/defaults_test.go:146 @ 04/23/25 16:45:32.625&#xA;&lt; Exit [It] when removing /spec - /go/src/github.com/kubevirt/hyperconverged-cluster-operator/tests/func-tests/defaults_test.go:146 @ 04/23/25 16:45:32.648 (23ms)&#xA;</system-err>
          </testcase>
          <testcase name="[It] Check Default values workloadUpdateStrategy defaults Check that workloadUpdateStrategy defaults are behaving as expected when removing /spec/workloadUpdateStrategy/batchEvictionInterval [defaults, Serial]" classname="HyperConverged cluster E2E Test suite" status="passed" time="0.058855292">
              <system-err>&gt; Enter [BeforeEach] Check Default values - /go/src/github.com/kubevirt/hyperconverged-cluster-operator/tests/func-tests/defaults_test.go:27 @ 04/23/25 16:45:32.648&#xA;&lt; Exit [BeforeEach] Check Default values - /go/src/github.com/kubevirt/hyperconverged-cluster-operator/tests/func-tests/defaults_test.go:27 @ 04/23/25 16:45:32.68 (32ms)&#xA;&gt; Enter [It] when removing /spec/workloadUpdateStrategy/batchEvictionInterval - /go/src/github.com/kubevirt/hyperconverged-cluster-operator/tests/func-tests/defaults_test.go:168 @ 04/23/25 16:45:32.68&#xA;&lt; Exit [It] when removing /spec/workloadUpdateStrategy/batchEvictionInterval - /go/src/github.com/kubevirt/hyperconverged-cluster-operator/tests/func-tests/defaults_test.go:168 @ 04/23/25 16:45:32.707 (27ms)&#xA;</system-err>
          </testcase>
          <testcase name="[It] Check Default values workloadUpdateStrategy defaults Check that workloadUpdateStrategy defaults are behaving as expected when removing /spec/workloadUpdateStrategy/batchEvictionSize [defaults, Serial]" classname="HyperConverged cluster E2E Test suite" status="passed" time="0.063963441">
              <system-err>&gt; Enter [BeforeEach] Check Default values - /go/src/github.com/kubevirt/hyperconverged-cluster-operator/tests/func-tests/defaults_test.go:27 @ 04/23/25 16:45:32.707&#xA;&lt; Exit [BeforeEach] Check Default values - /go/src/github.com/kubevirt/hyperconverged-cluster-operator/tests/func-tests/defaults_test.go:27 @ 04/23/25 16:45:32.745 (38ms)&#xA;&gt; Enter [It] when removing /spec/workloadUpdateStrategy/batchEvictionSize - /go/src/github.com/kubevirt/hyperconverged-cluster-operator/tests/func-tests/defaults_test.go:169 @ 04/23/25 16:45:32.745&#xA;&lt; Exit [It] when removing /spec/workloadUpdateStrategy/batchEvictionSize - /go/src/github.com/kubevirt/hyperconverged-cluster-operator/tests/func-tests/defaults_test.go:169 @ 04/23/25 16:45:32.771 (26ms)&#xA;</system-err>
          </testcase>
          <testcase name="[It] Check Default values workloadUpdateStrategy defaults Check that workloadUpdateStrategy defaults are behaving as expected when removing /spec/workloadUpdateStrategy/workloadUpdateMethods [defaults, Serial]" classname="HyperConverged cluster E2E Test suite" status="passed" time="0.055607761">
              <system-err>&gt; Enter [BeforeEach] Check Default values - /go/src/github.com/kubevirt/hyperconverged-cluster-operator/tests/func-tests/defaults_test.go:27 @ 04/23/25 16:45:32.771&#xA;&lt; Exit [BeforeEach] Check Default values - /go/src/github.com/kubevirt/hyperconverged-cluster-operator/tests/func-tests/defaults_test.go:27 @ 04/23/25 16:45:32.802 (31ms)&#xA;&gt; Enter [It] when removing /spec/workloadUpdateStrategy/workloadUpdateMethods - /go/src/github.com/kubevirt/hyperconverged-cluster-operator/tests/func-tests/defaults_test.go:170 @ 04/23/25 16:45:32.802&#xA;&lt; Exit [It] when removing /spec/workloadUpdateStrategy/workloadUpdateMethods - /go/src/github.com/kubevirt/hyperconverged-cluster-operator/tests/func-tests/defaults_test.go:170 @ 04/23/25 16:45:32.827 (25ms)&#xA;</system-err>
          </testcase>
          <testcase name="[It] Check Default values workloadUpdateStrategy defaults Check that workloadUpdateStrategy defaults are behaving as expected when removing /spec/workloadUpdateStrategy [defaults, Serial]" classname="HyperConverged cluster E2E Test suite" status="passed" time="0.053942722">
              <system-err>&gt; Enter [BeforeEach] Check Default values - /go/src/github.com/kubevirt/hyperconverged-cluster-operator/tests/func-tests/defaults_test.go:27 @ 04/23/25 16:45:32.827&#xA;&lt; Exit [BeforeEach] Check Default values - /go/src/github.com/kubevirt/hyperconverged-cluster-operator/tests/func-tests/defaults_test.go:27 @ 04/23/25 16:45:32.86 (33ms)&#xA;&gt; Enter [It] when removing /spec/workloadUpdateStrategy - /go/src/github.com/kubevirt/hyperconverged-cluster-operator/tests/func-tests/defaults_test.go:171 @ 04/23/25 16:45:32.86&#xA;&lt; Exit [It] when removing /spec/workloadUpdateStrategy - /go/src/github.com/kubevirt/hyperconverged-cluster-operator/tests/func-tests/defaults_test.go:171 @ 04/23/25 16:45:32.881 (21ms)&#xA;</system-err>
          </testcase>
          <testcase name="[It] Check Default values workloadUpdateStrategy defaults Check that workloadUpdateStrategy defaults are behaving as expected when removing /spec [defaults, Serial]" classname="HyperConverged cluster E2E Test suite" status="passed" time="0.053666178">
              <system-err>&gt; Enter [BeforeEach] Check Default values - /go/src/github.com/kubevirt/hyperconverged-cluster-operator/tests/func-tests/defaults_test.go:27 @ 04/23/25 16:45:32.881&#xA;&lt; Exit [BeforeEach] Check Default values - /go/src/github.com/kubevirt/hyperconverged-cluster-operator/tests/func-tests/defaults_test.go:27 @ 04/23/25 16:45:32.908 (28ms)&#xA;&gt; Enter [It] when removing /spec - /go/src/github.com/kubevirt/hyperconverged-cluster-operator/tests/func-tests/defaults_test.go:172 @ 04/23/25 16:45:32.908&#xA;&lt; Exit [It] when removing /spec - /go/src/github.com/kubevirt/hyperconverged-cluster-operator/tests/func-tests/defaults_test.go:172 @ 04/23/25 16:45:32.934 (26ms)&#xA;</system-err>
          </testcase>
          <testcase name="[It] Check Default values uninstallStrategy defaults Check that uninstallStrategy default is behaving as expected when removing /spec/uninstallStrategy [defaults, Serial]" classname="HyperConverged cluster E2E Test suite" status="passed" time="0.052647341">
              <system-err>&gt; Enter [BeforeEach] Check Default values - /go/src/github.com/kubevirt/hyperconverged-cluster-operator/tests/func-tests/defaults_test.go:27 @ 04/23/25 16:45:32.935&#xA;&lt; Exit [BeforeEach] Check Default values - /go/src/github.com/kubevirt/hyperconverged-cluster-operator/tests/func-tests/defaults_test.go:27 @ 04/23/25 16:45:32.966 (32ms)&#xA;&gt; Enter [It] when removing /spec/uninstallStrategy - /go/src/github.com/kubevirt/hyperconverged-cluster-operator/tests/func-tests/defaults_test.go:190 @ 04/23/25 16:45:32.966&#xA;&lt; Exit [It] when removing /spec/uninstallStrategy - /go/src/github.com/kubevirt/hyperconverged-cluster-operator/tests/func-tests/defaults_test.go:190 @ 04/23/25 16:45:32.987 (21ms)&#xA;</system-err>
          </testcase>
          <testcase name="[It] Check Default values uninstallStrategy defaults Check that uninstallStrategy default is behaving as expected when removing /spec [defaults, Serial]" classname="HyperConverged cluster E2E Test suite" status="passed" time="0.074364327">
              <system-err>&gt; Enter [BeforeEach] Check Default values - /go/src/github.com/kubevirt/hyperconverged-cluster-operator/tests/func-tests/defaults_test.go:27 @ 04/23/25 16:45:32.987&#xA;&lt; Exit [BeforeEach] Check Default values - /go/src/github.com/kubevirt/hyperconverged-cluster-operator/tests/func-tests/defaults_test.go:27 @ 04/23/25 16:45:33.025 (38ms)&#xA;&gt; Enter [It] when removing /spec - /go/src/github.com/kubevirt/hyperconverged-cluster-operator/tests/func-tests/defaults_test.go:191 @ 04/23/25 16:45:33.025&#xA;&lt; Exit [It] when removing /spec - /go/src/github.com/kubevirt/hyperconverged-cluster-operator/tests/func-tests/defaults_test.go:191 @ 04/23/25 16:45:33.062 (36ms)&#xA;</system-err>
          </testcase>
          <testcase name="[It] Check Default values VirtualMachineOptions defaults Check that featureGates defaults are behaving as expected when removing /spec/virtualMachineOptions/disableFreePageReporting [defaults, Serial]" classname="HyperConverged cluster E2E Test suite" status="passed" time="0.05540014">
              <system-err>&gt; Enter [BeforeEach] Check Default values - /go/src/github.com/kubevirt/hyperconverged-cluster-operator/tests/func-tests/defaults_test.go:27 @ 04/23/25 16:45:33.062&#xA;&lt; Exit [BeforeEach] Check Default values - /go/src/github.com/kubevirt/hyperconverged-cluster-operator/tests/func-tests/defaults_test.go:27 @ 04/23/25 16:45:33.093 (31ms)&#xA;&gt; Enter [It] when removing /spec/virtualMachineOptions/disableFreePageReporting - /go/src/github.com/kubevirt/hyperconverged-cluster-operator/tests/func-tests/defaults_test.go:212 @ 04/23/25 16:45:33.093&#xA;&lt; Exit [It] when removing /spec/virtualMachineOptions/disableFreePageReporting - /go/src/github.com/kubevirt/hyperconverged-cluster-operator/tests/func-tests/defaults_test.go:212 @ 04/23/25 16:45:33.117 (24ms)&#xA;</system-err>
          </testcase>
          <testcase name="[It] Check Default values VirtualMachineOptions defaults Check that featureGates defaults are behaving as expected when removing /spec/virtualMachineOptions/disableSerialConsoleLog [defaults, Serial]" classname="HyperConverged cluster E2E Test suite" status="passed" time="0.059889085">
              <system-err>&gt; Enter [BeforeEach] Check Default values - /go/src/github.com/kubevirt/hyperconverged-cluster-operator/tests/func-tests/defaults_test.go:27 @ 04/23/25 16:45:33.117&#xA;&lt; Exit [BeforeEach] Check Default values - /go/src/github.com/kubevirt/hyperconverged-cluster-operator/tests/func-tests/defaults_test.go:27 @ 04/23/25 16:45:33.151 (34ms)&#xA;&gt; Enter [It] when removing /spec/virtualMachineOptions/disableSerialConsoleLog - /go/src/github.com/kubevirt/hyperconverged-cluster-operator/tests/func-tests/defaults_test.go:213 @ 04/23/25 16:45:33.151&#xA;&lt; Exit [It] when removing /spec/virtualMachineOptions/disableSerialConsoleLog - /go/src/github.com/kubevirt/hyperconverged-cluster-operator/tests/func-tests/defaults_test.go:213 @ 04/23/25 16:45:33.177 (26ms)&#xA;</system-err>
          </testcase>
          <testcase name="[It] Check Default values VirtualMachineOptions defaults Check that featureGates defaults are behaving as expected when removing /spec/virtualMachineOptions [defaults, Serial]" classname="HyperConverged cluster E2E Test suite" status="passed" time="0.059084056">
              <system-err>&gt; Enter [BeforeEach] Check Default values - /go/src/github.com/kubevirt/hyperconverged-cluster-operator/tests/func-tests/defaults_test.go:27 @ 04/23/25 16:45:33.177&#xA;&lt; Exit [BeforeEach] Check Default values - /go/src/github.com/kubevirt/hyperconverged-cluster-operator/tests/func-tests/defaults_test.go:27 @ 04/23/25 16:45:33.211 (33ms)&#xA;&gt; Enter [It] when removing /spec/virtualMachineOptions - /go/src/github.com/kubevirt/hyperconverged-cluster-operator/tests/func-tests/defaults_test.go:214 @ 04/23/25 16:45:33.211&#xA;&lt; Exit [It] when removing /spec/virtualMachineOptions - /go/src/github.com/kubevirt/hyperconverged-cluster-operator/tests/func-tests/defaults_test.go:214 @ 04/23/25 16:45:33.236 (26ms)&#xA;</system-err>
          </testcase>
          <testcase name="[It] Check Default values VirtualMachineOptions defaults Check that featureGates defaults are behaving as expected when removing /spec [defaults, Serial]" classname="HyperConverged cluster E2E Test suite" status="passed" time="0.080428638">
              <system-err>&gt; Enter [BeforeEach] Check Default values - /go/src/github.com/kubevirt/hyperconverged-cluster-operator/tests/func-tests/defaults_test.go:27 @ 04/23/25 16:45:33.237&#xA;&lt; Exit [BeforeEach] Check Default values - /go/src/github.com/kubevirt/hyperconverged-cluster-operator/tests/func-tests/defaults_test.go:27 @ 04/23/25 16:45:33.287 (51ms)&#xA;&gt; Enter [It] when removing /spec - /go/src/github.com/kubevirt/hyperconverged-cluster-operator/tests/func-tests/defaults_test.go:215 @ 04/23/25 16:45:33.287&#xA;&lt; Exit [It] when removing /spec - /go/src/github.com/kubevirt/hyperconverged-cluster-operator/tests/func-tests/defaults_test.go:215 @ 04/23/25 16:45:33.317 (30ms)&#xA;</system-err>
          </testcase>
          <testcase name="[It] Check Default values HigherWorkloadDensity defaults Check that HigherWorkloadDensity defaults are behaving as expected when removing /spec/higherWorkloadDensity/memoryOvercommitPercentage [defaults, Serial]" classname="HyperConverged cluster E2E Test suite" status="passed" time="0.061715142">
              <system-err>&gt; Enter [BeforeEach] Check Default values - /go/src/github.com/kubevirt/hyperconverged-cluster-operator/tests/func-tests/defaults_test.go:27 @ 04/23/25 16:45:33.317&#xA;&lt; Exit [BeforeEach] Check Default values - /go/src/github.com/kubevirt/hyperconverged-cluster-operator/tests/func-tests/defaults_test.go:27 @ 04/23/25 16:45:33.352 (35ms)&#xA;&gt; Enter [It] when removing /spec/higherWorkloadDensity/memoryOvercommitPercentage - /go/src/github.com/kubevirt/hyperconverged-cluster-operator/tests/func-tests/defaults_test.go:235 @ 04/23/25 16:45:33.352&#xA;&lt; Exit [It] when removing /spec/higherWorkloadDensity/memoryOvercommitPercentage - /go/src/github.com/kubevirt/hyperconverged-cluster-operator/tests/func-tests/defaults_test.go:235 @ 04/23/25 16:45:33.379 (27ms)&#xA;</system-err>
          </testcase>
          <testcase name="[It] Check Default values HigherWorkloadDensity defaults Check that HigherWorkloadDensity defaults are behaving as expected when removing /spec/higherWorkloadDensity [defaults, Serial]" classname="HyperConverged cluster E2E Test suite" status="passed" time="0.058198992">
              <system-err>&gt; Enter [BeforeEach] Check Default values - /go/src/github.com/kubevirt/hyperconverged-cluster-operator/tests/func-tests/defaults_test.go:27 @ 04/23/25 16:45:33.379&#xA;&lt; Exit [BeforeEach] Check Default values - /go/src/github.com/kubevirt/hyperconverged-cluster-operator/tests/func-tests/defaults_test.go:27 @ 04/23/25 16:45:33.411 (32ms)&#xA;&gt; Enter [It] when removing /spec/higherWorkloadDensity - /go/src/github.com/kubevirt/hyperconverged-cluster-operator/tests/func-tests/defaults_test.go:236 @ 04/23/25 16:45:33.411&#xA;&lt; Exit [It] when removing /spec/higherWorkloadDensity - /go/src/github.com/kubevirt/hyperconverged-cluster-operator/tests/func-tests/defaults_test.go:236 @ 04/23/25 16:45:33.437 (26ms)&#xA;</system-err>
          </testcase>
          <testcase name="[It] Check Default values HigherWorkloadDensity defaults Check that HigherWorkloadDensity defaults are behaving as expected when removing /spec [defaults, Serial]" classname="HyperConverged cluster E2E Test suite" status="passed" time="0.056593438">
              <system-err>&gt; Enter [BeforeEach] Check Default values - /go/src/github.com/kubevirt/hyperconverged-cluster-operator/tests/func-tests/defaults_test.go:27 @ 04/23/25 16:45:33.437&#xA;&lt; Exit [BeforeEach] Check Default values - /go/src/github.com/kubevirt/hyperconverged-cluster-operator/tests/func-tests/defaults_test.go:27 @ 04/23/25 16:45:33.47 (32ms)&#xA;&gt; Enter [It] when removing /spec - /go/src/github.com/kubevirt/hyperconverged-cluster-operator/tests/func-tests/defaults_test.go:237 @ 04/23/25 16:45:33.47&#xA;&lt; Exit [It] when removing /spec - /go/src/github.com/kubevirt/hyperconverged-cluster-operator/tests/func-tests/defaults_test.go:237 @ 04/23/25 16:45:33.494 (24ms)&#xA;</system-err>
          </testcase>
          <testcase name="[It] [rfe_id:5108][crit:medium][vendor:cnv-qe@redhat.com][level:system]Dashboard configmaps [test_id:5919]should create configmaps for OCP Dashboard [OpenShift, test_id:5919]" classname="HyperConverged cluster E2E Test suite" status="passed" time="0.005930189">
[...]
              <system-err>&gt; Enter [BeforeEach] golden image test - /go/src/github.com/kubevirt/hyperconverged-cluster-operator/tests/func-tests/golden_image_test.go:68 @ 04/23/25 16:46:04.374&#xA;&lt; Exit [BeforeEach] golden image test - /go/src/github.com/kubevirt/hyperconverged-cluster-operator/tests/func-tests/golden_image_test.go:68 @ 04/23/25 16:46:04.375 (1ms)&#xA;&gt; Enter [It] should not change existing annotation in the DICT - /go/src/github.com/kubevirt/hyperconverged-cluster-operator/tests/func-tests/golden_image_test.go:328 @ 04/23/25 16:46:04.375&#xA;KubeAPIWarningLogger &#34;level&#34;=0 &#34;msg&#34;=&#34;unknown field \&#34;spec.dataImportCronTemplates[0].metadata.creationTimestamp\&#34;&#34;&#xA;KubeAPIWarningLogger &#34;level&#34;=0 &#34;msg&#34;=&#34;unknown field \&#34;spec.dataImportCronTemplates[0].spec.template.metadata.creationTimestamp\&#34;&#34;&#xA;KubeAPIWarningLogger &#34;level&#34;=0 &#34;msg&#34;=&#34;unknown field \&#34;spec.dataImportCronTemplates[0].metadata.creationTimestamp\&#34;&#34;&#xA;KubeAPIWarningLogger &#34;level&#34;=0 &#34;msg&#34;=&#34;unknown field \&#34;spec.dataImportCronTemplates[0].spec.template.metadata.creationTimestamp\&#34;&#34;&#xA;&lt; Exit [It] should not change existing annotation in the DICT - /go/src/github.com/kubevirt/hyperconverged-cluster-operator/tests/func-tests/golden_image_test.go:328 @ 04/23/25 16:46:05.58 (1.204s)&#xA;&gt; Enter [AfterEach] test annotations - /go/src/github.com/kubevirt/hyperconverged-cluster-operator/tests/func-tests/golden_image_test.go:296 @ 04/23/25 16:46:05.58&#xA;&lt; Exit [AfterEach] test annotations - /go/src/github.com/kubevirt/hyperconverged-cluster-operator/tests/func-tests/golden_image_test.go:296 @ 04/23/25 16:46:06.733 (1.154s)&#xA;</system-err>
          </testcase>
          <testcase name="[It] [rfe_id:5100][crit:medium][vendor:cnv-qe@redhat.com][level:system]HyperConverged Cluster Operator should create ConsoleCliDownload objects [test_id:6956]should create ConsoleCliDownload objects with expected spec [OpenShift, ConsoleCliDownload, test_id:6956]" classname="HyperConverged cluster E2E Test suite" status="passed" time="0.227266786">
              <system-err>&gt; Enter [BeforeEach] [rfe_id:5100][crit:medium][vendor:cnv-qe@redhat.com][level:system]HyperConverged Cluster Operator should create ConsoleCliDownload objects - /go/src/github.com/kubevirt/hyperconverged-cluster-operator/tests/func-tests/cli_download_test.go:36 @ 04/23/25 16:46:06.734&#xA;&lt; Exit [BeforeEach] [rfe_id:5100][crit:medium][vendor:cnv-qe@redhat.com][level:system]HyperConverged Cluster Operator should create ConsoleCliDownload objects - /go/src/github.com/kubevirt/hyperconverged-cluster-operator/tests/func-tests/cli_download_test.go:36 @ 04/23/25 16:46:06.737 (3ms)&#xA;&gt; Enter [It] [test_id:6956]should create ConsoleCliDownload objects with expected spec - /go/src/github.com/kubevirt/hyperconverged-cluster-operator/tests/func-tests/cli_download_test.go:49 @ 04/23/25 16:46:06.737&#xA;STEP: Checking existence of ConsoleCliDownload - /go/src/github.com/kubevirt/hyperconverged-cluster-operator/tests/func-tests/cli_download_test.go:50 @ 04/23/25 16:46:06.737&#xA;STEP: Checking links. Link:https://hyperconverged-cluster-cli-download-kubevirt-hyperconverged.apps.ci-op-w5qtjkyv-2184d.cnv-ci.syseng.devcluster.openshift.com/amd64/linux/virtctl.tar.gz - /go/src/github.com/kubevirt/hyperconverged-cluster-operator/tests/func-tests/cli_download_test.go:68 @ 04/23/25 16:46:06.753&#xA;STEP: Checking links. Link:https://hyperconverged-cluster-cli-download-kubevirt-hyperconverged.apps.ci-op-w5qtjkyv-2184d.cnv-ci.syseng.devcluster.openshift.com/arm64/linux/virtctl.tar.gz - /go/src/github.com/kubevirt/hyperconverged-cluster-operator/tests/func-tests/cli_download_test.go:68 @ 04/23/25 16:46:06.784&#xA;STEP: Checking links. Link:https://hyperconverged-cluster-cli-download-kubevirt-hyperconverged.apps.ci-op-w5qtjkyv-2184d.cnv-ci.syseng.devcluster.openshift.com/s390x/linux/virtctl.tar.gz - /go/src/github.com/kubevirt/hyperconverged-cluster-operator/tests/func-tests/cli_download_test.go:68 @ 04/23/25 16:46:06.803&#xA;STEP: Checking links. Link:https://hyperconverged-cluster-cli-download-kubevirt-hyperconverged.apps.ci-op-w5qtjkyv-2184d.cnv-ci.syseng.devcluster.openshift.com/amd64/mac/virtctl.zip - /go/src/github.com/kubevirt/hyperconverged-cluster-operator/tests/func-tests/cli_download_test.go:68 @ 04/23/25 16:46:06.839&#xA;STEP: Checking links. Link:https://hyperconverged-cluster-cli-download-kubevirt-hyperconverged.apps.ci-op-w5qtjkyv-2184d.cnv-ci.syseng.devcluster.openshift.com/arm64/mac/virtctl.zip - /go/src/github.com/kubevirt/hyperconverged-cluster-operator/tests/func-tests/cli_download_test.go:68 @ 04/23/25 16:46:06.893&#xA;STEP: Checking links. Link:https://hyperconverged-cluster-cli-download-kubevirt-hyperconverged.apps.ci-op-w5qtjkyv-2184d.cnv-ci.syseng.devcluster.openshift.com/amd64/windows/virtctl.zip - /go/src/github.com/kubevirt/hyperconverged-cluster-operator/tests/func-tests/cli_download_test.go:68 @ 04/23/25 16:46:06.928&#xA;&lt; Exit [It] [test_id:6956]should create ConsoleCliDownload objects with expected spec - /go/src/github.com/kubevirt/hyperconverged-cluster-operator/tests/func-tests/cli_download_test.go:49 @ 04/23/25 16:46:06.961 (224ms)&#xA;</system-err>
          </testcase>
          <testcase name="[It] [rfe_id:5100][crit:medium][vendor:cnv-qe@redhat.com][level:system]HyperConverged Cluster Operator should create ConsoleCliDownload objects URL Download customization should allow download URL customisation [OpenShift, ConsoleCliDownload, custom_dl_link]" classname="HyperConverged cluster E2E Test suite" status="passed" time="1.374795304">
              <system-err>&gt; Enter [BeforeEach] [rfe_id:5100][crit:medium][vendor:cnv-qe@redhat.com][level:system]HyperConverged Cluster Operator should create ConsoleCliDownload objects - /go/src/github.com/kubevirt/hyperconverged-cluster-operator/tests/func-tests/cli_download_test.go:36 @ 04/23/25 16:46:06.961&#xA;&lt; Exit [BeforeEach] [rfe_id:5100][crit:medium][vendor:cnv-qe@redhat.com][level:system]HyperConverged Cluster Operator should create ConsoleCliDownload objects - /go/src/github.com/kubevirt/hyperconverged-cluster-operator/tests/func-tests/cli_download_test.go:36 @ 04/23/25 16:46:06.965 (4ms)&#xA;&gt; Enter [BeforeEach] URL Download customization - /go/src/github.com/kubevirt/hyperconverged-cluster-operator/tests/func-tests/cli_download_test.go:83 @ 04/23/25 16:46:06.965&#xA;Reading the Ingress before&#xA;&lt; Exit [BeforeEach] URL Download customization - /go/src/github.com/kubevirt/hyperconverged-cluster-operator/tests/func-tests/cli_download_test.go:83 @ 04/23/25 16:46:06.982 (16ms)&#xA;&gt; Enter [It] should allow download URL customisation - /go/src/github.com/kubevirt/hyperconverged-cluster-operator/tests/func-tests/cli_download_test.go:110 @ 04/23/25 16:46:06.982&#xA;STEP: make sure the ingress contains the virt-downloads route component - /go/src/github.com/kubevirt/hyperconverged-cluster-operator/tests/func-tests/cli_download_test.go:111 @ 04/23/25 16:46:06.982&#xA;STEP: customize the virt-downloads route, to set another host - /go/src/github.com/kubevirt/hyperconverged-cluster-operator/tests/func-tests/cli_download_test.go:119 @ 04/23/25 16:46:06.984&#xA;STEP: checking ConsoleCLIDownload links - /go/src/github.com/kubevirt/hyperconverged-cluster-operator/tests/func-tests/cli_download_test.go:131 @ 04/23/25 16:46:07.003&#xA;&lt; Exit [It] should allow download URL customisation - /go/src/github.com/kubevirt/hyperconverged-cluster-operator/tests/func-tests/cli_download_test.go:110 @ 04/23/25 16:46:08.275 (1.293s)&#xA;&gt; Enter [AfterEach] URL Download customization - /go/src/github.com/kubevirt/hyperconverged-cluster-operator/tests/func-tests/cli_download_test.go:99 @ 04/23/25 16:46:08.275&#xA;restoring the custom routes after the test&#xA;&lt; Exit [AfterEach] URL Download customization - /go/src/github.com/kubevirt/hyperconverged-cluster-operator/tests/func-tests/cli_download_test.go:99 @ 04/23/25 16:46:08.336 (61ms)&#xA;</system-err>
          </testcase>
          <testcase name="[It] [crit:high][vendor:cnv-qe@redhat.com][level:system]Monitoring Alert rules should have all the required annotations [Serial, OpenShift, monitoring]" classname="HyperConverged cluster E2E Test suite" status="passed" time="5.465422569">
              <system-err>&gt; Enter [BeforeEach] [crit:high][vendor:cnv-qe@redhat.com][level:system]Monitoring - /go/src/github.com/kubevirt/hyperconverged-cluster-operator/tests/func-tests/monitoring_test.go:60 @ 04/23/25 16:46:08.337&#xA;&lt; Exit [BeforeEach] [crit:high][vendor:cnv-qe@redhat.com][level:system]Monitoring - /go/src/github.com/kubevirt/hyperconverged-cluster-operator/tests/func-tests/monitoring_test.go:60 @ 04/23/25 16:46:13.429 (5.093s)&#xA;&gt; Enter [It] Alert rules should have all the required annotations - /go/src/github.com/kubevirt/hyperconverged-cluster-operator/tests/func-tests/monitoring_test.go:76 @ 04/23/25 16:46:13.429&#xA;&lt; Exit [It] Alert rules should have all the required annotations - /go/src/github.com/kubevirt/hyperconverged-cluster-operator/tests/func-tests/monitoring_test.go:76 @ 04/23/25 16:46:13.802 (373ms)&#xA;</system-err>
          </testcase>
          <testcase name="[It] [crit:high][vendor:cnv-qe@redhat.com][level:system]Monitoring Alert rules should have all the requried labels [Serial, OpenShift, monitoring]" classname="HyperConverged cluster E2E Test suite" status="passed" time="0.026942719">
              <system-err>&gt; Enter [BeforeEach] [crit:high][vendor:cnv-qe@redhat.com][level:system]Monitoring - /go/src/github.com/kubevirt/hyperconverged-cluster-operator/tests/func-tests/monitoring_test.go:60 @ 04/23/25 16:46:13.802&#xA;&lt; Exit [BeforeEach] [crit:high][vendor:cnv-qe@redhat.com][level:system]Monitoring - /go/src/github.com/kubevirt/hyperconverged-cluster-operator/tests/func-tests/monitoring_test.go:60 @ 04/23/25 16:46:13.829 (27ms)&#xA;&gt; Enter [It] Alert rules should have all the requried labels - /go/src/github.com/kubevirt/hyperconverged-cluster-operator/tests/func-tests/monitoring_test.go:92 @ 04/23/25 16:46:13.829&#xA;&lt; Exit [It] Alert rules should have all the requried labels - /go/src/github.com/kubevirt/hyperconverged-cluster-operator/tests/func-tests/monitoring_test.go:92 @ 04/23/25 16:46:13.829 (0s)&#xA;</system-err>
          </testcase>
          <testcase name="[It] [crit:high][vendor:cnv-qe@redhat.com][level:system]Monitoring KubeVirtCRModified alert should fired when there is a modification on a CR [Serial, OpenShift, monitoring]" classname="HyperConverged cluster E2E Test suite" status="passed" time="171.629054077">
              <system-err>&gt; Enter [BeforeEach] [crit:high][vendor:cnv-qe@redhat.com][level:system]Monitoring - /go/src/github.com/kubevirt/hyperconverged-cluster-operator/tests/func-tests/monitoring_test.go:60 @ 04/23/25 16:46:13.83&#xA;&lt; Exit [BeforeEach] [crit:high][vendor:cnv-qe@redhat.com][level:system]Monitoring - /go/src/github.com/kubevirt/hyperconverged-cluster-operator/tests/func-tests/monitoring_test.go:60 @ 04/23/25 16:46:13.859 (30ms)&#xA;&gt; Enter [It] KubeVirtCRModified alert should fired when there is a modification on a CR - /go/src/github.com/kubevirt/hyperconverged-cluster-operator/tests/func-tests/monitoring_test.go:109 @ 04/23/25 16:46:13.859&#xA;STEP: Reading the `kubevirt_hco_out_of_band_modifications_total{component_name=&#34;kubevirt/kubevirt-kubevirt-hyperconverged&#34;}` metric from HCO prometheus endpoint - /go/src/github.com/kubevirt/hyperconverged-cluster-operator/tests/func-tests/monitoring_test.go:116 @ 04/23/25 16:46:13.859&#xA;The metric value before the test is: 0.00&#xA;STEP: Patching kubevirt object - /go/src/github.com/kubevirt/hyperconverged-cluster-operator/tests/func-tests/monitoring_test.go:125 @ 04/23/25 16:46:13.925&#xA;STEP: checking that the HCO metric was increased by 1 - /go/src/github.com/kubevirt/hyperconverged-cluster-operator/tests/func-tests/monitoring_test.go:137 @ 04/23/25 16:46:14.06&#xA;STEP: Checking the alert - /go/src/github.com/kubevirt/hyperconverged-cluster-operator/tests/func-tests/monitoring_test.go:151 @ 04/23/25 16:46:15.143&#xA;&lt; Exit [It] KubeVirtCRModified alert should fired when there is a modification on a CR - /go/src/github.com/kubevirt/hyperconverged-cluster-operator/tests/func-tests/monitoring_test.go:109 @ 04/23/25 16:49:05.459 (2m51.599s)&#xA;</system-err>
          </testcase>
          <testcase name="[It] [crit:high][vendor:cnv-qe@redhat.com][level:system]Monitoring UnsupportedHCOModification alert should fired when there is an jsonpatch annotation to modify an operand CRs [Serial, OpenShift, monitoring]" classname="HyperConverged cluster E2E Test suite" status="passed" time="30.169084165">
              <system-err>&gt; Enter [BeforeEach] [crit:high][vendor:cnv-qe@redhat.com][level:system]Monitoring - /go/src/github.com/kubevirt/hyperconverged-cluster-operator/tests/func-tests/monitoring_test.go:60 @ 04/23/25 16:49:05.459&#xA;&lt; Exit [BeforeEach] [crit:high][vendor:cnv-qe@redhat.com][level:system]Monitoring - /go/src/github.com/kubevirt/hyperconverged-cluster-operator/tests/func-tests/monitoring_test.go:60 @ 04/23/25 16:49:05.488 (30ms)&#xA;&gt; Enter [It] UnsupportedHCOModification alert should fired when there is an jsonpatch annotation to modify an operand CRs - /go/src/github.com/kubevirt/hyperconverged-cluster-operator/tests/func-tests/monitoring_test.go:160 @ 04/23/25 16:49:05.488&#xA;STEP: Updating HCO object with a new label - /go/src/github.com/kubevirt/hyperconverged-cluster-operator/tests/func-tests/monitoring_test.go:161 @ 04/23/25 16:49:05.489&#xA;&lt; Exit [It] UnsupportedHCOModification alert should fired when there is an jsonpatch annotation to modify an operand CRs - /go/src/github.com/kubevirt/hyperconverged-cluster-operator/tests/func-tests/monitoring_test.go:160 @ 04/23/25 16:49:35.628 (30.139s)&#xA;</system-err>
          </testcase>
          <testcase name="[It] [crit:high][vendor:cnv-qe@redhat.com][level:system]Monitoring KubeDescheduler KubeVirtCRModified alert should fired when KubeDescheduler is installed and not properly configured for KubeVirt [Serial, OpenShift, monitoring]" classname="HyperConverged cluster E2E Test suite" status="passed" time="90.191380485">
              <system-err>&gt; Enter [BeforeEach] [crit:high][vendor:cnv-qe@redhat.com][level:system]Monitoring - /go/src/github.com/kubevirt/hyperconverged-cluster-operator/tests/func-tests/monitoring_test.go:60 @ 04/23/25 16:49:35.628&#xA;&lt; Exit [BeforeEach] [crit:high][vendor:cnv-qe@redhat.com][level:system]Monitoring - /go/src/github.com/kubevirt/hyperconverged-cluster-operator/tests/func-tests/monitoring_test.go:60 @ 04/23/25 16:49:35.65 (22ms)&#xA;&gt; Enter [BeforeAll] KubeDescheduler - /go/src/github.com/kubevirt/hyperconverged-cluster-operator/tests/func-tests/monitoring_test.go:183 @ 04/23/25 16:49:35.65&#xA;&lt; Exit [BeforeAll] KubeDescheduler - /go/src/github.com/kubevirt/hyperconverged-cluster-operator/tests/func-tests/monitoring_test.go:183 @ 04/23/25 16:49:35.666 (16ms)&#xA;&gt; Enter [It] KubeVirtCRModified alert should fired when KubeDescheduler is installed and not properly configured for KubeVirt - /go/src/github.com/kubevirt/hyperconverged-cluster-operator/tests/func-tests/monitoring_test.go:215 @ 04/23/25 16:49:35.666&#xA;STEP: Reading the `kubevirt_hco_misconfigured_descheduler` metric from HCO prometheus endpoint - /go/src/github.com/kubevirt/hyperconverged-cluster-operator/tests/func-tests/monitoring_test.go:223 @ 04/23/25 16:49:35.666&#xA;The metric value before the test is: 0.00&#xA;STEP: Misconfiguring the descheduler - /go/src/github.com/kubevirt/hyperconverged-cluster-operator/tests/func-tests/monitoring_test.go:242 @ 04/23/25 16:49:35.687&#xA;STEP: checking that the metric reports it as misconfigured (1.0) - /go/src/github.com/kubevirt/hyperconverged-cluster-operator/tests/func-tests/monitoring_test.go:244 @ 04/23/25 16:49:35.692&#xA;STEP: checking that the prometheus metric reports it as misconfigured (0.0) - /go/src/github.com/kubevirt/hyperconverged-cluster-operator/tests/func-tests/monitoring_test.go:258 @ 04/23/25 16:49:35.699&#xA;STEP: Checking the alert - /go/src/github.com/kubevirt/hyperconverged-cluster-operator/tests/func-tests/monitoring_test.go:270 @ 04/23/25 16:50:05.733&#xA;STEP: Correctly configuring the descheduler for KubeVirt - /go/src/github.com/kubevirt/hyperconverged-cluster-operator/tests/func-tests/monitoring_test.go:278 @ 04/23/25 16:50:05.739&#xA;STEP: checking that the metric doesn&#39;t report it as misconfigured (0.0) - /go/src/github.com/kubevirt/hyperconverged-cluster-operator/tests/func-tests/monitoring_test.go:280 @ 04/23/25 16:50:05.745&#xA;STEP: checking that the prometheus metric doesn&#39;t report it as misconfigured (0.0) - /go/src/github.com/kubevirt/hyperconverged-cluster-operator/tests/func-tests/monitoring_test.go:294 @ 04/23/25 16:50:05.752&#xA;STEP: Checking the alert is not firing - /go/src/github.com/kubevirt/hyperconverged-cluster-operator/tests/func-tests/monitoring_test.go:306 @ 04/23/25 16:50:35.764&#xA;STEP: Misconfiguring a second time the descheduler - /go/src/github.com/kubevirt/hyperconverged-cluster-operator/tests/func-tests/monitoring_test.go:314 @ 04/23/25 16:50:35.766&#xA;STEP: checking that the metric reports it as misconfigured (1.0) - /go/src/github.com/kubevirt/hyperconverged-cluster-operator/tests/func-tests/monitoring_test.go:316 @ 04/23/25 16:50:35.773&#xA;STEP: checking that the prometheus metric reports it as misconfigured (0.0) - /go/src/github.com/kubevirt/hyperconverged-cluster-operator/tests/func-tests/monitoring_test.go:330 @ 04/23/25 16:50:35.781&#xA;STEP: Checking the alert - /go/src/github.com/kubevirt/hyperconverged-cluster-operator/tests/func-tests/monitoring_test.go:342 @ 04/23/25 16:51:05.809&#xA;&lt; Exit [It] KubeVirtCRModified alert should fired when KubeDescheduler is installed and not properly configured for KubeVirt - /go/src/github.com/kubevirt/hyperconverged-cluster-operator/tests/func-tests/monitoring_test.go:215 @ 04/23/25 16:51:05.812 (1m30.145s)&#xA;&gt; Enter [AfterAll] KubeDescheduler - /go/src/github.com/kubevirt/hyperconverged-cluster-operator/tests/func-tests/monitoring_test.go:202 @ 04/23/25 16:51:05.812&#xA;&lt; Exit [AfterAll] KubeDescheduler - /go/src/github.com/kubevirt/hyperconverged-cluster-operator/tests/func-tests/monitoring_test.go:202 @ 04/23/25 16:51:05.819 (8ms)&#xA;</system-err>
          </testcase>
          <testcase name="[AfterSuite]" classname="HyperConverged cluster E2E Test suite" status="passed" time="0.006488472">
              <system-err>&gt; Enter [AfterSuite] TOP-LEVEL - /go/src/github.com/kubevirt/hyperconverged-cluster-operator/tests/func-tests/main_test.go:72 @ 04/23/25 16:51:05.819&#xA;&lt; Exit [AfterSuite] TOP-LEVEL - /go/src/github.com/kubevirt/hyperconverged-cluster-operator/tests/func-tests/main_test.go:72 @ 04/23/25 16:51:05.826 (6ms)&#xA;</system-err>
          </testcase>
          <testcase name="[DeferCleanup (Suite)]" classname="HyperConverged cluster E2E Test suite" status="passed" time="0.008178019">
              <system-err>&gt; Enter [DeferCleanup (Suite)] TOP-LEVEL - /go/src/github.com/kubevirt/hyperconverged-cluster-operator/tests/func-tests/main_test.go:59 @ 04/23/25 16:51:05.827&#xA;STEP: removing the temporary route - /go/src/github.com/kubevirt/hyperconverged-cluster-operator/tests/func-tests/main_test.go:61 @ 04/23/25 16:51:05.827&#xA;&lt; Exit [DeferCleanup (Suite)] TOP-LEVEL - /go/src/github.com/kubevirt/hyperconverged-cluster-operator/tests/func-tests/main_test.go:59 @ 04/23/25 16:51:05.835 (8ms)&#xA;</system-err>
          </testcase>
      </testsuite>
  </testsuites>