<?xml version="1.0" encoding="UTF-8"?>
  <testsuite name="Tests Suite" tests="122" failures="9" errors="0" time="6469.006">
      <testcase name="[sig-compute]VM state with persistent TPM VM option enabled should persist VM state of [test_id:10820]EFI across migration and restart" classname="Tests Suite" time="117.776065299"></testcase>
      <testcase name="[sig-compute]VM state with persistent TPM VM option enabled should persist VM state of [test_id:10821]TPM+EFI across migration and restart" classname="Tests Suite" time="132.217386287"></testcase>
      <testcase name="[rfe_id:393][crit:high][vendor:cnv-qe@redhat.com][level:system][sig-compute] VM Live Migration Starting a VirtualMachineInstance  with a Alpine disk should be successfully migrate with a WriteBack disk cache" classname="Tests Suite" time="50.893865885"></testcase>
      <testcase name="[rfe_id:393][crit:high][vendor:cnv-qe@redhat.com][level:system][sig-compute] VM Live Migration Starting a VirtualMachineInstance  with a Alpine disk should migrate vmi with LiveMigrateIfPossible eviction strategy" classname="Tests Suite" time="48.753257258"></testcase>
      <testcase name="[rfe_id:393][crit:high][vendor:cnv-qe@redhat.com][level:system][sig-compute] VM Live Migration Starting a VirtualMachineInstance  with a Alpine disk should migrate with a downwardMetrics channel" classname="Tests Suite" time="60.396547101"></testcase>
      <testcase name="[rfe_id:393][crit:high][vendor:cnv-qe@redhat.com][level:system][sig-compute] VM Live Migration Starting a VirtualMachineInstance  with a Alpine disk [test_id:4113]should be successfully migrate with cloud-init disk with devices on the root bus" classname="Tests Suite" time="48.852715946000004"></testcase>
      <testcase name="[rfe_id:393][crit:high][vendor:cnv-qe@redhat.com][level:system][sig-compute] VM Live Migration Starting a VirtualMachineInstance  with a Alpine disk [test_id:4746]should migrate even if virtqemud has restarted at some point." classname="Tests Suite" time="79.970801131"></testcase>
      <testcase name="[rfe_id:393][crit:high][vendor:cnv-qe@redhat.com][level:system][sig-compute] VM Live Migration Starting a VirtualMachineInstance  with an pending target pod should automatically cancel unschedulable migration after a timeout period" classname="Tests Suite" time="147.351434205"></testcase>
      <testcase name="[rfe_id:393][crit:high][vendor:cnv-qe@redhat.com][level:system][sig-compute] VM Live Migration Starting a VirtualMachineInstance  with an Alpine DataVolume [test_id:1479][storage-req] should migrate a vmi with a shared block disk" classname="Tests Suite" time="37.395880585"></testcase>
      <testcase name="[rfe_id:393][crit:high][vendor:cnv-qe@redhat.com][level:system][sig-compute] VM Live Migration Starting a VirtualMachineInstance  [storage-req]with an Alpine shared block volume PVC [release-blocker][test_id:1377]should be successfully migrated multiple times" classname="Tests Suite" time="58.72282908"></testcase>
      <testcase name="[rfe_id:393][crit:high][vendor:cnv-qe@redhat.com][level:system][sig-compute] VM Live Migration Starting a VirtualMachineInstance  with a Fedora shared NFS PVC (using nfs ipv4 address), cloud init and service account [test_id:2653] should be migrated successfully, using guest agent on VM with default migration configuration" classname="Tests Suite" time="191.558859241">
          <failure type="Failure">tests/migration/migration.go:1168&#xA;Timed out after 180.001s.&#xA;Timed out waiting for VMI testvmi-ldgrw to enter [Running] phase(s)&#xA;Expected&#xA;    &lt;v1.VirtualMachineInstancePhase&gt;: Pending&#xA;to be an element of&#xA;    &lt;[]v1.VirtualMachineInstancePhase | len:1, cap:1&gt;: [&#34;Running&#34;]&#xA;tests/libwait/wait.go:76</failure>
          <system-out>W0422 09:56:43.898494  468419 warnings.go:70] metadata.finalizers: &#34;foregroundDeleteVirtualMachine&#34;: prefer a domain-qualified finalizer name to avoid accidental conflicts with other finalizer writers&#xA;skipping pod virt-launcher-testvmi-hwmhf-zj2sd, phase is not Running&#xA;failed to execute command [/bin/bash -c pgrep -f &#34;monitor.*uid ce1c6cc0-716e-4788-95e6-df9bb0a33964&#34;] on virt-handler-67kmm, stdout: , stderr: , error: command terminated with exit code 1skipping vmi kubevirt-test-default1/testvmi-ldgrw: phase is not Running&#xA;skipping vmi kubevirt-test-default1/testvmi-ldgrw: phase is not Running&#xA;&#xA;On failure, artifacts will be collected in /logs/artifacts/k8s-reporter/1/1_*&#xA;Global test cleanup started.&#xA;Global test cleanup ended.&#xA;</system-out>
      </testcase>
      <testcase name="[rfe_id:393][crit:high][vendor:cnv-qe@redhat.com][level:system][sig-compute] VM Live Migration Starting a VirtualMachineInstance  live migration cancelation should be able to cancel a migration [sig-storage][storage-req][test_id:2731] with RWX block disk from block volume PVC" classname="Tests Suite" time="114.138372076"></testcase>
      <testcase name="[rfe_id:393][crit:high][vendor:cnv-qe@redhat.com][level:system][sig-compute] VM Live Migration Starting a VirtualMachineInstance  parallel migration threads should run successfully when configured through a VMI annotation" classname="Tests Suite" time="32.564130159"></testcase>
      <testcase name="[rfe_id:393][crit:high][vendor:cnv-qe@redhat.com][level:system][sig-compute] VM Live Migration [test_id:8482] Migration Metrics exposed to prometheus during VM migration" classname="Tests Suite" time="62.455713843"></testcase>
      <testcase name="[rfe_id:393][crit:high][vendor:cnv-qe@redhat.com][level:system][sig-compute] VM Live Migration with a live-migration in flight there should always be a single active migration per VMI" classname="Tests Suite" time="41.543920363"></testcase>
      <testcase name="[rfe_id:393][crit:high][vendor:cnv-qe@redhat.com][level:system][sig-compute] VM Live Migration during evacuation when evacuating fails should remove eviction-in-progress annotation to source virt-launcher pod" classname="Tests Suite" time="26.500822302"></testcase>
      <testcase name="[rfe_id:393][crit:high][vendor:cnv-qe@redhat.com][level:system][sig-compute] VM Live Migration during evacuation when evacuating fails after a successful migration backoff should be cleared" classname="Tests Suite" time="72.022747712"></testcase>
      <testcase name="[sig-network] [ref_id:1182]Probes for readiness should succeed [test_id:1202][posneg:positive]with working TCP probe and tcp server on ipv4" classname="Tests Suite" time="0">
          <skipped></skipped>
      </testcase>
      <testcase name="[sig-network] [ref_id:1182]Probes for readiness should succeed [test_id:1202][posneg:positive]with working TCP probe and tcp server on ipv6" classname="Tests Suite" time="0">
          <skipped></skipped>
      </testcase>
      <testcase name="[sig-network] [ref_id:1182]Probes for readiness should succeed [test_id:1200][posneg:positive]with working HTTP probe and http server on ipv4" classname="Tests Suite" time="0">
          <skipped></skipped>
      </testcase>
      <testcase name="[sig-network] [ref_id:1182]Probes for readiness should succeed [test_id:1200][posneg:positive]with working HTTP probe and http server on ipv6" classname="Tests Suite" time="0">
          <skipped></skipped>
      </testcase>
      <testcase name="[sig-network] [ref_id:1182]Probes for readiness should succeed [test_id:TODO]with working Exec probe" classname="Tests Suite" time="0">
          <skipped></skipped>
      </testcase>
      <testcase name="[sig-network] [ref_id:1182]Probes for readiness guest agent ping when the guest agent is enabled, after being disabled [test_id:6741] the VMI enters `Ready` state once again" classname="Tests Suite" time="0">
          <skipped></skipped>
      </testcase>
      <testcase name="[sig-network] [ref_id:1182]Probes for readiness should fail [test_id:1220][posneg:negative]with working TCP probe and no running server" classname="Tests Suite" time="0">
          <skipped></skipped>
      </testcase>
      <testcase name="[sig-network] [ref_id:1182]Probes for readiness should fail [test_id:1219][posneg:negative]with working HTTP probe and no running server" classname="Tests Suite" time="0">
          <skipped></skipped>
      </testcase>
      <testcase name="[sig-network] [ref_id:1182]Probes for readiness should fail [test_id:TODO]with working Exec probe and invalid command" classname="Tests Suite" time="0">
          <skipped></skipped>
      </testcase>
      <testcase name="[sig-network] [ref_id:1182]Probes for readiness should fail [test_id:TODO]with working Exec probe and infinitely running command" classname="Tests Suite" time="0">
          <skipped></skipped>
      </testcase>
      <testcase name="[sig-network] [ref_id:1182]Probes for liveness should not fail the VMI [test_id:1199][posneg:positive]with working TCP probe and tcp server on ipv4" classname="Tests Suite" time="0">
          <skipped></skipped>
      </testcase>
      <testcase name="[sig-network] [ref_id:1182]Probes for liveness should not fail the VMI [test_id:1199][posneg:positive]with working TCP probe and tcp server on ipv6" classname="Tests Suite" time="0">
          <skipped></skipped>
      </testcase>
      <testcase name="[sig-network] [ref_id:1182]Probes for liveness should not fail the VMI [test_id:1201][posneg:positive]with working HTTP probe and http server on ipv4" classname="Tests Suite" time="0">
          <skipped></skipped>
      </testcase>
      <testcase name="[sig-network] [ref_id:1182]Probes for liveness should not fail the VMI [test_id:1201][posneg:positive]with working HTTP probe and http server on ipv6" classname="Tests Suite" time="0">
          <skipped></skipped>
      </testcase>
      <testcase name="[sig-network] [ref_id:1182]Probes for liveness should not fail the VMI [test_id:5879]with working Exec probe" classname="Tests Suite" time="0">
          <skipped></skipped>
      </testcase>
      <testcase name="[sig-network] [ref_id:1182]Probes for liveness guest agent ping [test_id:9299] VM stops when guest agent is disabled" classname="Tests Suite" time="0">
          <skipped></skipped>
      </testcase>
      <testcase name="[sig-network] [ref_id:1182]Probes for liveness should fail the VMI [test_id:1217][posneg:negative]with working TCP probe and no running server" classname="Tests Suite" time="0">
          <skipped></skipped>
      </testcase>
      <testcase name="[sig-network] [ref_id:1182]Probes for liveness should fail the VMI [test_id:1218][posneg:negative]with working HTTP probe and no running server" classname="Tests Suite" time="0">
          <skipped></skipped>
      </testcase>
      <testcase name="[sig-network] [ref_id:1182]Probes for liveness should fail the VMI [test_id:5880]with working Exec probe and invalid command" classname="Tests Suite" time="0">
          <skipped></skipped>
      </testcase>
      <testcase name="[sig-compute]vTPM [rfe_id:5168][crit:high][vendor:cnv-qe@redhat.com][level:component] with TPM VMI option enabled [test_id:8607] should expose a functional emulated TPM which persists across migrations" classname="Tests Suite" time="0">
          <skipped></skipped>
      </testcase>
      <testcase name="[sig-compute][virtctl]SCP should copy a local file back and forth using the native scp method" classname="Tests Suite" time="0">
          <skipped></skipped>
      </testcase>
      <testcase name="[sig-compute][virtctl]SCP should copy a local file back and forth using the local scp method with --local-ssh flag" classname="Tests Suite" time="0">
          <skipped></skipped>
      </testcase>
      <testcase name="[sig-compute][virtctl]SCP should copy a local file back and forth using the local scp method without --local-ssh flag" classname="Tests Suite" time="0">
          <skipped></skipped>
      </testcase>
      <testcase name="[sig-compute][virtctl]SCP should copy a local directory back and forth using the native scp method" classname="Tests Suite" time="0">
          <skipped></skipped>
      </testcase>
      <testcase name="[sig-compute][virtctl]SCP should copy a local directory back and forth using the local scp method with --local-ssh flag" classname="Tests Suite" time="0">
          <skipped></skipped>
      </testcase>
      <testcase name="[sig-compute][virtctl]SCP should copy a local directory back and forth using the local scp method without --local-ssh flag" classname="Tests Suite" time="0">
          <skipped></skipped>
      </testcase>
      <testcase name="[sig-compute][virtctl]SCP local-ssh flag should be unavailable in virtctl" classname="Tests Suite" time="0">
          <skipped></skipped>
      </testcase>
      <testcase name="[sig-compute] Guest Access Credentials should have ssh-key under authorized keys added [test_id:6220] using qemu guest agent" classname="Tests Suite" time="0">
          <skipped></skipped>
      </testcase>
      <testcase name="[sig-compute] Guest Access Credentials should have ssh-key under authorized keys added [test_id:6224] using configdrive" classname="Tests Suite" time="0">
          <skipped></skipped>
      </testcase>
      <testcase name="[sig-compute] Guest Access Credentials should have ssh-key under authorized keys added using nocloud" classname="Tests Suite" time="0">
          <skipped></skipped>
      </testcase>
      <testcase name="[sig-compute] Guest Access Credentials with qemu guest agent [test_id:6221]should propagate user password" classname="Tests Suite" time="0">
          <skipped></skipped>
      </testcase>
      <testcase name="[sig-compute] Guest Access Credentials with qemu guest agent should update to unsupported agent [test_id:6222]for public ssh keys" classname="Tests Suite" time="0">
          <skipped></skipped>
      </testcase>
      <testcase name="[sig-compute] Guest Access Credentials with qemu guest agent should update to unsupported agent [test_id:6223] for user password" classname="Tests Suite" time="0">
          <skipped></skipped>
      </testcase>
      <testcase name="[rfe_id:273][crit:high][arm64][vendor:cnv-qe@redhat.com][level:component][sig-compute]VMIlifecycle [rfe_id:273][crit:high][vendor:cnv-qe@redhat.com][level:component]Creating a VirtualMachineInstance [test_id:1619]should success" classname="Tests Suite" time="0">
          <skipped></skipped>
      </testcase>
      <testcase name="[rfe_id:273][crit:high][arm64][vendor:cnv-qe@redhat.com][level:component][sig-compute]VMIlifecycle [rfe_id:273][crit:high][vendor:cnv-qe@redhat.com][level:component]Creating a VirtualMachineInstance [test_id:1620]should start it" classname="Tests Suite" time="0">
          <skipped></skipped>
      </testcase>
      <testcase name="[rfe_id:273][crit:high][arm64][vendor:cnv-qe@redhat.com][level:component][sig-compute]VMIlifecycle [rfe_id:273][crit:high][vendor:cnv-qe@redhat.com][level:component]Creating a VirtualMachineInstance [test_id:6095]should start in paused state if start strategy set to paused" classname="Tests Suite" time="0">
          <skipped></skipped>
      </testcase>
      <testcase name="[rfe_id:273][crit:high][arm64][vendor:cnv-qe@redhat.com][level:component][sig-compute]VMIlifecycle [rfe_id:273][crit:high][vendor:cnv-qe@redhat.com][level:component]Creating a VirtualMachineInstance [test_id:1621]should attach virt-launcher to it" classname="Tests Suite" time="0">
          <skipped></skipped>
      </testcase>
      <testcase name="[rfe_id:273][crit:high][arm64][vendor:cnv-qe@redhat.com][level:component][sig-compute]VMIlifecycle [rfe_id:273][crit:high][vendor:cnv-qe@redhat.com][level:component]Creating a VirtualMachineInstance [test_id:3195]should carry annotations to pod" classname="Tests Suite" time="0">
          <skipped></skipped>
      </testcase>
      <testcase name="[rfe_id:273][crit:high][arm64][vendor:cnv-qe@redhat.com][level:component][sig-compute]VMIlifecycle [rfe_id:273][crit:high][vendor:cnv-qe@redhat.com][level:component]Creating a VirtualMachineInstance [test_id:3196]should carry kubernetes and kubevirt annotations to pod" classname="Tests Suite" time="0">
          <skipped></skipped>
      </testcase>
      <testcase name="[rfe_id:273][crit:high][arm64][vendor:cnv-qe@redhat.com][level:component][sig-compute]VMIlifecycle [rfe_id:273][crit:high][vendor:cnv-qe@redhat.com][level:component]Creating a VirtualMachineInstance Should prevent eviction when EvictionStratgy: External" classname="Tests Suite" time="0">
          <skipped></skipped>
      </testcase>
      <testcase name="[rfe_id:273][crit:high][arm64][vendor:cnv-qe@redhat.com][level:component][sig-compute]VMIlifecycle [rfe_id:273][crit:high][vendor:cnv-qe@redhat.com][level:component]Creating a VirtualMachineInstance [test_id:1622]should log libvirtd logs" classname="Tests Suite" time="0">
          <skipped></skipped>
      </testcase>
      <testcase name="[rfe_id:273][crit:high][arm64][vendor:cnv-qe@redhat.com][level:component][sig-compute]VMIlifecycle [rfe_id:273][crit:high][vendor:cnv-qe@redhat.com][level:component]Creating a VirtualMachineInstance log libvirtd debug logs should be [test_id:3197]enabled when debugLogs label defined" classname="Tests Suite" time="0">
          <skipped></skipped>
      </testcase>
      <testcase name="[rfe_id:273][crit:high][arm64][vendor:cnv-qe@redhat.com][level:component][sig-compute]VMIlifecycle [rfe_id:273][crit:high][vendor:cnv-qe@redhat.com][level:component]Creating a VirtualMachineInstance log libvirtd debug logs should be [test_id:8530]enabled when customLogFilters defined" classname="Tests Suite" time="0">
          <skipped></skipped>
      </testcase>
      <testcase name="[rfe_id:273][crit:high][arm64][vendor:cnv-qe@redhat.com][level:component][sig-compute]VMIlifecycle [rfe_id:273][crit:high][vendor:cnv-qe@redhat.com][level:component]Creating a VirtualMachineInstance log libvirtd debug logs should be [test_id:8531]enabled when log verbosity is high" classname="Tests Suite" time="0">
          <skipped></skipped>
      </testcase>
      <testcase name="[rfe_id:273][crit:high][arm64][vendor:cnv-qe@redhat.com][level:component][sig-compute]VMIlifecycle [rfe_id:273][crit:high][vendor:cnv-qe@redhat.com][level:component]Creating a VirtualMachineInstance log libvirtd debug logs should be [test_id:8532]disabled when log verbosity is low" classname="Tests Suite" time="0">
          <skipped></skipped>
      </testcase>
      <testcase name="[rfe_id:273][crit:high][arm64][vendor:cnv-qe@redhat.com][level:component][sig-compute]VMIlifecycle [rfe_id:273][crit:high][vendor:cnv-qe@redhat.com][level:component]Creating a VirtualMachineInstance log libvirtd debug logs should be [test_id:8533]disabled when log verbosity, debug logs and customLogFilters are not defined" classname="Tests Suite" time="0">
          <skipped></skipped>
      </testcase>
      <testcase name="[rfe_id:273][crit:high][arm64][vendor:cnv-qe@redhat.com][level:component][sig-compute]VMIlifecycle [rfe_id:273][crit:high][vendor:cnv-qe@redhat.com][level:component]Creating a VirtualMachineInstance [test_id:1623]should reject POST if validation webhook deems the spec invalid" classname="Tests Suite" time="0">
          <skipped></skipped>
      </testcase>
      <testcase name="[rfe_id:273][crit:high][arm64][vendor:cnv-qe@redhat.com][level:component][sig-compute]VMIlifecycle [rfe_id:273][crit:high][vendor:cnv-qe@redhat.com][level:component]Creating a VirtualMachineInstance [test_id:1624]should reject PATCH if schema is invalid" classname="Tests Suite" time="0">
          <skipped></skipped>
      </testcase>
      <testcase name="[rfe_id:273][crit:high][arm64][vendor:cnv-qe@redhat.com][level:component][sig-compute]VMIlifecycle [rfe_id:273][crit:high][vendor:cnv-qe@redhat.com][level:component]Creating a VirtualMachineInstance when name is longer than 63 characters [test_id:1625]should start it" classname="Tests Suite" time="0">
          <skipped></skipped>
      </testcase>
      <testcase name="[rfe_id:273][crit:high][arm64][vendor:cnv-qe@redhat.com][level:component][sig-compute]VMIlifecycle [rfe_id:273][crit:high][vendor:cnv-qe@redhat.com][level:component]Creating a VirtualMachineInstance when it already exist [test_id:1626]should be rejected" classname="Tests Suite" time="0">
          <skipped></skipped>
      </testcase>
      <testcase name="[rfe_id:273][crit:high][arm64][vendor:cnv-qe@redhat.com][level:component][sig-compute]VMIlifecycle [rfe_id:273][crit:high][vendor:cnv-qe@redhat.com][level:component]Creating a VirtualMachineInstance with boot order [rfe_id:273][crit:high][vendor:cnv-qe@redhat.com][level:component]should be able to boot from selected disk [test_id:1627]Alpine as first boot" classname="Tests Suite" time="0">
          <skipped></skipped>
      </testcase>
      <testcase name="[rfe_id:273][crit:high][arm64][vendor:cnv-qe@redhat.com][level:component][sig-compute]VMIlifecycle [rfe_id:273][crit:high][vendor:cnv-qe@redhat.com][level:component]Creating a VirtualMachineInstance with boot order [rfe_id:273][crit:high][vendor:cnv-qe@redhat.com][level:component]should be able to boot from selected disk [test_id:1628]Cirros as first boot" classname="Tests Suite" time="0">
          <skipped></skipped>
      </testcase>
      <testcase name="[rfe_id:273][crit:high][arm64][vendor:cnv-qe@redhat.com][level:component][sig-compute]VMIlifecycle [rfe_id:273][crit:high][vendor:cnv-qe@redhat.com][level:component]Creating a VirtualMachineInstance with user-data without k8s secret [test_id:1629][posneg:negative]should not be able to start virt-launcher pod" classname="Tests Suite" time="0">
          <skipped></skipped>
      </testcase>
      <testcase name="[rfe_id:273][crit:high][arm64][vendor:cnv-qe@redhat.com][level:component][sig-compute]VMIlifecycle [rfe_id:273][crit:high][vendor:cnv-qe@redhat.com][level:component]Creating a VirtualMachineInstance with user-data without k8s secret [test_id:1630]should log warning and proceed once the secret is there" classname="Tests Suite" time="0">
          <skipped></skipped>
      </testcase>
      <testcase name="[rfe_id:273][crit:high][arm64][vendor:cnv-qe@redhat.com][level:component][sig-compute]VMIlifecycle [rfe_id:273][crit:high][vendor:cnv-qe@redhat.com][level:component]Creating a VirtualMachineInstance with nodeselector [test_id:5760]should check if vm&#39;s with non existing nodeselector is not running and node selector is not updated" classname="Tests Suite" time="0">
          <skipped></skipped>
      </testcase>
      <testcase name="[rfe_id:273][crit:high][arm64][vendor:cnv-qe@redhat.com][level:component][sig-compute]VMIlifecycle [rfe_id:273][crit:high][vendor:cnv-qe@redhat.com][level:component]Creating a VirtualMachineInstance with nodeselector [test_id:5761]should check if vm with valid node selector is scheduled and running and node selector is not updated" classname="Tests Suite" time="0">
          <skipped></skipped>
      </testcase>
      <testcase name="[rfe_id:273][crit:high][arm64][vendor:cnv-qe@redhat.com][level:component][sig-compute]VMIlifecycle [rfe_id:273][crit:high][vendor:cnv-qe@redhat.com][level:component]Creating a VirtualMachineInstance with affinity [test_id:1637]the vmi with node affinity and no conflicts should be scheduled" classname="Tests Suite" time="0">
          <skipped></skipped>
      </testcase>
      <testcase name="[rfe_id:273][crit:high][arm64][vendor:cnv-qe@redhat.com][level:component][sig-compute]VMIlifecycle [rfe_id:273][crit:high][vendor:cnv-qe@redhat.com][level:component]Creating a VirtualMachineInstance with affinity [test_id:1638]the vmi with node affinity and anti-pod affinity should not be scheduled" classname="Tests Suite" time="0">
          <skipped></skipped>
      </testcase>
      <testcase name="[rfe_id:273][crit:high][arm64][vendor:cnv-qe@redhat.com][level:component][sig-compute]VMIlifecycle [rfe_id:273][crit:high][vendor:cnv-qe@redhat.com][level:component]Creating a VirtualMachineInstance with non default namespace [rfe_id:273][crit:high][vendor:cnv-qe@redhat.com][level:component]should log libvirt start and stop lifecycle events of the domain [test_id:1641]Default test namespace" classname="Tests Suite" time="0">
          <skipped></skipped>
      </testcase>
      <testcase name="[rfe_id:273][crit:high][arm64][vendor:cnv-qe@redhat.com][level:component][sig-compute]VMIlifecycle [rfe_id:273][crit:high][vendor:cnv-qe@redhat.com][level:component]Creating a VirtualMachineInstance with non default namespace [rfe_id:273][crit:high][vendor:cnv-qe@redhat.com][level:component]should log libvirt start and stop lifecycle events of the domain [test_id:1642]Alternative test namespace" classname="Tests Suite" time="0">
          <skipped></skipped>
      </testcase>
      <testcase name="[rfe_id:273][crit:high][arm64][vendor:cnv-qe@redhat.com][level:component][sig-compute]VMIlifecycle [rfe_id:273][crit:high][vendor:cnv-qe@redhat.com][level:component]Creating a VirtualMachineInstance VirtualMachineInstance Emulation Mode [test_id:1643]should enable emulation in virt-launcher" classname="Tests Suite" time="0">
          <skipped></skipped>
      </testcase>
      <testcase name="[rfe_id:273][crit:high][arm64][vendor:cnv-qe@redhat.com][level:component][sig-compute]VMIlifecycle [rfe_id:273][crit:high][vendor:cnv-qe@redhat.com][level:component]Creating a VirtualMachineInstance VirtualMachineInstance Emulation Mode [test_id:1644]should be reflected in domain XML" classname="Tests Suite" time="0">
          <skipped></skipped>
      </testcase>
      <testcase name="[rfe_id:273][crit:high][arm64][vendor:cnv-qe@redhat.com][level:component][sig-compute]VMIlifecycle [rfe_id:273][crit:high][vendor:cnv-qe@redhat.com][level:component]Creating a VirtualMachineInstance VirtualMachineInstance Emulation Mode [test_id:1645]should request a TUN device but not KVM" classname="Tests Suite" time="0">
          <skipped></skipped>
      </testcase>
      <testcase name="[rfe_id:273][crit:high][arm64][vendor:cnv-qe@redhat.com][level:component][sig-compute]VMIlifecycle [rfe_id:273][crit:high][vendor:cnv-qe@redhat.com][level:component]Creating a VirtualMachineInstance VM Accelerated Mode [test_id:1646]should request a KVM and TUN device" classname="Tests Suite" time="0">
          <skipped></skipped>
      </testcase>
      <testcase name="[rfe_id:273][crit:high][arm64][vendor:cnv-qe@redhat.com][level:component][sig-compute]VMIlifecycle [rfe_id:273][crit:high][vendor:cnv-qe@redhat.com][level:component]Creating a VirtualMachineInstance VM Accelerated Mode [test_id:1647]should not enable emulation in virt-launcher" classname="Tests Suite" time="0">
          <skipped></skipped>
      </testcase>
      <testcase name="[rfe_id:273][crit:high][arm64][vendor:cnv-qe@redhat.com][level:component][sig-compute]VMIlifecycle [rfe_id:273][crit:high][vendor:cnv-qe@redhat.com][level:component]Creating a VirtualMachineInstance VM Accelerated Mode [test_id:1648]Should provide KVM via plugin framework" classname="Tests Suite" time="0">
          <skipped></skipped>
      </testcase>
      <testcase name="[rfe_id:273][crit:high][arm64][vendor:cnv-qe@redhat.com][level:component][sig-compute]VMIlifecycle [rfe_id:273][crit:high][vendor:cnv-qe@redhat.com][level:component]Get a VirtualMachineInstance when that not exist [test_id:1649]should return 404" classname="Tests Suite" time="0">
          <skipped></skipped>
      </testcase>
      <testcase name="[rfe_id:273][crit:high][arm64][vendor:cnv-qe@redhat.com][level:component][sig-compute]VMIlifecycle [rfe_id:273][crit:high][vendor:cnv-qe@redhat.com][level:component]Delete a VirtualMachineInstance&#39;s Pod [test_id:1650]should result in the VirtualMachineInstance moving to a finalized state" classname="Tests Suite" time="0">
          <skipped></skipped>
      </testcase>
      <testcase name="[rfe_id:273][crit:high][arm64][vendor:cnv-qe@redhat.com][level:component][sig-compute]VMIlifecycle [rfe_id:273][crit:high][vendor:cnv-qe@redhat.com][level:component]Delete a VirtualMachineInstance with an active pod. [test_id:1651]should result in pod being terminated" classname="Tests Suite" time="0">
          <skipped></skipped>
      </testcase>
      <testcase name="[rfe_id:273][crit:high][arm64][vendor:cnv-qe@redhat.com][level:component][sig-compute]VMIlifecycle [rfe_id:273][crit:high][vendor:cnv-qe@redhat.com][level:component]Delete a VirtualMachineInstance with ACPI and some grace period seconds [rfe_id:273][crit:medium][vendor:cnv-qe@redhat.com][level:component]should result in vmi status succeeded [test_id:1653]with set grace period seconds" classname="Tests Suite" time="0">
          <skipped></skipped>
      </testcase>
      <testcase name="[rfe_id:273][crit:high][arm64][vendor:cnv-qe@redhat.com][level:component][sig-compute]VMIlifecycle [rfe_id:273][crit:high][vendor:cnv-qe@redhat.com][level:component]Delete a VirtualMachineInstance with ACPI and some grace period seconds [rfe_id:273][crit:medium][vendor:cnv-qe@redhat.com][level:component]should result in vmi status succeeded [test_id:1654]with default grace period seconds" classname="Tests Suite" time="0">
          <skipped></skipped>
      </testcase>
      <testcase name="[rfe_id:273][crit:high][arm64][vendor:cnv-qe@redhat.com][level:component][sig-compute]VMIlifecycle [rfe_id:273][crit:high][vendor:cnv-qe@redhat.com][level:component]Delete a VirtualMachineInstance with grace period greater than 0 [test_id:1655]should run graceful shutdown" classname="Tests Suite" time="0">
          <skipped></skipped>
      </testcase>
      <testcase name="[rfe_id:273][crit:high][arm64][vendor:cnv-qe@redhat.com][level:component][sig-compute]VMIlifecycle replicaset with topology spread constraints Replicas should be spread across nodes" classname="Tests Suite" time="0">
          <skipped></skipped>
      </testcase>
      <testcase name="[sig-network] Subdomain with a headless service given VMI should have the expected FQDN with Masquerade binding and subdomain and hostname" classname="Tests Suite" time="0">
          <skipped></skipped>
      </testcase>
      <testcase name="[sig-network] Subdomain with a headless service given VMI should have the expected FQDN with Bridge binding and subdomain" classname="Tests Suite" time="0">
          <skipped></skipped>
      </testcase>
      <testcase name="[sig-network] Subdomain with a headless service given VMI should have the expected FQDN with Masquerade binding without subdomain" classname="Tests Suite" time="0">
          <skipped></skipped>
      </testcase>
      <testcase name="[sig-network] Subdomain with a headless service given VMI should have the expected FQDN with Bridge binding without subdomain" classname="Tests Suite" time="0">
          <skipped></skipped>
      </testcase>
      <testcase name="[sig-network] Subdomain with a headless service given VMI with custom DNSPolicy should have the expected FQDN" classname="Tests Suite" time="0">
          <skipped></skipped>
      </testcase>
      <testcase name="[sig-network] Subdomain VMI with custom DNSPolicy, a subdomain and no service entry, should not include the subdomain in the searchlist" classname="Tests Suite" time="0">
          <skipped></skipped>
      </testcase>
      <testcase name="[sig-compute]Guest console log [level:component] Guest console log container set LogSerialConsole should successfully start with LogSerialConsole with AutoattachSerialConsole and LogSerialConsole" classname="Tests Suite" time="0">
          <skipped></skipped>
      </testcase>
      <testcase name="[sig-compute]Guest console log [level:component] Guest console log container set LogSerialConsole should successfully start with LogSerialConsole with AutoattachSerialConsole but not LogSerialConsole" classname="Tests Suite" time="0">
          <skipped></skipped>
      </testcase>
      <testcase name="[sig-compute]Guest console log [level:component] Guest console log container set LogSerialConsole should successfully start with LogSerialConsole without AutoattachSerialConsole but with LogSerialConsole" classname="Tests Suite" time="0">
          <skipped></skipped>
      </testcase>
      <testcase name="[sig-compute]Guest console log [level:component] Guest console log container set LogSerialConsole should successfully start with LogSerialConsole without AutoattachSerialConsole and without LogSerialConsole" classname="Tests Suite" time="0">
          <skipped></skipped>
      </testcase>
      <testcase name="[sig-compute]Guest console log [level:component] Guest console log container set LogSerialConsole it should exit cleanly when the shutdown is initiated by the guest" classname="Tests Suite" time="0">
          <skipped></skipped>
      </testcase>
      <testcase name="[sig-compute]Guest console log [level:component] Guest console log container fetch logs it should fetch logs for a running VM with logs API" classname="Tests Suite" time="0">
          <skipped></skipped>
      </testcase>
      <testcase name="[sig-compute]Guest console log [level:component] Guest console log container fetch logs it should rotate the internal log files" classname="Tests Suite" time="0">
          <skipped></skipped>
      </testcase>
      <testcase name="[sig-compute]Guest console log [level:component] Guest console log container fetch logs it should not skip any log line even trying to flood the serial console for QOSGuaranteed VMs" classname="Tests Suite" time="0">
          <skipped></skipped>
      </testcase>
      <testcase name="[rfe_id:393][crit:high][vendor:cnv-qe@redhat.com][level:system][sig-compute] Live Migration with a live-migrate eviction strategy set [ref_id:2293] with a VMI running with an eviction strategy set [test_id:3242]should block the eviction api and migrate" classname="Tests Suite" time="29.556290828"></testcase>
      <testcase name="[rfe_id:393][crit:high][vendor:cnv-qe@redhat.com][level:system][sig-compute] Live Migration with a live-migrate eviction strategy set [ref_id:2293] with a VMI running with an eviction strategy set [sig-compute][test_id:3243]should recreate the PDB if VMIs with similar names are recreated" classname="Tests Suite" time="52.026643515"></testcase>
      <testcase name="[rfe_id:393][crit:high][vendor:cnv-qe@redhat.com][level:system][sig-compute] Live Migration with a live-migrate eviction strategy set [ref_id:2293] with a VMI running with an eviction strategy set should create the PDB if VMI is live-migratable and has the LiveMigrateIfPossible strategy set" classname="Tests Suite" time="19.259371381"></testcase>
      <testcase name="[rfe_id:393][crit:high][vendor:cnv-qe@redhat.com][level:system][sig-compute] Live Migration with a live-migrate eviction strategy set [ref_id:2293] with a VMI running with an eviction strategy set [sig-compute][test_id:7680]should delete PDBs created by an old virt-controller" classname="Tests Suite" time="19.220581681"></testcase>
      <testcase name="[rfe_id:393][crit:high][vendor:cnv-qe@redhat.com][level:system][sig-compute] Live Migration with a live-migrate eviction strategy set [ref_id:2293] with a VMI running with an eviction strategy set [test_id:3244]should block the eviction api while a slow migration is in progress" classname="Tests Suite" time="86.296567577"></testcase>
      <testcase name="[sig-compute] VMIDefaults MemBalloon defaults [Serial]Should override period in domain if present in virt-config  [test_id:4557]with period 12" classname="Tests Suite" time="0">
          <skipped></skipped>
      </testcase>
      <testcase name="[sig-compute] VMIDefaults MemBalloon defaults [Serial]Should override period in domain if present in virt-config  [test_id:4558]with period 0" classname="Tests Suite" time="0">
          <skipped></skipped>
      </testcase>
      <testcase name="[Serial][ref_id:2717][sig-compute]KubeVirt control plane resilience pod eviction evicting pods of control plane [test_id:2830]last eviction should fail for multi-replica virt-controller pods" classname="Tests Suite" time="0">
          <skipped></skipped>
      </testcase>
      <testcase name="[Serial][ref_id:2717][sig-compute]KubeVirt control plane resilience pod eviction evicting pods of control plane [test_id:2799]last eviction should fail for multi-replica virt-api pods" classname="Tests Suite" time="0">
          <skipped></skipped>
      </testcase>
      <testcase name="[Serial][ref_id:2717][sig-compute]KubeVirt control plane resilience pod eviction evicting pods of control plane eviction of single-replica virt-controller pod should succeed" classname="Tests Suite" time="0">
          <skipped></skipped>
      </testcase>
      <testcase name="[Serial][ref_id:2717][sig-compute]KubeVirt control plane resilience pod eviction evicting pods of control plane eviction of multi-replica virt-api pod should succeed" classname="Tests Suite" time="0">
          <skipped></skipped>
      </testcase>
      <testcase name="[Serial][ref_id:2717][sig-compute]KubeVirt control plane resilience control plane components check when control plane pods are running [test_id:2806]virt-controller and virt-api pods have a pod disruption budget" classname="Tests Suite" time="0">
          <skipped></skipped>
      </testcase>
      <testcase name="[Serial][ref_id:2717][sig-compute]KubeVirt control plane resilience control plane components check when Control plane pods temporarily lose connection to Kubernetes API should fail health checks when connectivity is lost, and recover when connectivity is regained" classname="Tests Suite" time="0">
          <skipped></skipped>
      </testcase>
      <testcase name="[Serial][sig-compute][USB] host USB Passthrough with usb storage with emulated USB devices Should successfully passthrough 1 emulated USB device" classname="Tests Suite" time="0">
          <skipped></skipped>
      </testcase>
      <testcase name="[Serial][sig-compute][USB] host USB Passthrough with usb storage with emulated USB devices Should successfully passthrough 2 emulated USB devices" classname="Tests Suite" time="0">
          <skipped></skipped>
      </testcase>
      <testcase name="[sig-performance][Serial] Control Plane Performance Density Testing Density test [small] create a batch of 100 VMIs should sucessfully create all VMIS" classname="Tests Suite" time="0">
          <skipped></skipped>
      </testcase>
      <testcase name="[sig-performance][Serial] Control Plane Performance Density Testing Density test [small] create a batch of 100 running VMs should sucessfully create all VMS" classname="Tests Suite" time="0">
          <skipped></skipped>
      </testcase>
      <testcase name="[sig-performance][Serial] Control Plane Performance Density Testing Density test [small] create a batch of 100 running VMs using a single instancetype and preference should sucessfully create all VMS with instancetype and preference" classname="Tests Suite" time="0">
          <skipped></skipped>
      </testcase>
      <testcase name="[Serial][sig-compute]Infrastructure [rfe_id:4102][crit:medium][vendor:cnv-qe@redhat.com][level:component]certificates [test_id:4099] should be rotated when a new CA is created" classname="Tests Suite" time="0">
          <skipped></skipped>
      </testcase>
      <testcase name="[Serial][sig-compute]Infrastructure [rfe_id:4102][crit:medium][vendor:cnv-qe@redhat.com][level:component]certificates [sig-compute][test_id:4100] should be valid during the whole rotation process" classname="Tests Suite" time="0">
          <skipped></skipped>
      </testcase>
      <testcase name="[Serial][sig-compute]Infrastructure [rfe_id:4102][crit:medium][vendor:cnv-qe@redhat.com][level:component]certificates should be rotated when deleted for  [test_id:4101] virt-operator" classname="Tests Suite" time="0">
          <skipped></skipped>
      </testcase>
      <testcase name="[Serial][sig-compute]Infrastructure [rfe_id:4102][crit:medium][vendor:cnv-qe@redhat.com][level:component]certificates should be rotated when deleted for  [test_id:4103] virt-api" classname="Tests Suite" time="0">
          <skipped></skipped>
      </testcase>
      <testcase name="[Serial][sig-compute]Infrastructure [rfe_id:4102][crit:medium][vendor:cnv-qe@redhat.com][level:component]certificates should be rotated when deleted for  [test_id:4104] virt-controller" classname="Tests Suite" time="0">
          <skipped></skipped>
      </testcase>
      <testcase name="[Serial][sig-compute]Infrastructure [rfe_id:4102][crit:medium][vendor:cnv-qe@redhat.com][level:component]certificates should be rotated when deleted for  [test_id:4105] virt-handlers client side" classname="Tests Suite" time="0">
          <skipped></skipped>
      </testcase>
      <testcase name="[Serial][sig-compute]Infrastructure [rfe_id:4102][crit:medium][vendor:cnv-qe@redhat.com][level:component]certificates should be rotated when deleted for  [test_id:4106] virt-handlers server side" classname="Tests Suite" time="0">
          <skipped></skipped>
      </testcase>
      <testcase name="[sig-storage] [Serial]Backend Storage Should use RWO when RWX is not supported" classname="Tests Suite" time="0">
          <skipped></skipped>
      </testcase>
      <testcase name="[crit:medium][vendor:cnv-qe@redhat.com][level:component][sig-compute] Instancetype and Preferences [Serial]with cluster memory overcommit being applied should apply memory overcommit instancetype to VMI even with cluster overcommit set" classname="Tests Suite" time="0">
          <skipped></skipped>
      </testcase>
      <testcase name="[rfe_id:393][crit:high][vendor:cnv-qe@redhat.com][level:system][sig-compute] VM Live Migration Starting a VirtualMachineInstance  [Serial] with auto converge enabled [test_id:3237]should complete a migration" classname="Tests Suite" time="118.787855744"></testcase>
      <testcase name="[rfe_id:393][crit:high][vendor:cnv-qe@redhat.com][level:system][sig-compute] VM Live Migration Starting a VirtualMachineInstance  [Serial] migration to nonroot should migrate root implementation to nonroot [test_id:8609] with simple VMI" classname="Tests Suite" time="50.06917676"></testcase>
      <testcase name="[rfe_id:393][crit:high][vendor:cnv-qe@redhat.com][level:system][sig-compute] VM Live Migration Starting a VirtualMachineInstance  [Serial] migration to nonroot should migrate root implementation to nonroot [test_id:8610] with DataVolume" classname="Tests Suite" time="213.121943227">
          <failure type="Failure">tests/migration/migration.go:1292&#xA;Timed out after 180.001s.&#xA;DataVolume/test-datavolume-pdcgzmmn2mrg expected phase is &#39;Succeeded&#39; but got &#39;Pending&#39;&#xA;tests/libstorage/datavolume.go:86</failure>
          <system-out>Forwarding from 127.0.0.1:8456 -&gt; 8443&#xA;Forwarding from [::1]:8456 -&gt; 8443&#xA;Handling connection for 8456&#xA;Forwarding from 127.0.0.1:6328 -&gt; 8443&#xA;Forwarding from [::1]:6328 -&gt; 8443&#xA;Handling connection for 6328&#xA;Forwarding from 127.0.0.1:8661 -&gt; 8443&#xA;Forwarding from [::1]:8661 -&gt; 8443&#xA;Handling connection for 8661&#xA;Forwarding from 127.0.0.1:7166 -&gt; 8443&#xA;Forwarding from [::1]:7166 -&gt; 8443&#xA;Handling connection for 7166&#xA;Forwarding from 127.0.0.1:9767 -&gt; 8443&#xA;Forwarding from [::1]:9767 -&gt; 8443&#xA;Handling connection for 9767&#xA;Forwarding from 127.0.0.1:6088 -&gt; 8443&#xA;Forwarding from [::1]:6088 -&gt; 8443&#xA;Handling connection for 6088&#xA;Forwarding from 127.0.0.1:6214 -&gt; 8443&#xA;Forwarding from [::1]:6214 -&gt; 8443&#xA;Handling connection for 6214&#xA;{&#34;component&#34;:&#34;tests&#34;,&#34;level&#34;:&#34;info&#34;,&#34;msg&#34;:&#34;system is in sync with kubevirt config resource version 30099&#34;,&#34;pos&#34;:&#34;kvconfig.go:97&#34;,&#34;timestamp&#34;:&#34;2025-04-22T10:12:00.257889Z&#34;}&#xA;On failure, artifacts will be collected in /logs/artifacts/k8s-reporter/1/2_*&#xA;Forwarding from 127.0.0.1:6778 -&gt; 8443&#xA;Forwarding from [::1]:6778 -&gt; 8443&#xA;Handling connection for 6778&#xA;Forwarding from 127.0.0.1:6447 -&gt; 8443&#xA;Forwarding from [::1]:6447 -&gt; 8443&#xA;Handling connection for 6447&#xA;Forwarding from 127.0.0.1:8917 -&gt; 8443&#xA;Forwarding from [::1]:8917 -&gt; 8443&#xA;Handling connection for 8917&#xA;Forwarding from 127.0.0.1:10183 -&gt; 8443&#xA;Forwarding from [::1]:10183 -&gt; 8443&#xA;Handling connection for 10183&#xA;Forwarding from 127.0.0.1:4878 -&gt; 8443&#xA;Forwarding from [::1]:4878 -&gt; 8443&#xA;Handling connection for 4878&#xA;Forwarding from 127.0.0.1:9221 -&gt; 8443&#xA;Forwarding from [::1]:9221 -&gt; 8443&#xA;Handling connection for 9221&#xA;Forwarding from 127.0.0.1:9514 -&gt; 8443&#xA;Forwarding from [::1]:9514 -&gt; 8443&#xA;Handling connection for 9514&#xA;{&#34;component&#34;:&#34;tests&#34;,&#34;level&#34;:&#34;info&#34;,&#34;msg&#34;:&#34;system is in sync with kubevirt config resource version 31169&#34;,&#34;pos&#34;:&#34;kvconfig.go:97&#34;,&#34;timestamp&#34;:&#34;2025-04-22T10:15:04.374776Z&#34;}&#xA;Global test cleanup started.&#xA;Forwarding from 127.0.0.1:7204 -&gt; 8443&#xA;Forwarding from [::1]:7204 -&gt; 8443&#xA;Handling connection for 7204&#xA;Forwarding from 127.0.0.1:10212 -&gt; 8443&#xA;Forwarding from [::1]:10212 -&gt; 8443&#xA;Handling connection for 10212&#xA;Forwarding from 127.0.0.1:7288 -&gt; 8443&#xA;Forwarding from [::1]:7288 -&gt; 8443&#xA;Handling connection for 7288&#xA;Forwarding from 127.0.0.1:5163 -&gt; 8443&#xA;Forwarding from [::1]:5163 -&gt; 8443&#xA;Handling connection for 5163&#xA;Forwarding from 127.0.0.1:5353 -&gt; 8443&#xA;Forwarding from [::1]:5353 -&gt; 8443&#xA;Handling connection for 5353&#xA;Forwarding from 127.0.0.1:6497 -&gt; 8443&#xA;Forwarding from [::1]:6497 -&gt; 8443&#xA;Handling connection for 6497&#xA;Forwarding from 127.0.0.1:7761 -&gt; 8443&#xA;Forwarding from [::1]:7761 -&gt; 8443&#xA;Handling connection for 7761&#xA;{&#34;component&#34;:&#34;tests&#34;,&#34;level&#34;:&#34;info&#34;,&#34;msg&#34;:&#34;system is in sync with kubevirt config resource version 31169&#34;,&#34;pos&#34;:&#34;kvconfig.go:97&#34;,&#34;timestamp&#34;:&#34;2025-04-22T10:15:11.783478Z&#34;}&#xA;Global test cleanup ended.&#xA;</system-out>
      </testcase>
      <testcase name="[rfe_id:393][crit:high][vendor:cnv-qe@redhat.com][level:system][sig-compute] VM Live Migration Starting a VirtualMachineInstance  [Serial] migration to nonroot should migrate root implementation to nonroot [test_id:8611] with CD + CloudInit + SA + ConfigMap + Secret + DownwardAPI + Kernel Boot" classname="Tests Suite" time="73.438263163"></testcase>
      <testcase name="[rfe_id:393][crit:high][vendor:cnv-qe@redhat.com][level:system][sig-compute] VM Live Migration Starting a VirtualMachineInstance  [Serial] migration to nonroot should migrate root implementation to nonroot [test_id:8612] with PVC" classname="Tests Suite" time="213.376483606">
          <failure type="Failure">tests/migration/migration.go:1307&#xA;Timed out after 180.001s.&#xA;DataVolume/test-datavolume-gw74qp8f6mpl expected phase is &#39;Succeeded&#39; but got &#39;Pending&#39;&#xA;tests/libstorage/datavolume.go:86</failure>
          <system-out>Forwarding from 127.0.0.1:8035 -&gt; 8443&#xA;Forwarding from [::1]:8035 -&gt; 8443&#xA;Handling connection for 8035&#xA;Forwarding from 127.0.0.1:5967 -&gt; 8443&#xA;Forwarding from [::1]:5967 -&gt; 8443&#xA;Handling connection for 5967&#xA;Forwarding from 127.0.0.1:4557 -&gt; 8443&#xA;Forwarding from [::1]:4557 -&gt; 8443&#xA;Handling connection for 4557&#xA;Forwarding from 127.0.0.1:4730 -&gt; 8443&#xA;Forwarding from [::1]:4730 -&gt; 8443&#xA;Handling connection for 4730&#xA;Forwarding from 127.0.0.1:6216 -&gt; 8443&#xA;Forwarding from [::1]:6216 -&gt; 8443&#xA;Handling connection for 6216&#xA;Forwarding from 127.0.0.1:8614 -&gt; 8443&#xA;Forwarding from [::1]:8614 -&gt; 8443&#xA;Handling connection for 8614&#xA;Forwarding from 127.0.0.1:10101 -&gt; 8443&#xA;Forwarding from [::1]:10101 -&gt; 8443&#xA;Handling connection for 10101&#xA;{&#34;component&#34;:&#34;tests&#34;,&#34;level&#34;:&#34;info&#34;,&#34;msg&#34;:&#34;system is in sync with kubevirt config resource version 32412&#34;,&#34;pos&#34;:&#34;kvconfig.go:97&#34;,&#34;timestamp&#34;:&#34;2025-04-22T10:16:46.820925Z&#34;}&#xA;On failure, artifacts will be collected in /logs/artifacts/k8s-reporter/1/3_*&#xA;Forwarding from 127.0.0.1:5721 -&gt; 8443&#xA;Forwarding from [::1]:5721 -&gt; 8443&#xA;Handling connection for 5721&#xA;Forwarding from 127.0.0.1:9260 -&gt; 8443&#xA;Forwarding from [::1]:9260 -&gt; 8443&#xA;Handling connection for 9260&#xA;Forwarding from 127.0.0.1:4874 -&gt; 8443&#xA;Forwarding from [::1]:4874 -&gt; 8443&#xA;Handling connection for 4874&#xA;Forwarding from 127.0.0.1:4819 -&gt; 8443&#xA;Forwarding from [::1]:4819 -&gt; 8443&#xA;Handling connection for 4819&#xA;Forwarding from 127.0.0.1:7179 -&gt; 8443&#xA;Forwarding from [::1]:7179 -&gt; 8443&#xA;Handling connection for 7179&#xA;Forwarding from 127.0.0.1:10276 -&gt; 8443&#xA;Forwarding from [::1]:10276 -&gt; 8443&#xA;Handling connection for 10276&#xA;Forwarding from 127.0.0.1:6305 -&gt; 8443&#xA;Forwarding from [::1]:6305 -&gt; 8443&#xA;Handling connection for 6305&#xA;{&#34;component&#34;:&#34;tests&#34;,&#34;level&#34;:&#34;info&#34;,&#34;msg&#34;:&#34;system is in sync with kubevirt config resource version 33493&#34;,&#34;pos&#34;:&#34;kvconfig.go:97&#34;,&#34;timestamp&#34;:&#34;2025-04-22T10:19:51.156794Z&#34;}&#xA;Global test cleanup started.&#xA;Forwarding from 127.0.0.1:8645 -&gt; 8443&#xA;Forwarding from [::1]:8645 -&gt; 8443&#xA;Handling connection for 8645&#xA;Forwarding from 127.0.0.1:4605 -&gt; 8443&#xA;Forwarding from [::1]:4605 -&gt; 8443&#xA;Handling connection for 4605&#xA;Forwarding from 127.0.0.1:9214 -&gt; 8443&#xA;Forwarding from [::1]:9214 -&gt; 8443&#xA;Handling connection for 9214&#xA;Forwarding from 127.0.0.1:5618 -&gt; 8443&#xA;Forwarding from [::1]:5618 -&gt; 8443&#xA;Handling connection for 5618&#xA;Forwarding from 127.0.0.1:7316 -&gt; 8443&#xA;Forwarding from [::1]:7316 -&gt; 8443&#xA;Handling connection for 7316&#xA;Forwarding from 127.0.0.1:7707 -&gt; 8443&#xA;Forwarding from [::1]:7707 -&gt; 8443&#xA;Handling connection for 7707&#xA;Forwarding from 127.0.0.1:7815 -&gt; 8443&#xA;Forwarding from [::1]:7815 -&gt; 8443&#xA;Handling connection for 7815&#xA;{&#34;component&#34;:&#34;tests&#34;,&#34;level&#34;:&#34;info&#34;,&#34;msg&#34;:&#34;system is in sync with kubevirt config resource version 33493&#34;,&#34;pos&#34;:&#34;kvconfig.go:97&#34;,&#34;timestamp&#34;:&#34;2025-04-22T10:19:58.590609Z&#34;}&#xA;Global test cleanup ended.&#xA;</system-out>
      </testcase>
      <testcase name="[rfe_id:393][crit:high][vendor:cnv-qe@redhat.com][level:system][sig-compute] VM Live Migration Starting a VirtualMachineInstance  [Serial] migration to root should migrate nonroot implementation to root with simple VMI" classname="Tests Suite" time="71.996322231"></testcase>
      <testcase name="[rfe_id:393][crit:high][vendor:cnv-qe@redhat.com][level:system][sig-compute] VM Live Migration Starting a VirtualMachineInstance  [Serial] migration to root should migrate nonroot implementation to root with DataVolume" classname="Tests Suite" time="191.178077277">
          <failure type="Failure">tests/migration/migration.go:1382&#xA;Timed out after 180.000s.&#xA;DataVolume/test-datavolume-z8txmsxw9kt5 expected phase is &#39;Succeeded&#39; but got &#39;&#39;&#xA;tests/libstorage/datavolume.go:86</failure>
          <system-out>On failure, artifacts will be collected in /logs/artifacts/k8s-reporter/1/4_*&#xA;Global test cleanup started.&#xA;Forwarding from 127.0.0.1:7001 -&gt; 8443&#xA;Forwarding from [::1]:7001 -&gt; 8443&#xA;Handling connection for 7001&#xA;Forwarding from 127.0.0.1:4913 -&gt; 8443&#xA;Forwarding from [::1]:4913 -&gt; 8443&#xA;Handling connection for 4913&#xA;Forwarding from 127.0.0.1:9266 -&gt; 8443&#xA;Forwarding from [::1]:9266 -&gt; 8443&#xA;Handling connection for 9266&#xA;Forwarding from 127.0.0.1:6410 -&gt; 8443&#xA;Forwarding from [::1]:6410 -&gt; 8443&#xA;Handling connection for 6410&#xA;Forwarding from 127.0.0.1:7198 -&gt; 8443&#xA;Forwarding from [::1]:7198 -&gt; 8443&#xA;Handling connection for 7198&#xA;Forwarding from 127.0.0.1:9148 -&gt; 8443&#xA;Forwarding from [::1]:9148 -&gt; 8443&#xA;Handling connection for 9148&#xA;Forwarding from 127.0.0.1:7377 -&gt; 8443&#xA;Forwarding from [::1]:7377 -&gt; 8443&#xA;Handling connection for 7377&#xA;{&#34;component&#34;:&#34;tests&#34;,&#34;level&#34;:&#34;info&#34;,&#34;msg&#34;:&#34;system is in sync with kubevirt config resource version 34734&#34;,&#34;pos&#34;:&#34;kvconfig.go:97&#34;,&#34;timestamp&#34;:&#34;2025-04-22T10:24:42.975858Z&#34;}&#xA;Global test cleanup ended.&#xA;</system-out>
      </testcase>
      <testcase name="[rfe_id:393][crit:high][vendor:cnv-qe@redhat.com][level:system][sig-compute] VM Live Migration Starting a VirtualMachineInstance  [Serial] migration to root should migrate nonroot implementation to root with CD + CloudInit + SA + ConfigMap + Secret + DownwardAPI + Kernel Boot" classname="Tests Suite" time="100.655919305"></testcase>
      <testcase name="[rfe_id:393][crit:high][vendor:cnv-qe@redhat.com][level:system][sig-compute] VM Live Migration Starting a VirtualMachineInstance  [Serial] migration to root should migrate nonroot implementation to root with PVC" classname="Tests Suite" time="191.369753112">
          <failure type="Failure">tests/migration/migration.go:1397&#xA;Timed out after 180.001s.&#xA;DataVolume/test-datavolume-sthw2wzglwjr expected phase is &#39;Succeeded&#39; but got &#39;&#39;&#xA;tests/libstorage/datavolume.go:86</failure>
          <system-out>On failure, artifacts will be collected in /logs/artifacts/k8s-reporter/1/5_*&#xA;Global test cleanup started.&#xA;Forwarding from 127.0.0.1:6748 -&gt; 8443&#xA;Forwarding from [::1]:6748 -&gt; 8443&#xA;Handling connection for 6748&#xA;Forwarding from 127.0.0.1:4401 -&gt; 8443&#xA;Forwarding from [::1]:4401 -&gt; 8443&#xA;Handling connection for 4401&#xA;Forwarding from 127.0.0.1:6985 -&gt; 8443&#xA;Forwarding from [::1]:6985 -&gt; 8443&#xA;Handling connection for 6985&#xA;Forwarding from 127.0.0.1:8896 -&gt; 8443&#xA;Forwarding from [::1]:8896 -&gt; 8443&#xA;Handling connection for 8896&#xA;Forwarding from 127.0.0.1:5808 -&gt; 8443&#xA;Forwarding from [::1]:5808 -&gt; 8443&#xA;Handling connection for 5808&#xA;Forwarding from 127.0.0.1:10270 -&gt; 8443&#xA;Forwarding from [::1]:10270 -&gt; 8443&#xA;Handling connection for 10270&#xA;Forwarding from 127.0.0.1:6579 -&gt; 8443&#xA;Forwarding from [::1]:6579 -&gt; 8443&#xA;Handling connection for 6579&#xA;{&#34;component&#34;:&#34;tests&#34;,&#34;level&#34;:&#34;info&#34;,&#34;msg&#34;:&#34;system is in sync with kubevirt config resource version 36711&#34;,&#34;pos&#34;:&#34;kvconfig.go:97&#34;,&#34;timestamp&#34;:&#34;2025-04-22T10:29:35.004130Z&#34;}&#xA;Global test cleanup ended.&#xA;</system-out>
      </testcase>
      <testcase name="[rfe_id:393][crit:high][vendor:cnv-qe@redhat.com][level:system][sig-compute] VM Live Migration Starting a VirtualMachineInstance  migration security [Serial] with TLS disabled [test_id:6976] should be successfully migrated" classname="Tests Suite" time="85.660104407"></testcase>
      <testcase name="[rfe_id:393][crit:high][vendor:cnv-qe@redhat.com][level:system][sig-compute] VM Live Migration Starting a VirtualMachineInstance  migration security [Serial] with TLS disabled [test_id:6977]should not secure migrations with TLS" classname="Tests Suite" time="123.398763221"></testcase>
      <testcase name="[rfe_id:393][crit:high][vendor:cnv-qe@redhat.com][level:system][sig-compute] VM Live Migration Starting a VirtualMachineInstance  [Serial] migration monitor without progress [test_id:2227] should abort a vmi migration" classname="Tests Suite" time="115.547003565"></testcase>
      <testcase name="[rfe_id:393][crit:high][vendor:cnv-qe@redhat.com][level:system][sig-compute] VM Live Migration Starting a VirtualMachineInstance  [Serial] migration monitor [test_id:6978] Should detect a failed migration" classname="Tests Suite" time="125.501990112"></testcase>
      <testcase name="[rfe_id:393][crit:high][vendor:cnv-qe@redhat.com][level:system][sig-compute] VM Live Migration Starting a VirtualMachineInstance  [Serial] migration monitor old finalized migrations should get garbage collected" classname="Tests Suite" time="204.360436133"></testcase>
      <testcase name="[rfe_id:393][crit:high][vendor:cnv-qe@redhat.com][level:system][sig-compute] VM Live Migration Starting a VirtualMachineInstance  [Serial] migration monitor [test_id:6979]Target pod should exit after failed migration" classname="Tests Suite" time="65.249768636"></testcase>
      <testcase name="[rfe_id:393][crit:high][vendor:cnv-qe@redhat.com][level:system][sig-compute] VM Live Migration Starting a VirtualMachineInstance  [Serial] migration monitor [test_id:6980]Migration should fail if target pod fails during target preparation" classname="Tests Suite" time="53.08695883"></testcase>
      <testcase name="[rfe_id:393][crit:high][vendor:cnv-qe@redhat.com][level:system][sig-compute] VM Live Migration Starting a VirtualMachineInstance  [Serial] migration monitor Migration should generate empty isos of the right size on the target" classname="Tests Suite" time="50.193550334"></testcase>
      <testcase name="[rfe_id:393][crit:high][vendor:cnv-qe@redhat.com][level:system][sig-compute] VM Live Migration Starting a VirtualMachineInstance  live migration cancelation [Serial]when target pod cannot be scheduled and is suck in Pending phase should be able to properly abort migration" classname="Tests Suite" time="107.768960894"></testcase>
      <testcase name="[rfe_id:393][crit:high][vendor:cnv-qe@redhat.com][level:system][sig-compute] VM Live Migration Starting a VirtualMachineInstance  with a host-model cpu [Serial]Should trigger event if vmi with host-model start on source node with uniq host-model [test_id:7505]when no node is suited for host model" classname="Tests Suite" time="42.936038116"></testcase>
      <testcase name="[rfe_id:393][crit:high][vendor:cnv-qe@redhat.com][level:system][sig-compute] VM Live Migration Starting a VirtualMachineInstance  with a host-model cpu [Serial]Should trigger event if the nodes doesn&#39;t contain MigrationSelectorLabel for the vmi host-model type no node contain suited SupportedHostModelMigrationCPU label" classname="Tests Suite" time="61.984816886"></testcase>
      <testcase name="[rfe_id:393][crit:high][vendor:cnv-qe@redhat.com][level:system][sig-compute] VM Live Migration Starting a VirtualMachineInstance  [Serial] with migration policies migration policy should override cluster-wide policy if defined" classname="Tests Suite" time="54.166666217"></testcase>
      <testcase name="[rfe_id:393][crit:high][vendor:cnv-qe@redhat.com][level:system][sig-compute] VM Live Migration Starting a VirtualMachineInstance  [Serial] with migration policies migration policy should not affect cluster-wide policy if not defined" classname="Tests Suite" time="63.363271458"></testcase>
      <testcase name="[rfe_id:393][crit:high][vendor:cnv-qe@redhat.com][level:system][sig-compute] VM Live Migration Starting a VirtualMachineInstance  [Serial] with freePageReporting should be able to migrate" classname="Tests Suite" time="55.588901495"></testcase>
      <testcase name="[rfe_id:393][crit:high][vendor:cnv-qe@redhat.com][level:system][sig-compute] VM Live Migration [Serial] With Huge Pages should consume hugepages  [test_id:6983]hugepages-2Mi" classname="Tests Suite" time="24.661206869"></testcase>
      <testcase name="[rfe_id:393][crit:high][vendor:cnv-qe@redhat.com][level:system][sig-compute] VM Live Migration [Serial] With Huge Pages should consume hugepages  [test_id:6984]hugepages-1Gi" classname="Tests Suite" time="7.036870878">
          <skipped></skipped>
      </testcase>
      <testcase name="[rfe_id:393][crit:high][vendor:cnv-qe@redhat.com][level:system][sig-compute] VM Live Migration [Serial] with CPU pinning and huge pages should not make migrations fail" classname="Tests Suite" time="35.737993966"></testcase>
      <testcase name="[rfe_id:393][crit:high][vendor:cnv-qe@redhat.com][level:system][sig-compute] VM Live Migration [Serial] with CPU pinning and huge pages and NUMA passthrough should not make migrations fail" classname="Tests Suite" time="33.794443747"></testcase>
      <testcase name="[rfe_id:393][crit:high][vendor:cnv-qe@redhat.com][level:system][sig-compute] VM Live Migration [Serial]Testing host-model cpuModel edge cases in the cluster if the cluster is host-model migratable Should be able to migrate back to the initial node from target node with host-model even if target is newer than source" classname="Tests Suite" time="89.132105966"></testcase>
      <testcase name="[rfe_id:393][crit:high][vendor:cnv-qe@redhat.com][level:system][sig-compute] VM Live Migration [Serial]Testing host-model cpuModel edge cases in the cluster if the cluster is host-model migratable vmi with host-model should be able to migrate to node that support the initial node&#39;s host-model even if this model isn&#39;t the target&#39;s host-model" classname="Tests Suite" time="77.870310549"></testcase>
      <testcase name="[rfe_id:393][crit:high][vendor:cnv-qe@redhat.com][level:system][sig-compute] VM Live Migration with a dedicated migration network Should migrate over that network" classname="Tests Suite" time="240.480350562"></testcase>
      <testcase name="[sig-network] [Serial] Istio with passt binding Virtual Machine with istio supported interface Live Migration All containers should complete in source virt-launcher pod after migration" classname="Tests Suite" time="32.008212039">
          <skipped></skipped>
      </testcase>
      <testcase name="[sig-network] [Serial] Istio with passt binding Virtual Machine with istio supported interface SSH traffic With VMI having explicit ports specified should ssh to VMI with Istio proxy" classname="Tests Suite" time="0">
          <skipped></skipped>
      </testcase>
      <testcase name="[sig-network] [Serial] Istio with passt binding Virtual Machine with istio supported interface SSH traffic With VMI having no explicit ports specified should ssh to VMI with Istio proxy" classname="Tests Suite" time="0">
          <skipped></skipped>
      </testcase>
      <testcase name="[sig-network] [Serial] Istio with passt binding Virtual Machine with istio supported interface Inbound traffic With VMI having explicit ports specified request to VMI should reach HTTP server on service declared port on VMI with explicit ports" classname="Tests Suite" time="0">
          <skipped></skipped>
      </testcase>
      <testcase name="[sig-network] [Serial] Istio with passt binding Virtual Machine with istio supported interface Inbound traffic With VMI having explicit ports specified request to VMI should reach HTTP server on service undeclared port on VMI with explicit ports" classname="Tests Suite" time="0">
          <skipped></skipped>
      </testcase>
      <testcase name="[sig-network] [Serial] Istio with passt binding Virtual Machine with istio supported interface Inbound traffic With VMI having no explicit ports specified request to VMI should reach HTTP server on service declared port on VMI with no explicit ports" classname="Tests Suite" time="0">
          <skipped></skipped>
      </testcase>
      <testcase name="[sig-network] [Serial] Istio with passt binding Virtual Machine with istio supported interface Inbound traffic With VMI having no explicit ports specified request to VMI should reach HTTP server on service undeclared port on VMI with no explicit ports" classname="Tests Suite" time="0">
          <skipped></skipped>
      </testcase>
      <testcase name="[sig-network] [Serial] Istio with passt binding Virtual Machine with istio supported interface Inbound traffic With VMI having no explicit ports specified Should not be able to reach service running on Istio restricted port" classname="Tests Suite" time="0">
          <skipped></skipped>
      </testcase>
      <testcase name="[sig-network] [Serial] Istio with passt binding Virtual Machine with istio supported interface Inbound traffic With PeerAuthentication enforcing mTLS With VMI having explicit ports specified client outside mesh should NOT reach VMI HTTP server on service declared port on VMI with explicit ports" classname="Tests Suite" time="0">
          <skipped></skipped>
      </testcase>
      <testcase name="[sig-network] [Serial] Istio with passt binding Virtual Machine with istio supported interface Inbound traffic With PeerAuthentication enforcing mTLS With VMI having explicit ports specified client outside mesh should NOT reach VMI HTTP server on service undeclared port on VMI with explicit ports" classname="Tests Suite" time="0">
          <skipped></skipped>
      </testcase>
      <testcase name="[sig-network] [Serial] Istio with passt binding Virtual Machine with istio supported interface Inbound traffic With PeerAuthentication enforcing mTLS With VMI having no explicit ports specified client outside mesh should NOT reach VMI HTTP server on service declared port on VMI with no explicit ports" classname="Tests Suite" time="0">
          <skipped></skipped>
      </testcase>
      <testcase name="[sig-network] [Serial] Istio with passt binding Virtual Machine with istio supported interface Inbound traffic With PeerAuthentication enforcing mTLS With VMI having no explicit ports specified client outside mesh should NOT reach VMI HTTP server on service undeclared port on VMI with no explicit ports" classname="Tests Suite" time="0">
          <skipped></skipped>
      </testcase>
      <testcase name="[sig-network] [Serial] Istio with passt binding Virtual Machine with istio supported interface Outbound traffic VMI with explicit ports Should be able to reach http server outside of mesh" classname="Tests Suite" time="0">
          <skipped></skipped>
      </testcase>
      <testcase name="[sig-network] [Serial] Istio with passt binding Virtual Machine with istio supported interface Outbound traffic VMI with no explicit ports Should be able to reach http server outside of mesh" classname="Tests Suite" time="0">
          <skipped></skipped>
      </testcase>
      <testcase name="[sig-network] [Serial] Istio with passt binding Virtual Machine with istio supported interface Outbound traffic With Sidecar allowing only registered external services VMI with explicit ports Should not be able to reach http service outside of mesh" classname="Tests Suite" time="0">
          <skipped></skipped>
      </testcase>
      <testcase name="[sig-network] [Serial] Istio with passt binding Virtual Machine with istio supported interface Outbound traffic With Sidecar allowing only registered external services VMI with no explicit ports Should not be able to reach http service outside of mesh" classname="Tests Suite" time="0">
          <skipped></skipped>
      </testcase>
      <testcase name="[Serial][sig-compute]Infrastructure Node-labeller basic labelling skip node reconciliation when node has skip annotation" classname="Tests Suite" time="0">
          <skipped></skipped>
      </testcase>
      <testcase name="[Serial][sig-compute]Infrastructure Node-labeller basic labelling [test_id:6246] label nodes with cpu model, cpu features and host cpu model" classname="Tests Suite" time="0">
          <skipped></skipped>
      </testcase>
      <testcase name="[Serial][sig-compute]Infrastructure Node-labeller basic labelling [test_id:6247] should set default obsolete cpu models filter when obsolete-cpus-models is not set in kubevirt config" classname="Tests Suite" time="0">
          <skipped></skipped>
      </testcase>
      <testcase name="[Serial][sig-compute]Infrastructure Node-labeller basic labelling [test_id:6995]should expose tsc frequency and tsc scalability" classname="Tests Suite" time="0">
          <skipped></skipped>
      </testcase>
      <testcase name="[Serial][sig-compute]Infrastructure Node-labeller advanced labelling [test_id:6249] should update node with new cpu model label set" classname="Tests Suite" time="0">
          <skipped></skipped>
      </testcase>
      <testcase name="[Serial][sig-compute]Infrastructure Node-labeller advanced labelling [test_id:6250] should update node with new cpu model vendor label" classname="Tests Suite" time="0">
          <skipped></skipped>
      </testcase>
      <testcase name="[Serial][sig-compute]Infrastructure Node-labeller advanced labelling [test_id:6252] should remove all cpu model labels (all cpu model are in obsolete list)" classname="Tests Suite" time="0">
          <skipped></skipped>
      </testcase>
      <testcase name="[Serial][sig-compute]Infrastructure Node-labeller [Serial]node with obsolete host-model cpuModel [Serial]should not schedule vmi with host-model cpuModel to node with obsolete host-model cpuModel" classname="Tests Suite" time="0">
          <skipped></skipped>
      </testcase>
      <testcase name="[Serial]VirtualMachineClone Tests VM clone [sig-compute]simple VM and cloning operations simple default clone" classname="Tests Suite" time="0">
          <skipped></skipped>
      </testcase>
      <testcase name="[Serial]VirtualMachineClone Tests VM clone [sig-compute]simple VM and cloning operations simple clone with snapshot source" classname="Tests Suite" time="0">
          <skipped></skipped>
      </testcase>
      <testcase name="[Serial]VirtualMachineClone Tests VM clone [sig-compute]simple VM and cloning operations clone with only some of labels/annotations" classname="Tests Suite" time="0">
          <skipped></skipped>
      </testcase>
      <testcase name="[Serial]VirtualMachineClone Tests VM clone [sig-compute]simple VM and cloning operations clone with only some of template.labels/template.annotations" classname="Tests Suite" time="0">
          <skipped></skipped>
      </testcase>
      <testcase name="[Serial]VirtualMachineClone Tests VM clone [sig-compute]simple VM and cloning operations clone with changed MAC address" classname="Tests Suite" time="0">
          <skipped></skipped>
      </testcase>
      <testcase name="[Serial]VirtualMachineClone Tests VM clone [sig-compute]simple VM and cloning operations regarding domain Firmware clone with changed SMBios serial" classname="Tests Suite" time="0">
          <skipped></skipped>
      </testcase>
      <testcase name="[Serial]VirtualMachineClone Tests VM clone [sig-compute]simple VM and cloning operations regarding domain Firmware should strip firmware UUID" classname="Tests Suite" time="0">
          <skipped></skipped>
      </testcase>
      <testcase name="[Serial]VirtualMachineClone Tests VM clone [sig-storage]with more complicated VM and no snapshot storage class should reject source with non snapshotable volume with VM source" classname="Tests Suite" time="0">
          <skipped></skipped>
      </testcase>
      <testcase name="[Serial]VirtualMachineClone Tests VM clone [sig-storage]with more complicated VM and no snapshot storage class should reject source with non snapshotable volume with snapshot source" classname="Tests Suite" time="0">
          <skipped></skipped>
      </testcase>
      <testcase name="[Serial]VirtualMachineClone Tests VM clone [sig-storage]with more complicated VM and snapshot storage class with a simple clone" classname="Tests Suite" time="0">
          <skipped></skipped>
      </testcase>
      <testcase name="[Serial]VirtualMachineClone Tests VM clone [sig-storage]with more complicated VM and snapshot storage class with instancetype and preferences should create new ControllerRevisions for cloned VM with a running VM" classname="Tests Suite" time="0">
          <skipped></skipped>
      </testcase>
      <testcase name="[Serial]VirtualMachineClone Tests VM clone [sig-storage]with more complicated VM and snapshot storage class with instancetype and preferences should create new ControllerRevisions for cloned VM with a stopped VM" classname="Tests Suite" time="0">
          <skipped></skipped>
      </testcase>
      <testcase name="[Serial]VirtualMachineClone Tests VM clone [sig-storage]with more complicated VM and snapshot storage class double cloning: clone target as a clone source" classname="Tests Suite" time="0">
          <skipped></skipped>
      </testcase>
      <testcase name="[Serial]VirtualMachineClone Tests VM clone [sig-storage]with more complicated VM and snapshot storage class with WaitForFirstConsumer binding mode should not delete the vmsnapshot and vmrestore until all the pvc(s) are bound" classname="Tests Suite" time="0">
          <skipped></skipped>
      </testcase>
      <testcase name="[sig-compute] virt-api scaling [Serial]virt-api replicas should be determined by patch if exist" classname="Tests Suite" time="0">
          <skipped></skipped>
      </testcase>
      <testcase name="[sig-network] [Serial] Istio with masquerade binding Virtual Machine with istio supported interface Live Migration All containers should complete in source virt-launcher pod after migration" classname="Tests Suite" time="7.199292052">
          <skipped></skipped>
      </testcase>
      <testcase name="[sig-network] [Serial] Istio with masquerade binding Virtual Machine with istio supported interface SSH traffic With VMI having explicit ports specified should ssh to VMI with Istio proxy" classname="Tests Suite" time="0">
          <skipped></skipped>
      </testcase>
      <testcase name="[sig-network] [Serial] Istio with masquerade binding Virtual Machine with istio supported interface SSH traffic With VMI having no explicit ports specified should ssh to VMI with Istio proxy" classname="Tests Suite" time="0">
          <skipped></skipped>
      </testcase>
      <testcase name="[sig-network] [Serial] Istio with masquerade binding Virtual Machine with istio supported interface Inbound traffic With VMI having explicit ports specified request to VMI should reach HTTP server on service declared port on VMI with explicit ports" classname="Tests Suite" time="0">
          <skipped></skipped>
      </testcase>
      <testcase name="[sig-network] [Serial] Istio with masquerade binding Virtual Machine with istio supported interface Inbound traffic With VMI having explicit ports specified request to VMI should reach HTTP server on service undeclared port on VMI with explicit ports" classname="Tests Suite" time="0">
          <skipped></skipped>
      </testcase>
      <testcase name="[sig-network] [Serial] Istio with masquerade binding Virtual Machine with istio supported interface Inbound traffic With VMI having no explicit ports specified request to VMI should reach HTTP server on service declared port on VMI with no explicit ports" classname="Tests Suite" time="0">
          <skipped></skipped>
      </testcase>
      <testcase name="[sig-network] [Serial] Istio with masquerade binding Virtual Machine with istio supported interface Inbound traffic With VMI having no explicit ports specified request to VMI should reach HTTP server on service undeclared port on VMI with no explicit ports" classname="Tests Suite" time="0">
          <skipped></skipped>
      </testcase>
      <testcase name="[sig-network] [Serial] Istio with masquerade binding Virtual Machine with istio supported interface Inbound traffic With VMI having no explicit ports specified Should not be able to reach service running on Istio restricted port" classname="Tests Suite" time="0">
          <skipped></skipped>
      </testcase>
      <testcase name="[sig-network] [Serial] Istio with masquerade binding Virtual Machine with istio supported interface Inbound traffic With PeerAuthentication enforcing mTLS With VMI having explicit ports specified client outside mesh should NOT reach VMI HTTP server on service declared port on VMI with explicit ports" classname="Tests Suite" time="0">
          <skipped></skipped>
      </testcase>
      <testcase name="[sig-network] [Serial] Istio with masquerade binding Virtual Machine with istio supported interface Inbound traffic With PeerAuthentication enforcing mTLS With VMI having explicit ports specified client outside mesh should NOT reach VMI HTTP server on service undeclared port on VMI with explicit ports" classname="Tests Suite" time="0">
          <skipped></skipped>
      </testcase>
      <testcase name="[sig-network] [Serial] Istio with masquerade binding Virtual Machine with istio supported interface Inbound traffic With PeerAuthentication enforcing mTLS With VMI having no explicit ports specified client outside mesh should NOT reach VMI HTTP server on service declared port on VMI with no explicit ports" classname="Tests Suite" time="0">
          <skipped></skipped>
      </testcase>
      <testcase name="[sig-network] [Serial] Istio with masquerade binding Virtual Machine with istio supported interface Inbound traffic With PeerAuthentication enforcing mTLS With VMI having no explicit ports specified client outside mesh should NOT reach VMI HTTP server on service undeclared port on VMI with no explicit ports" classname="Tests Suite" time="0">
          <skipped></skipped>
      </testcase>
      <testcase name="[sig-network] [Serial] Istio with masquerade binding Virtual Machine with istio supported interface Outbound traffic VMI with explicit ports Should be able to reach http server outside of mesh" classname="Tests Suite" time="0">
          <skipped></skipped>
      </testcase>
      <testcase name="[sig-network] [Serial] Istio with masquerade binding Virtual Machine with istio supported interface Outbound traffic VMI with no explicit ports Should be able to reach http server outside of mesh" classname="Tests Suite" time="0">
          <skipped></skipped>
      </testcase>
      <testcase name="[sig-network] [Serial] Istio with masquerade binding Virtual Machine with istio supported interface Outbound traffic With Sidecar allowing only registered external services VMI with explicit ports Should not be able to reach http service outside of mesh" classname="Tests Suite" time="0">
          <skipped></skipped>
      </testcase>
      <testcase name="[sig-network] [Serial] Istio with masquerade binding Virtual Machine with istio supported interface Outbound traffic With Sidecar allowing only registered external services VMI with no explicit ports Should not be able to reach http service outside of mesh" classname="Tests Suite" time="0">
          <skipped></skipped>
      </testcase>
      <testcase name="[Serial][sig-compute] virt-handler node restrictions via validatingAdmissionPolicy reject not allowed patches to node" classname="Tests Suite" time="0">
          <skipped></skipped>
      </testcase>
      <testcase name="[Serial][sig-compute] virt-handler node restrictions via validatingAdmissionPolicy allow kubevirt related patches to node" classname="Tests Suite" time="0">
          <skipped></skipped>
      </testcase>
      <testcase name="[Serial][sig-compute]SwapTest Migration to/from memory overcommitted nodes Postcopy Migration of vmi that is dirtying(stress-ng) more memory than the source node&#39;s memory" classname="Tests Suite" time="7.319427435">
          <skipped></skipped>
      </testcase>
      <testcase name="[Serial][sig-compute]SwapTest Migration to/from memory overcommitted nodes Migration of vmi to memory overcommited node" classname="Tests Suite" time="7.330805811">
          <skipped></skipped>
      </testcase>
      <testcase name="[sig-storage] VirtualMachineRestore Tests [storage-req] With a more complicated VM Should restore a vm with backend storage with offline snapshot" classname="Tests Suite" time="0">
          <skipped></skipped>
      </testcase>
[...]
          <skipped></skipped>
      </testcase>
      <testcase name="[rfe_id:1177][crit:medium][vendor:cnv-qe@redhat.com][level:component][sig-compute]VirtualMachine A valid VirtualMachine given [test_id:1528]should survive guest shutdown, multiple times" classname="Tests Suite" time="0">
          <skipped></skipped>
      </testcase>
      <testcase name="[rfe_id:1177][crit:medium][vendor:cnv-qe@redhat.com][level:component][sig-compute]VirtualMachine A valid VirtualMachine given should always have updated vm revision when starting vm" classname="Tests Suite" time="0">
          <skipped></skipped>
      </testcase>
      <testcase name="[rfe_id:1177][crit:medium][vendor:cnv-qe@redhat.com][level:component][sig-compute]VirtualMachine A valid VirtualMachine given [test_id:4645]should set the Ready condition on VM" classname="Tests Suite" time="0">
          <skipped></skipped>
      </testcase>
      <testcase name="[rfe_id:1177][crit:medium][vendor:cnv-qe@redhat.com][level:component][sig-compute]VirtualMachine A valid VirtualMachine given should report an error status [test_id:6867] when VM scheduling error occurs with unsatisfiable resource requirements" classname="Tests Suite" time="0">
          <skipped></skipped>
      </testcase>
      <testcase name="[rfe_id:1177][crit:medium][vendor:cnv-qe@redhat.com][level:component][sig-compute]VirtualMachine A valid VirtualMachine given should report an error status [test_id:6868] when VM scheduling error occurs with unsatisfiable scheduling constraints" classname="Tests Suite" time="0">
          <skipped></skipped>
      </testcase>
      <testcase name="[rfe_id:1177][crit:medium][vendor:cnv-qe@redhat.com][level:component][sig-compute]VirtualMachine A valid VirtualMachine given should report an error status [test_id:7596] when a VM with a missing PVC is started" classname="Tests Suite" time="0">
          <skipped></skipped>
      </testcase>
      <testcase name="[rfe_id:1177][crit:medium][vendor:cnv-qe@redhat.com][level:component][sig-compute]VirtualMachine A valid VirtualMachine given should report an error status [test_id:7597] when a VM with a missing DV is started" classname="Tests Suite" time="0">
          <skipped></skipped>
      </testcase>
      <testcase name="[rfe_id:1177][crit:medium][vendor:cnv-qe@redhat.com][level:component][sig-compute]VirtualMachine A valid VirtualMachine given [test_id:6869]should report an error status when image pull error occurs" classname="Tests Suite" time="0">
          <skipped></skipped>
      </testcase>
      <testcase name="[rfe_id:1177][crit:medium][vendor:cnv-qe@redhat.com][level:component][sig-compute]VirtualMachine A valid VirtualMachine given [test_id:7679]should report an error status when data volume error occurs" classname="Tests Suite" time="0">
          <skipped></skipped>
      </testcase>
      <testcase name="[rfe_id:1177][crit:medium][vendor:cnv-qe@redhat.com][level:component][sig-compute]VirtualMachine A valid VirtualMachine given should stop a running VM [test_id:3163]with RunStrategyAlways" classname="Tests Suite" time="0">
          <skipped></skipped>
      </testcase>
      <testcase name="[rfe_id:1177][crit:medium][vendor:cnv-qe@redhat.com][level:component][sig-compute]VirtualMachine A valid VirtualMachine given should stop a running VM [test_id:2186]with RunStrategyRerunOnFailure" classname="Tests Suite" time="0">
          <skipped></skipped>
      </testcase>
      <testcase name="[rfe_id:1177][crit:medium][vendor:cnv-qe@redhat.com][level:component][sig-compute]VirtualMachine A valid VirtualMachine given should stop a running VM [test_id:2189]with RunStrategyManual" classname="Tests Suite" time="0">
          <skipped></skipped>
      </testcase>
      <testcase name="[rfe_id:1177][crit:medium][vendor:cnv-qe@redhat.com][level:component][sig-compute]VirtualMachine A valid VirtualMachine given should restart a running VM [test_id:3164]with RunStrategyAlways" classname="Tests Suite" time="0">
          <skipped></skipped>
      </testcase>
      <testcase name="[rfe_id:1177][crit:medium][vendor:cnv-qe@redhat.com][level:component][sig-compute]VirtualMachine A valid VirtualMachine given should restart a running VM [test_id:2187]with RunStrategyRerunOnFailure" classname="Tests Suite" time="0">
          <skipped></skipped>
      </testcase>
      <testcase name="[rfe_id:1177][crit:medium][vendor:cnv-qe@redhat.com][level:component][sig-compute]VirtualMachine A valid VirtualMachine given should restart a running VM [test_id:2035]with RunStrategyManual" classname="Tests Suite" time="0">
          <skipped></skipped>
      </testcase>
      <testcase name="[rfe_id:1177][crit:medium][vendor:cnv-qe@redhat.com][level:component][sig-compute]VirtualMachine A valid VirtualMachine given should start a stopped VM [test_id:2036]with RunStrategyManual" classname="Tests Suite" time="0">
          <skipped></skipped>
      </testcase>
      <testcase name="[rfe_id:1177][crit:medium][vendor:cnv-qe@redhat.com][level:component][sig-compute]VirtualMachine A valid VirtualMachine given should start a stopped VM [test_id:2037]with RunStrategyHalted" classname="Tests Suite" time="0">
          <skipped></skipped>
      </testcase>
      <testcase name="[rfe_id:1177][crit:medium][vendor:cnv-qe@redhat.com][level:component][sig-compute]VirtualMachine A valid VirtualMachine given should not remove a succeeded VMI with RunStrategyOnce" classname="Tests Suite" time="0">
          <skipped></skipped>
      </testcase>
      <testcase name="[rfe_id:1177][crit:medium][vendor:cnv-qe@redhat.com][level:component][sig-compute]VirtualMachine A valid VirtualMachine given should not remove a succeeded VMI [test_id:2190] with RunStrategyManual" classname="Tests Suite" time="0">
          <skipped></skipped>
      </testcase>
      <testcase name="[rfe_id:1177][crit:medium][vendor:cnv-qe@redhat.com][level:component][sig-compute]VirtualMachine A valid VirtualMachine given [test_id:6311]should start in paused state using RunStrategyManual" classname="Tests Suite" time="0">
          <skipped></skipped>
      </testcase>
      <testcase name="[rfe_id:1177][crit:medium][vendor:cnv-qe@redhat.com][level:component][sig-compute]VirtualMachine A valid VirtualMachine given Using RunStrategyAlways [test_id:3165]should restart a succeeded VMI" classname="Tests Suite" time="0">
          <skipped></skipped>
      </testcase>
      <testcase name="[rfe_id:1177][crit:medium][vendor:cnv-qe@redhat.com][level:component][sig-compute]VirtualMachine A valid VirtualMachine given Using RunStrategyAlways [test_id:4119]should migrate a running VM" classname="Tests Suite" time="0">
          <skipped></skipped>
      </testcase>
      <testcase name="[rfe_id:1177][crit:medium][vendor:cnv-qe@redhat.com][level:component][sig-compute]VirtualMachine A valid VirtualMachine given Using RunStrategyAlways [test_id:7743]should not migrate a running vm if dry-run option is passed" classname="Tests Suite" time="0">
          <skipped></skipped>
      </testcase>
      <testcase name="[rfe_id:1177][crit:medium][vendor:cnv-qe@redhat.com][level:component][sig-compute]VirtualMachine A valid VirtualMachine given Using RunStrategyRerunOnFailure [test_id:2188] should remove a succeeded VMI" classname="Tests Suite" time="0">
          <skipped></skipped>
      </testcase>
      <testcase name="[rfe_id:1177][crit:medium][vendor:cnv-qe@redhat.com][level:component][sig-compute]VirtualMachine A valid VirtualMachine given Using RunStrategyRerunOnFailure should restart a failed VMI" classname="Tests Suite" time="0">
          <skipped></skipped>
      </testcase>
      <testcase name="[rfe_id:1177][crit:medium][vendor:cnv-qe@redhat.com][level:component][sig-compute]VirtualMachine A valid VirtualMachine given Using RunStrategyOnce Should leave a failed VMI" classname="Tests Suite" time="0">
          <skipped></skipped>
      </testcase>
      <testcase name="[rfe_id:1177][crit:medium][vendor:cnv-qe@redhat.com][level:component][sig-compute]VirtualMachine A valid VirtualMachine given Using RunStrategyOnce with a failing VMI and the kubevirt.io/keep-launcher-alive-after-failure annotation [test_id:7164]VMI launcher pod should fail" classname="Tests Suite" time="0">
          <skipped></skipped>
      </testcase>
      <testcase name="[rfe_id:1177][crit:medium][vendor:cnv-qe@redhat.com][level:component][sig-compute]VirtualMachine A valid VirtualMachine given Using RunStrategyOnce with a failing VMI and the kubevirt.io/keep-launcher-alive-after-failure annotation [test_id:6993]VMI launcher pod compute container should keep running" classname="Tests Suite" time="0">
          <skipped></skipped>
      </testcase>
      <testcase name="[rfe_id:1177][crit:medium][vendor:cnv-qe@redhat.com][level:component][sig-compute]VirtualMachine [rfe_id:273]with oc/kubectl [release-blocker][test_id:299]should create VM via command line using all supported API versions with v1 api" classname="Tests Suite" time="0">
          <skipped></skipped>
      </testcase>
      <testcase name="[rfe_id:1177][crit:medium][vendor:cnv-qe@redhat.com][level:component][sig-compute]VirtualMachine [rfe_id:273]with oc/kubectl [release-blocker][test_id:299]should create VM via command line using all supported API versions with v1alpha3 api" classname="Tests Suite" time="0">
          <skipped></skipped>
      </testcase>
      <testcase name="[rfe_id:1177][crit:medium][vendor:cnv-qe@redhat.com][level:component][sig-compute]VirtualMachine [rfe_id:273]with oc/kubectl [test_id:264]should create and delete a VM" classname="Tests Suite" time="0">
          <skipped></skipped>
      </testcase>
      <testcase name="[rfe_id:1177][crit:medium][vendor:cnv-qe@redhat.com][level:component][sig-compute]VirtualMachine [rfe_id:273]with oc/kubectl should not change anything if dry-run option is passed [test_id:7530]when starting a VM" classname="Tests Suite" time="0">
          <skipped></skipped>
      </testcase>
      <testcase name="[rfe_id:1177][crit:medium][vendor:cnv-qe@redhat.com][level:component][sig-compute]VirtualMachine [rfe_id:273]with oc/kubectl should not change anything if dry-run option is passed when stopping a VM [test_id:7529]with no other flags" classname="Tests Suite" time="0">
          <skipped></skipped>
      </testcase>
      <testcase name="[rfe_id:1177][crit:medium][vendor:cnv-qe@redhat.com][level:component][sig-compute]VirtualMachine [rfe_id:273]with oc/kubectl should not change anything if dry-run option is passed when stopping a VM [test_id:7604]with grace period" classname="Tests Suite" time="0">
          <skipped></skipped>
      </testcase>
      <testcase name="[rfe_id:1177][crit:medium][vendor:cnv-qe@redhat.com][level:component][sig-compute]VirtualMachine [rfe_id:273]with oc/kubectl should not change anything if dry-run option is passed [test_id:7528]when restarting a VM" classname="Tests Suite" time="0">
          <skipped></skipped>
      </testcase>
      <testcase name="[rfe_id:1177][crit:medium][vendor:cnv-qe@redhat.com][level:component][sig-compute]VirtualMachine crash loop backoff should backoff attempting to create a new VMI when &#39;runStrategy: Always&#39; during crash loop." classname="Tests Suite" time="0">
          <skipped></skipped>
      </testcase>
      <testcase name="[rfe_id:1177][crit:medium][vendor:cnv-qe@redhat.com][level:component][sig-compute]VirtualMachine crash loop backoff should be able to stop a VM during crashloop backoff when when &#39;runStrategy: Always&#39; is set" classname="Tests Suite" time="0">
          <skipped></skipped>
      </testcase>
      <testcase name="[rfe_id:1177][crit:medium][vendor:cnv-qe@redhat.com][level:component][sig-compute]VirtualMachine VirtualMachineControllerFinalizer should be added when the vm is created and removed when the vm is being deleted" classname="Tests Suite" time="0">
          <skipped></skipped>
      </testcase>
      <testcase name="[rfe_id:1177][crit:medium][vendor:cnv-qe@redhat.com][level:component][sig-compute]VirtualMachine VirtualMachineControllerFinalizer should be removed when the vm has child resources, such as instance type ControllerRevisions, that have been deleted before the vm - issue #9438" classname="Tests Suite" time="0">
          <skipped></skipped>
      </testcase>
      <testcase name="[crit:medium][vendor:cnv-qe@redhat.com][level:component][sig-compute]Soft reboot soft reboot vmi with agent connected should succeed" classname="Tests Suite" time="0">
          <skipped></skipped>
      </testcase>
      <testcase name="[crit:medium][vendor:cnv-qe@redhat.com][level:component][sig-compute]Soft reboot soft reboot vmi with ACPI feature enabled should succeed" classname="Tests Suite" time="0">
          <skipped></skipped>
      </testcase>
      <testcase name="[crit:medium][vendor:cnv-qe@redhat.com][level:component][sig-compute]Soft reboot soft reboot vmi neither have the agent connected nor the ACPI feature enabled should fail" classname="Tests Suite" time="0">
          <skipped></skipped>
      </testcase>
      <testcase name="[crit:medium][vendor:cnv-qe@redhat.com][level:component][sig-compute]Soft reboot soft reboot vmi should fail to soft reboot a paused vmi" classname="Tests Suite" time="0">
          <skipped></skipped>
      </testcase>
      <testcase name="[rfe_id:588][crit:medium][vendor:cnv-qe@redhat.com][level:component][sig-compute]VirtualMachineInstanceReplicaSet [rfe_id:588][crit:medium][vendor:cnv-qe@redhat.com][level:component]should scale [test_id:1405]to three, to two and then to zero replicas" classname="Tests Suite" time="0">
          <skipped></skipped>
      </testcase>
      <testcase name="[rfe_id:588][crit:medium][vendor:cnv-qe@redhat.com][level:component][sig-compute]VirtualMachineInstanceReplicaSet [rfe_id:588][crit:medium][vendor:cnv-qe@redhat.com][level:component]should scale [test_id:1406]to five, to six and then to zero replicas" classname="Tests Suite" time="0">
          <skipped></skipped>
      </testcase>
      <testcase name="[rfe_id:588][crit:medium][vendor:cnv-qe@redhat.com][level:component][sig-compute]VirtualMachineInstanceReplicaSet [rfe_id:588][crit:medium][vendor:cnv-qe@redhat.com][level:component]should scale with scale subresource [test_id:1407]to three, to two and then to zero replicas" classname="Tests Suite" time="0">
          <skipped></skipped>
      </testcase>
      <testcase name="[rfe_id:588][crit:medium][vendor:cnv-qe@redhat.com][level:component][sig-compute]VirtualMachineInstanceReplicaSet [rfe_id:588][crit:medium][vendor:cnv-qe@redhat.com][level:component]should scale with scale subresource [test_id:1408]to five, to six and then to zero replicas" classname="Tests Suite" time="0">
          <skipped></skipped>
      </testcase>
      <testcase name="[rfe_id:588][crit:medium][vendor:cnv-qe@redhat.com][level:component][sig-compute]VirtualMachineInstanceReplicaSet [rfe_id:588][crit:medium][vendor:cnv-qe@redhat.com][level:component]should scale with the horizontal pod autoscaler [test_id:1409]to three, to two and then to one replicas" classname="Tests Suite" time="0">
          <skipped></skipped>
      </testcase>
      <testcase name="[rfe_id:588][crit:medium][vendor:cnv-qe@redhat.com][level:component][sig-compute]VirtualMachineInstanceReplicaSet [rfe_id:588][crit:medium][vendor:cnv-qe@redhat.com][level:component]should scale with the horizontal pod autoscaler [test_id:1410]to five, to six and then to one replicas" classname="Tests Suite" time="0">
          <skipped></skipped>
      </testcase>
      <testcase name="[rfe_id:588][crit:medium][vendor:cnv-qe@redhat.com][level:component][sig-compute]VirtualMachineInstanceReplicaSet [test_id:1411]should be rejected on POST if spec is invalid" classname="Tests Suite" time="0">
          <skipped></skipped>
      </testcase>
      <testcase name="[rfe_id:588][crit:medium][vendor:cnv-qe@redhat.com][level:component][sig-compute]VirtualMachineInstanceReplicaSet [test_id:1412]should reject POST if validation webhoook deems the spec is invalid" classname="Tests Suite" time="0">
          <skipped></skipped>
      </testcase>
      <testcase name="[rfe_id:588][crit:medium][vendor:cnv-qe@redhat.com][level:component][sig-compute]VirtualMachineInstanceReplicaSet [test_id:1413]should update readyReplicas once VMIs are up" classname="Tests Suite" time="0">
          <skipped></skipped>
      </testcase>
      <testcase name="[rfe_id:588][crit:medium][vendor:cnv-qe@redhat.com][level:component][sig-compute]VirtualMachineInstanceReplicaSet [test_id:1414]should return the correct data when using server-side printing" classname="Tests Suite" time="0">
          <skipped></skipped>
      </testcase>
      <testcase name="[rfe_id:588][crit:medium][vendor:cnv-qe@redhat.com][level:component][sig-compute]VirtualMachineInstanceReplicaSet [test_id:1415]should remove VMIs once they are marked for deletion" classname="Tests Suite" time="0">
          <skipped></skipped>
      </testcase>
      <testcase name="[rfe_id:588][crit:medium][vendor:cnv-qe@redhat.com][level:component][sig-compute]VirtualMachineInstanceReplicaSet [test_id:1416]should remove owner references on the VirtualMachineInstance if it is orphan deleted" classname="Tests Suite" time="0">
          <skipped></skipped>
      </testcase>
      <testcase name="[rfe_id:588][crit:medium][vendor:cnv-qe@redhat.com][level:component][sig-compute]VirtualMachineInstanceReplicaSet [test_id:1417]should not scale when paused and scale when resume" classname="Tests Suite" time="0">
          <skipped></skipped>
      </testcase>
      <testcase name="[rfe_id:588][crit:medium][vendor:cnv-qe@redhat.com][level:component][sig-compute]VirtualMachineInstanceReplicaSet [test_id:1418] should replace finished VMIs" classname="Tests Suite" time="0">
          <skipped></skipped>
      </testcase>
      <testcase name="[rfe_id:588][crit:medium][vendor:cnv-qe@redhat.com][level:component][sig-compute]VirtualMachineInstanceReplicaSet should replace a VMI immediately when a virt-launcher pod gets deleted" classname="Tests Suite" time="0">
          <skipped></skipped>
      </testcase>
      <testcase name="[rfe_id:588][crit:medium][vendor:cnv-qe@redhat.com][level:component][sig-compute]VirtualMachineInstanceReplicaSet [test_id:4121]should create and verify kubectl/oc output for vm replicaset" classname="Tests Suite" time="0">
          <skipped></skipped>
      </testcase>
      <testcase name="[rfe_id:393][crit:high][vendor:cnv-qe@redhat.com][level:system][sig-compute] VM Post Copy Live Migration Starting a VirtualMachineInstance  migration postcopy with datavolume [test_id:5004] should be migrated successfully, using guest agent on VM with postcopy" classname="Tests Suite" time="190.528122787">
          <failure type="Failure">tests/migration/postcopy.go:130&#xA;Timed out after 180.000s.&#xA;Timed out waiting for VMI testvmi-2lrbx to enter [Running] phase(s)&#xA;Expected&#xA;    &lt;v1.VirtualMachineInstancePhase&gt;: Pending&#xA;to be an element of&#xA;    &lt;[]v1.VirtualMachineInstancePhase | len:1, cap:1&gt;: [&#34;Running&#34;]&#xA;tests/libwait/wait.go:76</failure>
          <system-out>W0422 10:05:19.273289  468421 warnings.go:70] metadata.finalizers: &#34;foregroundDeleteVirtualMachine&#34;: prefer a domain-qualified finalizer name to avoid accidental conflicts with other finalizer writers&#xA;skipping vmi kubevirt-test-privileged3/testvmi-2lrbx: phase is not Running&#xA;skipping vmi kubevirt-test-privileged3/testvmi-2lrbx: phase is not Running&#xA;&#xA;On failure, artifacts will be collected in /logs/artifacts/k8s-reporter/3/2_*&#xA;Global test cleanup started.&#xA;Global test cleanup ended.&#xA;</system-out>
      </testcase>
  </testsuite>